[2026-05-28 16:10:18] 
[2026-05-28 16:10:18] === Pre-flight Checklist ===✈
[2026-05-28 16:10:18] [INFO] Device set to: cuda
[2026-05-28 16:11:11] [INFO] Dataset loaded. Training samples: 21 | Validation samples: 3
[2026-05-28 16:11:12] [INFO] MONAI 3D UNet Initialized. Total params: 4,822,057
[2026-05-28 16:11:12] [INFO] Criterion: MONAI DiceCELoss(to_onehot_y=True, softmax=True, include_background=False)
[2026-05-28 16:11:12] [INFO] Optimizer configured: AdamW (lr=0.0003, weight_decay=1e-5)
[2026-05-28 16:11:12] [INFO] Scheduler: ReduceLROnPlateau (factor=0.8, patience=10)
[2026-05-28 16:11:12] [INFO] Early Stopping configured. Patience: 50 epochs, max_epochs: 1000
[2026-05-28 16:11:12] ============================
[2026-05-28 16:11:12] 
[2026-05-28 16:11:12] 
===== Training Started ====✈

[2026-05-28 16:11:12] ==========================================================
[2026-05-28 16:11:24] [Epoch 001/1000] | Train Loss: 3.7398  |   Time    : 0m 12s | ETA: 3h 26m 04s
[2026-05-28 16:11:34] [Epoch 002/1000] | Train Loss: 3.1324  |   Time    : 0m 10s | ETA: 3h 07m 05s
[2026-05-28 16:11:45] [Epoch 003/1000] | Train Loss: 2.6900  |   Time    : 0m 10s | ETA: 3h 02m 49s
[2026-05-28 16:11:55] [Epoch 004/1000] | Train Loss: 2.2713  |   Time    : 0m 09s | ETA: 2h 56m 56s
[2026-05-28 16:12:24] ----------------------------------------------------------
[2026-05-28 16:12:24] [Epoch 005/1000] | Train Loss: 1.9481  |   Time    : 0m 29s | ETA: 4h 00m 25s
[2026-05-28 16:12:24]    Lr : 0.000300 |  Val Loss: 1.5836   | Val Dice  : 0.0152
[2026-05-28 16:12:24] ==========================================================
[2026-05-28 16:12:24] [SAVE] New best record ： 1.52% ! Model saved!
[2026-05-28 16:12:24] 
[2026-05-28 16:12:24] ==========================================================
[2026-05-28 16:12:35] [Epoch 006/1000] | Train Loss: 1.7891  |   Time    : 0m 10s | ETA: 3h 49m 35s
[2026-05-28 16:12:45] [Epoch 007/1000] | Train Loss: 1.6649  |   Time    : 0m 09s | ETA: 3h 38m 48s
[2026-05-28 16:12:55] [Epoch 008/1000] | Train Loss: 1.6561  |   Time    : 0m 10s | ETA: 3h 31m 57s
[2026-05-28 16:13:04] [Epoch 009/1000] | Train Loss: 1.6065  |   Time    : 0m 08s | ETA: 3h 24m 30s
[2026-05-28 16:13:17] ----------------------------------------------------------
[2026-05-28 16:13:17] [Epoch 010/1000] | Train Loss: 1.5865  |   Time    : 0m 12s | ETA: 3h 25m 05s
[2026-05-28 16:13:17]    Lr : 0.000300 |  Val Loss: 1.2755   | Val Dice  : 0.0290
[2026-05-28 16:13:17] ==========================================================
[2026-05-28 16:13:17] [SAVE] New best record ： 2.90% ! Model saved!
[2026-05-28 16:13:17] 
[2026-05-28 16:13:17] ==========================================================
[2026-05-28 16:13:27] [Epoch 011/1000] | Train Loss: 1.5702  |   Time    : 0m 10s | ETA: 3h 21m 56s
[2026-05-28 16:13:37] [Epoch 012/1000] | Train Loss: 1.5818  |   Time    : 0m 10s | ETA: 3h 18m 46s
[2026-05-28 16:13:47] [Epoch 013/1000] | Train Loss: 1.5101  |   Time    : 0m 09s | ETA: 3h 15m 11s
