[2026-05-28 12:34:37] 
[2026-05-28 12:34:37] === Pre-flight Checklist ===✈
[2026-05-28 12:34:37] [INFO] Device set to: cuda
[2026-05-28 12:35:42] [INFO] Dataset loaded. Training samples: 21 | Validation samples: 3
[2026-05-28 12:35:42] [INFO] MONAI 3D UNet Initialized. Total params: 4,822,057
[2026-05-28 12:35:42] [INFO] Criterion: MONAI DiceCELoss(to_onehot_y=True, softmax=True, include_background=False)
[2026-05-28 12:35:42] [INFO] Optimizer configured: AdamW (lr=0.0003, weight_decay=1e-5)
[2026-05-28 12:35:42] [INFO] Scheduler: ReduceLROnPlateau (factor=0.8, patience=10)
[2026-05-28 12:35:42] [INFO] Early Stopping configured. Patience: 50 epochs, max_epochs: 1000
[2026-05-28 12:35:42] ============================
[2026-05-28 12:35:42] 
[2026-05-28 12:35:42] 
===== Training Started ====✈

[2026-05-28 12:35:42] ==========================================================
[2026-05-28 12:35:52] [Epoch 001/1000] | Train Loss: 3.6415  |   Time    : 0m 09s | ETA: 2h 36m 40s
[2026-05-28 12:36:01] [Epoch 002/1000] | Train Loss: 3.0794  |   Time    : 0m 08s | ETA: 2h 32m 26s
[2026-05-28 12:36:10] [Epoch 003/1000] | Train Loss: 2.6377  |   Time    : 0m 09s | ETA: 2h 34m 27s
[2026-05-28 12:36:20] [Epoch 004/1000] | Train Loss: 2.2577  |   Time    : 0m 10s | ETA: 2h 37m 19s
[2026-05-28 12:36:42] ----------------------------------------------------------
[2026-05-28 12:36:42] [Epoch 005/1000] | Train Loss: 1.9249  |   Time    : 0m 21s | ETA: 3h 15m 48s
[2026-05-28 12:36:42]   Lr : 0.000300 |  Val Loss: 1.6132   | Val Dice  : 0.0190
[2026-05-28 12:36:42] ==========================================================
[2026-05-28 12:36:42] [SAVE] New best record ： 1.90% ! Model saved!
[2026-05-28 12:36:42] 
[2026-05-28 12:36:42] ==========================================================
[2026-05-28 12:36:51] [Epoch 006/1000] | Train Loss: 1.7578  |   Time    : 0m 08s | ETA: 3h 07m 08s
[2026-05-28 12:36:59] [Epoch 007/1000] | Train Loss: 1.5795  |   Time    : 0m 08s | ETA: 3h 01m 11s
[2026-05-28 12:37:09] [Epoch 008/1000] | Train Loss: 1.5978  |   Time    : 0m 09s | ETA: 2h 58m 30s
[2026-05-28 12:37:18] [Epoch 009/1000] | Train Loss: 1.6081  |   Time    : 0m 09s | ETA: 2h 55m 08s
[2026-05-28 12:37:33] ----------------------------------------------------------
[2026-05-28 12:37:33] [Epoch 010/1000] | Train Loss: 1.5893  |   Time    : 0m 14s | ETA: 3h 01m 03s
[2026-05-28 12:37:33]   Lr : 0.000300 |  Val Loss: 1.2698   | Val Dice  : 0.0134
[2026-05-28 12:37:33] ==========================================================
[2026-05-28 12:37:33] [WARN] No improvement. Patience: 1/50
[2026-05-28 12:37:33] 
[2026-05-28 12:37:33] ==========================================================
[2026-05-28 12:37:42] [Epoch 011/1000] | Train Loss: 1.5167  |   Time    : 0m 09s | ETA: 2h 58m 34s
[2026-05-28 12:37:53] [Epoch 012/1000] | Train Loss: 1.5222  |   Time    : 0m 10s | ETA: 2h 57m 59s
[2026-05-28 12:38:02] [Epoch 013/1000] | Train Loss: 1.5156  |   Time    : 0m 09s | ETA: 2h 56m 01s
[2026-05-28 12:38:12] [Epoch 014/1000] | Train Loss: 1.5019  |   Time    : 0m 09s | ETA: 2h 54m 15s
[2026-05-28 12:38:25] ----------------------------------------------------------
[2026-05-28 12:38:25] [Epoch 015/1000] | Train Loss: 1.4602  |   Time    : 0m 13s | ETA: 2h 57m 20s
[2026-05-28 12:38:25]   Lr : 0.000300 |  Val Loss: 1.2107   | Val Dice  : 0.0496
[2026-05-28 12:38:25] ==========================================================
[2026-05-28 12:38:26] [SAVE] New best record ： 4.96% ! Model saved!
[2026-05-28 12:38:26] 
[2026-05-28 12:38:26] ==========================================================
[2026-05-28 12:38:35] [Epoch 016/1000] | Train Loss: 1.4517  |   Time    : 0m 09s | ETA: 2h 56m 02s
[2026-05-28 12:38:46] [Epoch 017/1000] | Train Loss: 1.4568  |   Time    : 0m 10s | ETA: 2h 55m 34s
[2026-05-28 12:38:55] [Epoch 018/1000] | Train Loss: 1.4649  |   Time    : 0m 08s | ETA: 2h 53m 36s
[2026-05-28 12:39:03] [Epoch 019/1000] | Train Loss: 1.4017  |   Time    : 0m 08s | ETA: 2h 51m 28s
[2026-05-28 12:39:16] ----------------------------------------------------------
[2026-05-28 12:39:16] [Epoch 020/1000] | Train Loss: 1.4175  |   Time    : 0m 12s | ETA: 2h 53m 09s
[2026-05-28 12:39:16]   Lr : 0.000300 |  Val Loss: 1.1595   | Val Dice  : 0.0562
[2026-05-28 12:39:16] ==========================================================
[2026-05-28 12:39:16] [SAVE] New best record ： 5.62% ! Model saved!
[2026-05-28 12:39:16] 
[2026-05-28 12:39:16] ==========================================================
[2026-05-28 12:39:27] [Epoch 021/1000] | Train Loss: 1.4184  |   Time    : 0m 10s | ETA: 2h 52m 54s
[2026-05-28 12:39:36] [Epoch 022/1000] | Train Loss: 1.4631  |   Time    : 0m 09s | ETA: 2h 52m 11s
[2026-05-28 12:39:47] [Epoch 023/1000] | Train Loss: 1.4463  |   Time    : 0m 09s | ETA: 2h 51m 35s
[2026-05-28 12:39:55] [Epoch 024/1000] | Train Loss: 1.3993  |   Time    : 0m 08s | ETA: 2h 49m 53s
[2026-05-28 12:40:07] ----------------------------------------------------------
[2026-05-28 12:40:07] [Epoch 025/1000] | Train Loss: 1.3630  |   Time    : 0m 11s | ETA: 2h 50m 39s
[2026-05-28 12:40:07]   Lr : 0.000300 |  Val Loss: 1.1479   | Val Dice  : 0.0569
[2026-05-28 12:40:07] ==========================================================
[2026-05-28 12:40:07] [SAVE] New best record ： 5.69% ! Model saved!
[2026-05-28 12:40:07] 
[2026-05-28 12:40:07] ==========================================================
[2026-05-28 12:40:16] [Epoch 026/1000] | Train Loss: 1.3462  |   Time    : 0m 09s | ETA: 2h 49m 51s
[2026-05-28 12:40:26] [Epoch 027/1000] | Train Loss: 1.4730  |   Time    : 0m 09s | ETA: 2h 49m 21s
[2026-05-28 12:40:36] [Epoch 028/1000] | Train Loss: 1.4669  |   Time    : 0m 09s | ETA: 2h 48m 37s
[2026-05-28 12:40:47] [Epoch 029/1000] | Train Loss: 1.4179  |   Time    : 0m 11s | ETA: 2h 48m 53s
[2026-05-28 12:41:01] ----------------------------------------------------------
[2026-05-28 12:41:01] [Epoch 030/1000] | Train Loss: 1.3727  |   Time    : 0m 13s | ETA: 2h 50m 12s
[2026-05-28 12:41:01]   Lr : 0.000300 |  Val Loss: 1.1400   | Val Dice  : 0.0550
[2026-05-28 12:41:01] ==========================================================
[2026-05-28 12:41:01] [WARN] No improvement. Patience: 1/50
[2026-05-28 12:41:01] 
[2026-05-28 12:41:01] ==========================================================
[2026-05-28 12:41:11] [Epoch 031/1000] | Train Loss: 1.3920  |   Time    : 0m 10s | ETA: 2h 50m 00s
[2026-05-28 12:41:22] [Epoch 032/1000] | Train Loss: 1.4353  |   Time    : 0m 10s | ETA: 2h 49m 57s
[2026-05-28 12:41:33] [Epoch 033/1000] | Train Loss: 1.3548  |   Time    : 0m 10s | ETA: 2h 49m 52s
[2026-05-28 12:41:42] [Epoch 034/1000] | Train Loss: 1.3355  |   Time    : 0m 09s | ETA: 2h 49m 08s
[2026-05-28 12:41:55] ----------------------------------------------------------
[2026-05-28 12:41:55] [Epoch 035/1000] | Train Loss: 1.3742  |   Time    : 0m 13s | ETA: 2h 50m 09s
[2026-05-28 12:41:55]   Lr : 0.000300 |  Val Loss: 1.1165   | Val Dice  : 0.0596
[2026-05-28 12:41:55] ==========================================================
[2026-05-28 12:41:55] [SAVE] New best record ： 5.96% ! Model saved!
[2026-05-28 12:41:55] 
[2026-05-28 12:41:55] ==========================================================
[2026-05-28 12:42:06] [Epoch 036/1000] | Train Loss: 1.3645  |   Time    : 0m 10s | ETA: 2h 49m 53s
[2026-05-28 12:42:16] [Epoch 037/1000] | Train Loss: 1.4086  |   Time    : 0m 09s | ETA: 2h 49m 20s
[2026-05-28 12:42:26] [Epoch 038/1000] | Train Loss: 1.3747  |   Time    : 0m 09s | ETA: 2h 48m 53s
[2026-05-28 12:42:36] [Epoch 039/1000] | Train Loss: 1.3634  |   Time    : 0m 10s | ETA: 2h 48m 38s
[2026-05-28 12:42:50] ----------------------------------------------------------
[2026-05-28 12:42:50] [Epoch 040/1000] | Train Loss: 1.3313  |   Time    : 0m 13s | ETA: 2h 49m 35s
[2026-05-28 12:42:50]   Lr : 0.000300 |  Val Loss: 1.0997   | Val Dice  : 0.0620
[2026-05-28 12:42:50] ==========================================================
[2026-05-28 12:42:50] [SAVE] New best record ： 6.20% ! Model saved!
[2026-05-28 12:42:50] 
[2026-05-28 12:42:50] ==========================================================
[2026-05-28 12:43:00] [Epoch 041/1000] | Train Loss: 1.3316  |   Time    : 0m 10s | ETA: 2h 49m 21s
[2026-05-28 12:43:09] [Epoch 042/1000] | Train Loss: 1.3368  |   Time    : 0m 08s | ETA: 2h 48m 31s
[2026-05-28 12:43:19] [Epoch 043/1000] | Train Loss: 1.3581  |   Time    : 0m 09s | ETA: 2h 47m 58s
[2026-05-28 12:43:28] [Epoch 044/1000] | Train Loss: 1.3757  |   Time    : 0m 09s | ETA: 2h 47m 21s
[2026-05-28 12:43:40] ----------------------------------------------------------
[2026-05-28 12:43:40] [Epoch 045/1000] | Train Loss: 1.3855  |   Time    : 0m 11s | ETA: 2h 47m 42s
[2026-05-28 12:43:40]   Lr : 0.000300 |  Val Loss: 1.0982   | Val Dice  : 0.0675
[2026-05-28 12:43:40] ==========================================================
[2026-05-28 12:43:40] [SAVE] New best record ： 6.75% ! Model saved!
[2026-05-28 12:43:40] 
[2026-05-28 12:43:40] ==========================================================
[2026-05-28 12:43:50] [Epoch 046/1000] | Train Loss: 1.3243  |   Time    : 0m 09s | ETA: 2h 47m 09s
[2026-05-28 12:44:00] [Epoch 047/1000] | Train Loss: 1.4023  |   Time    : 0m 09s | ETA: 2h 46m 44s
[2026-05-28 12:44:10] [Epoch 048/1000] | Train Loss: 1.3482  |   Time    : 0m 10s | ETA: 2h 46m 24s
[2026-05-28 12:44:19] [Epoch 049/1000] | Train Loss: 1.2901  |   Time    : 0m 09s | ETA: 2h 45m 51s
[2026-05-28 12:44:31] ----------------------------------------------------------
[2026-05-28 12:44:31] [Epoch 050/1000] | Train Loss: 1.2846  |   Time    : 0m 12s | ETA: 2h 46m 13s
[2026-05-28 12:44:31]   Lr : 0.000300 |  Val Loss: 1.1173   | Val Dice  : 0.0530
[2026-05-28 12:44:31] ==========================================================
[2026-05-28 12:44:31] [WARN] No improvement. Patience: 1/50
[2026-05-28 12:44:31] 
[2026-05-28 12:44:31] ==========================================================
[2026-05-28 12:44:41] [Epoch 051/1000] | Train Loss: 1.3635  |   Time    : 0m 09s | ETA: 2h 45m 46s
[2026-05-28 12:44:50] [Epoch 052/1000] | Train Loss: 1.2955  |   Time    : 0m 09s | ETA: 2h 45m 12s
[2026-05-28 12:44:59] [Epoch 053/1000] | Train Loss: 1.2877  |   Time    : 0m 08s | ETA: 2h 44m 32s
[2026-05-28 12:45:08] [Epoch 054/1000] | Train Loss: 1.2931  |   Time    : 0m 09s | ETA: 2h 43m 57s
[2026-05-28 12:45:22] ----------------------------------------------------------
[2026-05-28 12:45:22] [Epoch 055/1000] | Train Loss: 1.3059  |   Time    : 0m 13s | ETA: 2h 44m 38s
[2026-05-28 12:45:22]   Lr : 0.000300 |  Val Loss: 1.0692   | Val Dice  : 0.1015
[2026-05-28 12:45:22] ==========================================================
[2026-05-28 12:45:22] [SAVE] New best record ： 10.15% ! Model saved!
[2026-05-28 12:45:22] 
[2026-05-28 12:45:22] ==========================================================
[2026-05-28 12:45:32] [Epoch 056/1000] | Train Loss: 1.3341  |   Time    : 0m 10s | ETA: 2h 44m 30s
[2026-05-28 12:45:41] [Epoch 057/1000] | Train Loss: 1.3103  |   Time    : 0m 08s | ETA: 2h 43m 48s
[2026-05-28 12:45:50] [Epoch 058/1000] | Train Loss: 1.2930  |   Time    : 0m 09s | ETA: 2h 43m 15s
[2026-05-28 12:46:00] [Epoch 059/1000] | Train Loss: 1.3151  |   Time    : 0m 09s | ETA: 2h 42m 58s
[2026-05-28 12:46:12] ----------------------------------------------------------
[2026-05-28 12:46:12] [Epoch 060/1000] | Train Loss: 1.2860  |   Time    : 0m 11s | ETA: 2h 43m 08s
[2026-05-28 12:46:12]   Lr : 0.000300 |  Val Loss: 1.0561   | Val Dice  : 0.1049
[2026-05-28 12:46:12] ==========================================================
[2026-05-28 12:46:12] [SAVE] New best record ： 10.49% ! Model saved!
[2026-05-28 12:46:12] 
[2026-05-28 12:46:12] ==========================================================
[2026-05-28 12:46:22] [Epoch 061/1000] | Train Loss: 1.3069  |   Time    : 0m 09s | ETA: 2h 42m 50s
[2026-05-28 12:46:31] [Epoch 062/1000] | Train Loss: 1.2939  |   Time    : 0m 08s | ETA: 2h 42m 14s
[2026-05-28 12:46:40] [Epoch 063/1000] | Train Loss: 1.2651  |   Time    : 0m 09s | ETA: 2h 41m 46s
[2026-05-28 12:46:49] [Epoch 064/1000] | Train Loss: 1.3024  |   Time    : 0m 08s | ETA: 2h 41m 14s
[2026-05-28 12:47:01] ----------------------------------------------------------
[2026-05-28 12:47:01] [Epoch 065/1000] | Train Loss: 1.2826  |   Time    : 0m 12s | ETA: 2h 41m 34s
[2026-05-28 12:47:01]   Lr : 0.000300 |  Val Loss: 1.0315   | Val Dice  : 0.1119
[2026-05-28 12:47:01] ==========================================================
[2026-05-28 12:47:01] [SAVE] New best record ： 11.19% ! Model saved!
[2026-05-28 12:47:01] 
[2026-05-28 12:47:01] ==========================================================
[2026-05-28 12:47:11] [Epoch 066/1000] | Train Loss: 1.2747  |   Time    : 0m 09s | ETA: 2h 41m 10s
[2026-05-28 12:47:21] [Epoch 067/1000] | Train Loss: 1.2817  |   Time    : 0m 10s | ETA: 2h 40m 56s
[2026-05-28 12:47:30] [Epoch 068/1000] | Train Loss: 1.2364  |   Time    : 0m 09s | ETA: 2h 40m 30s
[2026-05-28 12:47:40] [Epoch 069/1000] | Train Loss: 1.3070  |   Time    : 0m 09s | ETA: 2h 40m 05s
[2026-05-28 12:47:52] ----------------------------------------------------------
[2026-05-28 12:47:52] [Epoch 070/1000] | Train Loss: 1.2805  |   Time    : 0m 12s | ETA: 2h 40m 21s
[2026-05-28 12:47:52]   Lr : 0.000300 |  Val Loss: 1.0274   | Val Dice  : 0.1305
[2026-05-28 12:47:52] ==========================================================
[2026-05-28 12:47:52] [SAVE] New best record ： 13.05% ! Model saved!
[2026-05-28 12:47:52] 
[2026-05-28 12:47:52] ==========================================================
[2026-05-28 12:48:02] [Epoch 071/1000] | Train Loss: 1.2308  |   Time    : 0m 09s | ETA: 2h 40m 06s
[2026-05-28 12:48:12] [Epoch 072/1000] | Train Loss: 1.2495  |   Time    : 0m 09s | ETA: 2h 39m 48s
[2026-05-28 12:48:23] [Epoch 073/1000] | Train Loss: 1.2434  |   Time    : 0m 11s | ETA: 2h 39m 46s
[2026-05-28 12:48:33] [Epoch 074/1000] | Train Loss: 1.2143  |   Time    : 0m 10s | ETA: 2h 39m 35s
[2026-05-28 12:48:46] ----------------------------------------------------------
[2026-05-28 12:48:46] [Epoch 075/1000] | Train Loss: 1.2290  |   Time    : 0m 13s | ETA: 2h 39m 58s
[2026-05-28 12:48:46]   Lr : 0.000300 |  Val Loss: 0.9984   | Val Dice  : 0.1567
[2026-05-28 12:48:46] ==========================================================
[2026-05-28 12:48:46] [SAVE] New best record ： 15.67% ! Model saved!
[2026-05-28 12:48:46] 
[2026-05-28 12:48:46] ==========================================================
[2026-05-28 12:48:56] [Epoch 076/1000] | Train Loss: 1.2665  |   Time    : 0m 09s | ETA: 2h 39m 41s
[2026-05-28 12:49:08] [Epoch 077/1000] | Train Loss: 1.2119  |   Time    : 0m 11s | ETA: 2h 39m 40s
[2026-05-28 12:49:17] [Epoch 078/1000] | Train Loss: 1.2311  |   Time    : 0m 09s | ETA: 2h 39m 17s
[2026-05-28 12:49:26] [Epoch 079/1000] | Train Loss: 1.2227  |   Time    : 0m 09s | ETA: 2h 38m 55s
[2026-05-28 12:49:39] ----------------------------------------------------------
[2026-05-28 12:49:39] [Epoch 080/1000] | Train Loss: 1.2220  |   Time    : 0m 12s | ETA: 2h 39m 09s
[2026-05-28 12:49:39]   Lr : 0.000300 |  Val Loss: 0.9754   | Val Dice  : 0.1922
[2026-05-28 12:49:39] ==========================================================
[2026-05-28 12:49:39] [SAVE] New best record ： 19.22% ! Model saved!
[2026-05-28 12:49:39] 
[2026-05-28 12:49:39] ==========================================================
[2026-05-28 12:49:49] [Epoch 081/1000] | Train Loss: 1.1898  |   Time    : 0m 09s | ETA: 2h 38m 54s
[2026-05-28 12:49:58] [Epoch 082/1000] | Train Loss: 1.2223  |   Time    : 0m 08s | ETA: 2h 38m 27s
[2026-05-28 12:50:07] [Epoch 083/1000] | Train Loss: 1.2176  |   Time    : 0m 09s | ETA: 2h 38m 06s
[2026-05-28 12:50:17] [Epoch 084/1000] | Train Loss: 1.1843  |   Time    : 0m 09s | ETA: 2h 37m 45s
[2026-05-28 12:50:29] ----------------------------------------------------------
[2026-05-28 12:50:29] [Epoch 085/1000] | Train Loss: 1.2281  |   Time    : 0m 11s | ETA: 2h 37m 53s
[2026-05-28 12:50:29]   Lr : 0.000300 |  Val Loss: 0.9556   | Val Dice  : 0.2230
[2026-05-28 12:50:29] ==========================================================
[2026-05-28 12:50:29] [SAVE] New best record ： 22.30% ! Model saved!
[2026-05-28 12:50:29] 
[2026-05-28 12:50:29] ==========================================================
[2026-05-28 12:50:38] [Epoch 086/1000] | Train Loss: 1.2482  |   Time    : 0m 09s | ETA: 2h 37m 30s
[2026-05-28 12:50:47] [Epoch 087/1000] | Train Loss: 1.2010  |   Time    : 0m 08s | ETA: 2h 37m 05s
[2026-05-28 12:50:56] [Epoch 088/1000] | Train Loss: 1.1969  |   Time    : 0m 08s | ETA: 2h 36m 36s
[2026-05-28 12:51:06] [Epoch 089/1000] | Train Loss: 1.1672  |   Time    : 0m 10s | ETA: 2h 36m 24s
[2026-05-28 12:51:19] ----------------------------------------------------------
[2026-05-28 12:51:19] [Epoch 090/1000] | Train Loss: 1.1563  |   Time    : 0m 12s | ETA: 2h 36m 37s
[2026-05-28 12:51:19]   Lr : 0.000300 |  Val Loss: 0.9338   | Val Dice  : 0.2317
[2026-05-28 12:51:19] ==========================================================
[2026-05-28 12:51:19] [SAVE] New best record ： 23.17% ! Model saved!
[2026-05-28 12:51:19] 
[2026-05-28 12:51:19] ==========================================================
[2026-05-28 12:51:28] [Epoch 091/1000] | Train Loss: 1.1690  |   Time    : 0m 09s | ETA: 2h 36m 18s
[2026-05-28 12:51:38] [Epoch 092/1000] | Train Loss: 1.2111  |   Time    : 0m 09s | ETA: 2h 35m 58s
[2026-05-28 12:51:47] [Epoch 093/1000] | Train Loss: 1.1622  |   Time    : 0m 08s | ETA: 2h 35m 35s
[2026-05-28 12:51:56] [Epoch 094/1000] | Train Loss: 1.2193  |   Time    : 0m 09s | ETA: 2h 35m 18s
[2026-05-28 12:52:09] ----------------------------------------------------------
[2026-05-28 12:52:09] [Epoch 095/1000] | Train Loss: 1.2223  |   Time    : 0m 12s | ETA: 2h 35m 31s
[2026-05-28 12:52:09]   Lr : 0.000300 |  Val Loss: 0.9492   | Val Dice  : 0.2300
[2026-05-28 12:52:09] ==========================================================
[2026-05-28 12:52:09] [WARN] No improvement. Patience: 1/50
[2026-05-28 12:52:09] 
[2026-05-28 12:52:09] ==========================================================
[2026-05-28 12:52:20] [Epoch 096/1000] | Train Loss: 1.1590  |   Time    : 0m 10s | ETA: 2h 35m 22s
[2026-05-28 12:52:28] [Epoch 097/1000] | Train Loss: 1.1755  |   Time    : 0m 08s | ETA: 2h 34m 56s
[2026-05-28 12:52:38] [Epoch 098/1000] | Train Loss: 1.1909  |   Time    : 0m 09s | ETA: 2h 34m 41s
[2026-05-28 12:52:49] [Epoch 099/1000] | Train Loss: 1.2054  |   Time    : 0m 10s | ETA: 2h 34m 29s
[2026-05-28 12:53:01] ----------------------------------------------------------
[2026-05-28 12:53:01] [Epoch 100/1000] | Train Loss: 1.1719  |   Time    : 0m 11s | ETA: 2h 34m 33s
[2026-05-28 12:53:01]   Lr : 0.000300 |  Val Loss: 0.9145   | Val Dice  : 0.2725
[2026-05-28 12:53:01] ==========================================================
[2026-05-28 12:53:01] [SAVE] New best record ： 27.25% ! Model saved!
[2026-05-28 12:53:01] 
[2026-05-28 12:53:01] ==========================================================
[2026-05-28 12:53:10] [Epoch 101/1000] | Train Loss: 1.1419  |   Time    : 0m 09s | ETA: 2h 34m 19s
[2026-05-28 12:53:20] [Epoch 102/1000] | Train Loss: 1.1679  |   Time    : 0m 09s | ETA: 2h 33m 57s
[2026-05-28 12:53:29] [Epoch 103/1000] | Train Loss: 1.1668  |   Time    : 0m 09s | ETA: 2h 33m 38s
[2026-05-28 12:53:38] [Epoch 104/1000] | Train Loss: 1.1767  |   Time    : 0m 08s | ETA: 2h 33m 15s
[2026-05-28 12:53:50] ----------------------------------------------------------
[2026-05-28 12:53:50] [Epoch 105/1000] | Train Loss: 1.1307  |   Time    : 0m 12s | ETA: 2h 33m 21s
[2026-05-28 12:53:50]   Lr : 0.000300 |  Val Loss: 0.8979   | Val Dice  : 0.2959
[2026-05-28 12:53:50] ==========================================================
[2026-05-28 12:53:50] [SAVE] New best record ： 29.59% ! Model saved!
[2026-05-28 12:53:50] 
[2026-05-28 12:53:50] ==========================================================
[2026-05-28 12:53:59] [Epoch 106/1000] | Train Loss: 1.1194  |   Time    : 0m 08s | ETA: 2h 32m 58s
[2026-05-28 12:54:08] [Epoch 107/1000] | Train Loss: 1.1479  |   Time    : 0m 09s | ETA: 2h 32m 41s
[2026-05-28 12:54:19] [Epoch 108/1000] | Train Loss: 1.1332  |   Time    : 0m 10s | ETA: 2h 32m 33s
[2026-05-28 12:54:29] [Epoch 109/1000] | Train Loss: 1.1497  |   Time    : 0m 09s | ETA: 2h 32m 20s
[2026-05-28 12:54:42] ----------------------------------------------------------
[2026-05-28 12:54:42] [Epoch 110/1000] | Train Loss: 1.1415  |   Time    : 0m 13s | ETA: 2h 32m 33s
[2026-05-28 12:54:42]   Lr : 0.000300 |  Val Loss: 0.9038   | Val Dice  : 0.2991
[2026-05-28 12:54:42] ==========================================================
[2026-05-28 12:54:42] [SAVE] New best record ： 29.91% ! Model saved!
[2026-05-28 12:54:42] 
[2026-05-28 12:54:42] ==========================================================
[2026-05-28 12:54:51] [Epoch 111/1000] | Train Loss: 1.1595  |   Time    : 0m 08s | ETA: 2h 32m 12s
[2026-05-28 12:55:01] [Epoch 112/1000] | Train Loss: 1.1310  |   Time    : 0m 09s | ETA: 2h 31m 57s
[2026-05-28 12:55:11] [Epoch 113/1000] | Train Loss: 1.1324  |   Time    : 0m 09s | ETA: 2h 31m 42s
[2026-05-28 12:55:19] [Epoch 114/1000] | Train Loss: 1.1158  |   Time    : 0m 08s | ETA: 2h 31m 16s
[2026-05-28 12:55:32] ----------------------------------------------------------
[2026-05-28 12:55:32] [Epoch 115/1000] | Train Loss: 1.1361  |   Time    : 0m 12s | ETA: 2h 31m 24s
[2026-05-28 12:55:32]   Lr : 0.000300 |  Val Loss: 0.8778   | Val Dice  : 0.2891
[2026-05-28 12:55:32] ==========================================================
[2026-05-28 12:55:32] [WARN] No improvement. Patience: 1/50
[2026-05-28 12:55:32] 
[2026-05-28 12:55:32] ==========================================================
[2026-05-28 12:55:40] [Epoch 116/1000] | Train Loss: 1.1099  |   Time    : 0m 08s | ETA: 2h 31m 01s
[2026-05-28 12:55:50] [Epoch 117/1000] | Train Loss: 1.1567  |   Time    : 0m 09s | ETA: 2h 30m 48s
[2026-05-28 12:56:00] [Epoch 118/1000] | Train Loss: 1.1593  |   Time    : 0m 09s | ETA: 2h 30m 35s
[2026-05-28 12:56:09] [Epoch 119/1000] | Train Loss: 1.1271  |   Time    : 0m 08s | ETA: 2h 30m 14s
[2026-05-28 12:56:21] ----------------------------------------------------------
[2026-05-28 12:56:21] [Epoch 120/1000] | Train Loss: 1.0962  |   Time    : 0m 11s | ETA: 2h 30m 15s
[2026-05-28 12:56:21]   Lr : 0.000300 |  Val Loss: 0.8540   | Val Dice  : 0.3504
[2026-05-28 12:56:21] ==========================================================
[2026-05-28 12:56:21] [SAVE] New best record ： 35.04% ! Model saved!
[2026-05-28 12:56:21] 
[2026-05-28 12:56:21] ==========================================================
[2026-05-28 12:56:30] [Epoch 121/1000] | Train Loss: 1.0957  |   Time    : 0m 08s | ETA: 2h 29m 55s
[2026-05-28 12:56:39] [Epoch 122/1000] | Train Loss: 1.1058  |   Time    : 0m 09s | ETA: 2h 29m 37s
[2026-05-28 12:56:49] [Epoch 123/1000] | Train Loss: 1.1004  |   Time    : 0m 09s | ETA: 2h 29m 22s
[2026-05-28 12:56:57] [Epoch 124/1000] | Train Loss: 1.0804  |   Time    : 0m 08s | ETA: 2h 29m 00s
[2026-05-28 12:57:11] ----------------------------------------------------------
[2026-05-28 12:57:11] [Epoch 125/1000] | Train Loss: 1.0847  |   Time    : 0m 13s | ETA: 2h 29m 11s
[2026-05-28 12:57:11]   Lr : 0.000300 |  Val Loss: 0.8205   | Val Dice  : 0.3801
[2026-05-28 12:57:11] ==========================================================
[2026-05-28 12:57:11] [SAVE] New best record ： 38.01% ! Model saved!
[2026-05-28 12:57:11] 
[2026-05-28 12:57:11] ==========================================================
[2026-05-28 12:57:21] [Epoch 126/1000] | Train Loss: 1.0732  |   Time    : 0m 09s | ETA: 2h 28m 57s
[2026-05-28 12:57:31] [Epoch 127/1000] | Train Loss: 1.0926  |   Time    : 0m 10s | ETA: 2h 28m 51s
[2026-05-28 12:57:41] [Epoch 128/1000] | Train Loss: 1.1047  |   Time    : 0m 09s | ETA: 2h 28m 35s
[2026-05-28 12:57:51] [Epoch 129/1000] | Train Loss: 1.0898  |   Time    : 0m 09s | ETA: 2h 28m 22s
[2026-05-28 12:58:03] ----------------------------------------------------------
[2026-05-28 12:58:03] [Epoch 130/1000] | Train Loss: 1.0700  |   Time    : 0m 11s | ETA: 2h 28m 23s
[2026-05-28 12:58:03]   Lr : 0.000300 |  Val Loss: 0.8102   | Val Dice  : 0.3802
[2026-05-28 12:58:03] ==========================================================
[2026-05-28 12:58:03] [SAVE] New best record ： 38.02% ! Model saved!
[2026-05-28 12:58:03] 
[2026-05-28 12:58:03] ==========================================================
[2026-05-28 12:58:13] [Epoch 131/1000] | Train Loss: 1.0789  |   Time    : 0m 10s | ETA: 2h 28m 15s
[2026-05-28 12:58:22] [Epoch 132/1000] | Train Loss: 1.0878  |   Time    : 0m 08s | ETA: 2h 27m 55s
[2026-05-28 12:58:33] [Epoch 133/1000] | Train Loss: 1.0848  |   Time    : 0m 10s | ETA: 2h 27m 45s
[2026-05-28 12:58:43] [Epoch 134/1000] | Train Loss: 1.0537  |   Time    : 0m 10s | ETA: 2h 27m 36s
[2026-05-28 12:58:54] ----------------------------------------------------------
[2026-05-28 12:58:54] [Epoch 135/1000] | Train Loss: 1.0477  |   Time    : 0m 11s | ETA: 2h 27m 32s
[2026-05-28 12:58:54]   Lr : 0.000300 |  Val Loss: 0.7797   | Val Dice  : 0.4039
[2026-05-28 12:58:54] ==========================================================
[2026-05-28 12:58:55] [SAVE] New best record ： 40.39% ! Model saved!
[2026-05-28 12:58:55] 
[2026-05-28 12:58:55] ==========================================================
[2026-05-28 12:59:05] [Epoch 136/1000] | Train Loss: 1.0551  |   Time    : 0m 10s | ETA: 2h 27m 22s
[2026-05-28 12:59:14] [Epoch 137/1000] | Train Loss: 1.0783  |   Time    : 0m 09s | ETA: 2h 27m 08s
[2026-05-28 12:59:25] [Epoch 138/1000] | Train Loss: 1.0630  |   Time    : 0m 10s | ETA: 2h 26m 56s
[2026-05-28 12:59:34] [Epoch 139/1000] | Train Loss: 1.0697  |   Time    : 0m 09s | ETA: 2h 26m 43s
[2026-05-28 12:59:47] ----------------------------------------------------------
[2026-05-28 12:59:47] [Epoch 140/1000] | Train Loss: 1.0413  |   Time    : 0m 12s | ETA: 2h 26m 48s
[2026-05-28 12:59:47]   Lr : 0.000300 |  Val Loss: 0.8028   | Val Dice  : 0.3765
[2026-05-28 12:59:47] ==========================================================
[2026-05-28 12:59:47] [WARN] No improvement. Patience: 1/50
[2026-05-28 12:59:47] 
[2026-05-28 12:59:47] ==========================================================
[2026-05-28 12:59:55] [Epoch 141/1000] | Train Loss: 1.0447  |   Time    : 0m 08s | ETA: 2h 26m 26s
[2026-05-28 13:00:05] [Epoch 142/1000] | Train Loss: 1.0304  |   Time    : 0m 09s | ETA: 2h 26m 11s
[2026-05-28 13:00:16] [Epoch 143/1000] | Train Loss: 1.0346  |   Time    : 0m 10s | ETA: 2h 26m 02s
[2026-05-28 13:00:25] [Epoch 144/1000] | Train Loss: 1.0395  |   Time    : 0m 09s | ETA: 2h 25m 45s
[2026-05-28 13:00:37] ----------------------------------------------------------
[2026-05-28 13:00:37] [Epoch 145/1000] | Train Loss: 1.0444  |   Time    : 0m 12s | ETA: 2h 25m 45s
[2026-05-28 13:00:37]   Lr : 0.000300 |  Val Loss: 0.8212   | Val Dice  : 0.3511
[2026-05-28 13:00:37] ==========================================================
[2026-05-28 13:00:37] [WARN] No improvement. Patience: 2/50
[2026-05-28 13:00:37] 
[2026-05-28 13:00:37] ==========================================================
[2026-05-28 13:00:46] [Epoch 146/1000] | Train Loss: 1.0319  |   Time    : 0m 09s | ETA: 2h 25m 30s
[2026-05-28 13:00:56] [Epoch 147/1000] | Train Loss: 1.0427  |   Time    : 0m 09s | ETA: 2h 25m 18s
[2026-05-28 13:01:05] [Epoch 148/1000] | Train Loss: 1.0601  |   Time    : 0m 08s | ETA: 2h 24m 59s
[2026-05-28 13:01:14] [Epoch 149/1000] | Train Loss: 1.0238  |   Time    : 0m 08s | ETA: 2h 24m 42s
[2026-05-28 13:01:27] ----------------------------------------------------------
[2026-05-28 13:01:27] [Epoch 150/1000] | Train Loss: 1.0359  |   Time    : 0m 12s | ETA: 2h 24m 45s
[2026-05-28 13:01:27]   Lr : 0.000300 |  Val Loss: 0.7332   | Val Dice  : 0.4531
[2026-05-28 13:01:27] ==========================================================
[2026-05-28 13:01:27] [SAVE] New best record ： 45.31% ! Model saved!
[2026-05-28 13:01:27] 
[2026-05-28 13:01:27] ==========================================================
[2026-05-28 13:01:36] [Epoch 151/1000] | Train Loss: 1.0163  |   Time    : 0m 09s | ETA: 2h 24m 30s
[2026-05-28 13:01:46] [Epoch 152/1000] | Train Loss: 1.0194  |   Time    : 0m 09s | ETA: 2h 24m 18s
[2026-05-28 13:01:55] [Epoch 153/1000] | Train Loss: 1.0192  |   Time    : 0m 09s | ETA: 2h 24m 02s
[2026-05-28 13:02:05] [Epoch 154/1000] | Train Loss: 1.0359  |   Time    : 0m 09s | ETA: 2h 23m 47s
[2026-05-28 13:02:17] ----------------------------------------------------------
[2026-05-28 13:02:17] [Epoch 155/1000] | Train Loss: 1.0087  |   Time    : 0m 12s | ETA: 2h 23m 48s
[2026-05-28 13:02:17]   Lr : 0.000300 |  Val Loss: 0.7220   | Val Dice  : 0.4593
[2026-05-28 13:02:17] ==========================================================
[2026-05-28 13:02:17] [SAVE] New best record ： 45.93% ! Model saved!
[2026-05-28 13:02:17] 
[2026-05-28 13:02:17] ==========================================================
[2026-05-28 13:02:27] [Epoch 156/1000] | Train Loss: 0.9897  |   Time    : 0m 09s | ETA: 2h 23m 33s
[2026-05-28 13:02:36] [Epoch 157/1000] | Train Loss: 0.9858  |   Time    : 0m 09s | ETA: 2h 23m 18s
[2026-05-28 13:02:46] [Epoch 158/1000] | Train Loss: 0.9930  |   Time    : 0m 09s | ETA: 2h 23m 05s
[2026-05-28 13:02:56] [Epoch 159/1000] | Train Loss: 0.9991  |   Time    : 0m 10s | ETA: 2h 22m 57s
[2026-05-28 13:03:09] ----------------------------------------------------------
[2026-05-28 13:03:09] [Epoch 160/1000] | Train Loss: 0.9629  |   Time    : 0m 12s | ETA: 2h 22m 59s
[2026-05-28 13:03:09]   Lr : 0.000300 |  Val Loss: 0.6917   | Val Dice  : 0.4710
[2026-05-28 13:03:09] ==========================================================
[2026-05-28 13:03:09] [SAVE] New best record ： 47.10% ! Model saved!
[2026-05-28 13:03:09] 
[2026-05-28 13:03:09] ==========================================================
[2026-05-28 13:03:19] [Epoch 161/1000] | Train Loss: 0.9683  |   Time    : 0m 10s | ETA: 2h 22m 49s
[2026-05-28 13:03:29] [Epoch 162/1000] | Train Loss: 0.9993  |   Time    : 0m 09s | ETA: 2h 22m 35s
[2026-05-28 13:03:39] [Epoch 163/1000] | Train Loss: 1.0097  |   Time    : 0m 09s | ETA: 2h 22m 22s
[2026-05-28 13:03:49] [Epoch 164/1000] | Train Loss: 1.0015  |   Time    : 0m 10s | ETA: 2h 22m 12s
[2026-05-28 13:04:01] ----------------------------------------------------------
[2026-05-28 13:04:01] [Epoch 165/1000] | Train Loss: 0.9970  |   Time    : 0m 12s | ETA: 2h 22m 13s
[2026-05-28 13:04:01]   Lr : 0.000300 |  Val Loss: 0.7109   | Val Dice  : 0.4583
[2026-05-28 13:04:01] ==========================================================
[2026-05-28 13:04:01] [WARN] No improvement. Patience: 1/50
[2026-05-28 13:04:01] 
[2026-05-28 13:04:01] ==========================================================
[2026-05-28 13:04:11] [Epoch 166/1000] | Train Loss: 0.9936  |   Time    : 0m 09s | ETA: 2h 21m 58s
[2026-05-28 13:04:21] [Epoch 167/1000] | Train Loss: 1.0125  |   Time    : 0m 09s | ETA: 2h 21m 47s
[2026-05-28 13:04:30] [Epoch 168/1000] | Train Loss: 0.9889  |   Time    : 0m 08s | ETA: 2h 21m 30s
[2026-05-28 13:04:39] [Epoch 169/1000] | Train Loss: 0.9540  |   Time    : 0m 08s | ETA: 2h 21m 12s
[2026-05-28 13:04:51] ----------------------------------------------------------
[2026-05-28 13:04:51] [Epoch 170/1000] | Train Loss: 0.9725  |   Time    : 0m 12s | ETA: 2h 21m 12s
[2026-05-28 13:04:51]   Lr : 0.000300 |  Val Loss: 0.6829   | Val Dice  : 0.4551
[2026-05-28 13:04:51] ==========================================================
[2026-05-28 13:04:51] [WARN] No improvement. Patience: 2/50
[2026-05-28 13:04:51] 
[2026-05-28 13:04:51] ==========================================================
[2026-05-28 13:05:00] [Epoch 171/1000] | Train Loss: 0.9851  |   Time    : 0m 09s | ETA: 2h 20m 59s
[2026-05-28 13:05:10] [Epoch 172/1000] | Train Loss: 0.9584  |   Time    : 0m 09s | ETA: 2h 20m 44s
[2026-05-28 13:05:20] [Epoch 173/1000] | Train Loss: 0.9745  |   Time    : 0m 10s | ETA: 2h 20m 33s
[2026-05-28 13:05:29] [Epoch 174/1000] | Train Loss: 0.9548  |   Time    : 0m 09s | ETA: 2h 20m 19s
[2026-05-28 13:05:42] ----------------------------------------------------------
[2026-05-28 13:05:42] [Epoch 175/1000] | Train Loss: 0.9591  |   Time    : 0m 12s | ETA: 2h 20m 18s
[2026-05-28 13:05:42]   Lr : 0.000300 |  Val Loss: 0.6575   | Val Dice  : 0.4860
[2026-05-28 13:05:42] ==========================================================
[2026-05-28 13:05:42] [SAVE] New best record ： 48.60% ! Model saved!
[2026-05-28 13:05:42] 
[2026-05-28 13:05:42] ==========================================================
[2026-05-28 13:05:51] [Epoch 176/1000] | Train Loss: 0.9973  |   Time    : 0m 09s | ETA: 2h 20m 03s
[2026-05-28 13:06:00] [Epoch 177/1000] | Train Loss: 0.9719  |   Time    : 0m 09s | ETA: 2h 19m 48s
[2026-05-28 13:06:10] [Epoch 178/1000] | Train Loss: 0.9708  |   Time    : 0m 09s | ETA: 2h 19m 36s
[2026-05-28 13:06:19] [Epoch 179/1000] | Train Loss: 0.9708  |   Time    : 0m 08s | ETA: 2h 19m 20s
[2026-05-28 13:06:32] ----------------------------------------------------------
[2026-05-28 13:06:32] [Epoch 180/1000] | Train Loss: 1.0002  |   Time    : 0m 12s | ETA: 2h 19m 22s
[2026-05-28 13:06:32]   Lr : 0.000300 |  Val Loss: 0.6502   | Val Dice  : 0.5051
[2026-05-28 13:06:32] ==========================================================
[2026-05-28 13:06:32] [SAVE] New best record ： 50.51% ! Model saved!
[2026-05-28 13:06:32] 
[2026-05-28 13:06:32] ==========================================================
[2026-05-28 13:06:43] [Epoch 181/1000] | Train Loss: 0.9863  |   Time    : 0m 10s | ETA: 2h 19m 13s
[2026-05-28 13:06:53] [Epoch 182/1000] | Train Loss: 0.9780  |   Time    : 0m 10s | ETA: 2h 19m 03s
[2026-05-28 13:07:02] [Epoch 183/1000] | Train Loss: 0.9452  |   Time    : 0m 09s | ETA: 2h 18m 49s
[2026-05-28 13:07:11] [Epoch 184/1000] | Train Loss: 0.9461  |   Time    : 0m 09s | ETA: 2h 18m 34s
[2026-05-28 13:07:23] ----------------------------------------------------------
[2026-05-28 13:07:23] [Epoch 185/1000] | Train Loss: 0.9307  |   Time    : 0m 11s | ETA: 2h 18m 31s
[2026-05-28 13:07:23]   Lr : 0.000300 |  Val Loss: 0.6642   | Val Dice  : 0.4802
[2026-05-28 13:07:23] ==========================================================
[2026-05-28 13:07:23] [WARN] No improvement. Patience: 1/50
[2026-05-28 13:07:23] 
[2026-05-28 13:07:23] ==========================================================
[2026-05-28 13:07:33] [Epoch 186/1000] | Train Loss: 0.9509  |   Time    : 0m 09s | ETA: 2h 18m 19s
[2026-05-28 13:07:44] [Epoch 187/1000] | Train Loss: 0.9818  |   Time    : 0m 10s | ETA: 2h 18m 09s
[2026-05-28 13:07:54] [Epoch 188/1000] | Train Loss: 0.9921  |   Time    : 0m 10s | ETA: 2h 17m 59s
[2026-05-28 13:08:03] [Epoch 189/1000] | Train Loss: 0.9831  |   Time    : 0m 09s | ETA: 2h 17m 44s
[2026-05-28 13:08:15] ----------------------------------------------------------
[2026-05-28 13:08:15] [Epoch 190/1000] | Train Loss: 0.9646  |   Time    : 0m 11s | ETA: 2h 17m 42s
[2026-05-28 13:08:15]   Lr : 0.000300 |  Val Loss: 0.6454   | Val Dice  : 0.5024
[2026-05-28 13:08:15] ==========================================================
[2026-05-28 13:08:15] [WARN] No improvement. Patience: 2/50
[2026-05-28 13:08:15] 
[2026-05-28 13:08:15] ==========================================================
[2026-05-28 13:08:26] [Epoch 191/1000] | Train Loss: 0.9554  |   Time    : 0m 10s | ETA: 2h 17m 34s
[2026-05-28 13:08:35] [Epoch 192/1000] | Train Loss: 0.9284  |   Time    : 0m 09s | ETA: 2h 17m 20s
[2026-05-28 13:08:45] [Epoch 193/1000] | Train Loss: 0.9113  |   Time    : 0m 09s | ETA: 2h 17m 08s
[2026-05-28 13:08:55] [Epoch 194/1000] | Train Loss: 0.9396  |   Time    : 0m 10s | ETA: 2h 16m 57s
[2026-05-28 13:09:07] ----------------------------------------------------------
[2026-05-28 13:09:07] [Epoch 195/1000] | Train Loss: 0.9303  |   Time    : 0m 11s | ETA: 2h 16m 54s
[2026-05-28 13:09:07]   Lr : 0.000300 |  Val Loss: 0.6359   | Val Dice  : 0.5208
[2026-05-28 13:09:07] ==========================================================
[2026-05-28 13:09:07] [SAVE] New best record ： 52.08% ! Model saved!
[2026-05-28 13:09:07] 
[2026-05-28 13:09:07] ==========================================================
[2026-05-28 13:09:17] [Epoch 196/1000] | Train Loss: 0.9312  |   Time    : 0m 10s | ETA: 2h 16m 43s
[2026-05-28 13:09:27] [Epoch 197/1000] | Train Loss: 0.9428  |   Time    : 0m 08s | ETA: 2h 16m 28s
[2026-05-28 13:09:35] [Epoch 198/1000] | Train Loss: 0.9332  |   Time    : 0m 08s | ETA: 2h 16m 12s
[2026-05-28 13:09:45] [Epoch 199/1000] | Train Loss: 0.9243  |   Time    : 0m 09s | ETA: 2h 15m 58s
[2026-05-28 13:09:57] ----------------------------------------------------------
[2026-05-28 13:09:57] [Epoch 200/1000] | Train Loss: 0.9512  |   Time    : 0m 12s | ETA: 2h 15m 57s
[2026-05-28 13:09:57]   Lr : 0.000300 |  Val Loss: 0.5998   | Val Dice  : 0.5466
[2026-05-28 13:09:57] ==========================================================
[2026-05-28 13:09:57] [SAVE] New best record ： 54.66% ! Model saved!
[2026-05-28 13:09:57] 
[2026-05-28 13:09:57] ==========================================================
[2026-05-28 13:10:07] [Epoch 201/1000] | Train Loss: 0.9462  |   Time    : 0m 10s | ETA: 2h 15m 47s
[2026-05-28 13:10:17] [Epoch 202/1000] | Train Loss: 0.9225  |   Time    : 0m 09s | ETA: 2h 15m 34s
[2026-05-28 13:10:26] [Epoch 203/1000] | Train Loss: 0.9476  |   Time    : 0m 09s | ETA: 2h 15m 20s
[2026-05-28 13:10:36] [Epoch 204/1000] | Train Loss: 1.0038  |   Time    : 0m 09s | ETA: 2h 15m 08s
[2026-05-28 13:10:48] ----------------------------------------------------------
[2026-05-28 13:10:48] [Epoch 205/1000] | Train Loss: 0.9522  |   Time    : 0m 12s | ETA: 2h 15m 05s
[2026-05-28 13:10:48]   Lr : 0.000300 |  Val Loss: 0.6183   | Val Dice  : 0.5265
[2026-05-28 13:10:48] ==========================================================
[2026-05-28 13:10:48] [WARN] No improvement. Patience: 1/50
[2026-05-28 13:10:48] 
[2026-05-28 13:10:48] ==========================================================
[2026-05-28 13:10:58] [Epoch 206/1000] | Train Loss: 0.9386  |   Time    : 0m 09s | ETA: 2h 14m 54s
[2026-05-28 13:11:08] [Epoch 207/1000] | Train Loss: 0.9445  |   Time    : 0m 09s | ETA: 2h 14m 42s
[2026-05-28 13:11:19] [Epoch 208/1000] | Train Loss: 0.9145  |   Time    : 0m 10s | ETA: 2h 14m 33s
[2026-05-28 13:11:29] [Epoch 209/1000] | Train Loss: 0.9012  |   Time    : 0m 09s | ETA: 2h 14m 21s
[2026-05-28 13:11:41] ----------------------------------------------------------
[2026-05-28 13:11:41] [Epoch 210/1000] | Train Loss: 0.9171  |   Time    : 0m 12s | ETA: 2h 14m 20s
[2026-05-28 13:11:41]   Lr : 0.000300 |  Val Loss: 0.5954   | Val Dice  : 0.5650
[2026-05-28 13:11:41] ==========================================================
[2026-05-28 13:11:41] [SAVE] New best record ： 56.50% ! Model saved!
[2026-05-28 13:11:41] 
[2026-05-28 13:11:41] ==========================================================
[2026-05-28 13:11:51] [Epoch 211/1000] | Train Loss: 0.9081  |   Time    : 0m 09s | ETA: 2h 14m 08s
[2026-05-28 13:12:00] [Epoch 212/1000] | Train Loss: 0.8968  |   Time    : 0m 08s | ETA: 2h 13m 53s
[2026-05-28 13:12:09] [Epoch 213/1000] | Train Loss: 0.9051  |   Time    : 0m 09s | ETA: 2h 13m 40s
[2026-05-28 13:12:18] [Epoch 214/1000] | Train Loss: 0.8868  |   Time    : 0m 08s | ETA: 2h 13m 25s
[2026-05-28 13:12:31] ----------------------------------------------------------
[2026-05-28 13:12:31] [Epoch 215/1000] | Train Loss: 0.9063  |   Time    : 0m 12s | ETA: 2h 13m 24s
[2026-05-28 13:12:31]   Lr : 0.000300 |  Val Loss: 0.5718   | Val Dice  : 0.5635
[2026-05-28 13:12:31] ==========================================================
[2026-05-28 13:12:31] [WARN] No improvement. Patience: 1/50
[2026-05-28 13:12:31] 
[2026-05-28 13:12:31] ==========================================================
[2026-05-28 13:12:41] [Epoch 216/1000] | Train Loss: 0.9213  |   Time    : 0m 09s | ETA: 2h 13m 11s
[2026-05-28 13:12:50] [Epoch 217/1000] | Train Loss: 0.9149  |   Time    : 0m 09s | ETA: 2h 12m 56s
[2026-05-28 13:12:59] [Epoch 218/1000] | Train Loss: 0.9164  |   Time    : 0m 09s | ETA: 2h 12m 42s
[2026-05-28 13:13:09] [Epoch 219/1000] | Train Loss: 0.9138  |   Time    : 0m 09s | ETA: 2h 12m 30s
[2026-05-28 13:13:21] ----------------------------------------------------------
[2026-05-28 13:13:21] [Epoch 220/1000] | Train Loss: 0.8833  |   Time    : 0m 12s | ETA: 2h 12m 29s
[2026-05-28 13:13:21]   Lr : 0.000300 |  Val Loss: 0.5680   | Val Dice  : 0.5626
[2026-05-28 13:13:21] ==========================================================
[2026-05-28 13:13:21] [WARN] No improvement. Patience: 2/50
[2026-05-28 13:13:21] 
[2026-05-28 13:13:21] ==========================================================
[2026-05-28 13:13:32] [Epoch 221/1000] | Train Loss: 0.8851  |   Time    : 0m 10s | ETA: 2h 12m 19s
[2026-05-28 13:13:41] [Epoch 222/1000] | Train Loss: 0.8964  |   Time    : 0m 09s | ETA: 2h 12m 06s
[2026-05-28 13:13:51] [Epoch 223/1000] | Train Loss: 0.8965  |   Time    : 0m 09s | ETA: 2h 11m 55s
[2026-05-28 13:14:01] [Epoch 224/1000] | Train Loss: 0.8913  |   Time    : 0m 09s | ETA: 2h 11m 42s
[2026-05-28 13:14:13] ----------------------------------------------------------
[2026-05-28 13:14:13] [Epoch 225/1000] | Train Loss: 0.8912  |   Time    : 0m 12s | ETA: 2h 11m 39s
[2026-05-28 13:14:13]   Lr : 0.000300 |  Val Loss: 0.5384   | Val Dice  : 0.5981
[2026-05-28 13:14:13] ==========================================================
[2026-05-28 13:14:13] [SAVE] New best record ： 59.81% ! Model saved!
[2026-05-28 13:14:13] 
[2026-05-28 13:14:13] ==========================================================
[2026-05-28 13:14:23] [Epoch 226/1000] | Train Loss: 0.8821  |   Time    : 0m 09s | ETA: 2h 11m 28s
[2026-05-28 13:14:32] [Epoch 227/1000] | Train Loss: 0.8893  |   Time    : 0m 09s | ETA: 2h 11m 15s
[2026-05-28 13:14:42] [Epoch 228/1000] | Train Loss: 0.8999  |   Time    : 0m 09s | ETA: 2h 11m 03s
[2026-05-28 13:14:52] [Epoch 229/1000] | Train Loss: 0.8826  |   Time    : 0m 09s | ETA: 2h 10m 51s
[2026-05-28 13:15:05] ----------------------------------------------------------
[2026-05-28 13:15:05] [Epoch 230/1000] | Train Loss: 0.8826  |   Time    : 0m 12s | ETA: 2h 10m 49s
[2026-05-28 13:15:05]   Lr : 0.000300 |  Val Loss: 0.5462   | Val Dice  : 0.5875
[2026-05-28 13:15:05] ==========================================================
[2026-05-28 13:15:05] [WARN] No improvement. Patience: 1/50
[2026-05-28 13:15:05] 
[2026-05-28 13:15:05] ==========================================================
[2026-05-28 13:15:14] [Epoch 231/1000] | Train Loss: 0.8958  |   Time    : 0m 09s | ETA: 2h 10m 36s
[2026-05-28 13:15:24] [Epoch 232/1000] | Train Loss: 0.8809  |   Time    : 0m 09s | ETA: 2h 10m 25s
[2026-05-28 13:15:33] [Epoch 233/1000] | Train Loss: 0.8906  |   Time    : 0m 09s | ETA: 2h 10m 11s
[2026-05-28 13:15:42] [Epoch 234/1000] | Train Loss: 0.8743  |   Time    : 0m 08s | ETA: 2h 09m 57s
[2026-05-28 13:15:56] ----------------------------------------------------------
[2026-05-28 13:15:56] [Epoch 235/1000] | Train Loss: 0.8644  |   Time    : 0m 13s | ETA: 2h 09m 57s
[2026-05-28 13:15:56]   Lr : 0.000300 |  Val Loss: 0.5403   | Val Dice  : 0.5752
[2026-05-28 13:15:56] ==========================================================
[2026-05-28 13:15:56] [WARN] No improvement. Patience: 2/50
[2026-05-28 13:15:56] 
[2026-05-28 13:15:56] ==========================================================
[2026-05-28 13:16:05] [Epoch 236/1000] | Train Loss: 0.8821  |   Time    : 0m 09s | ETA: 2h 09m 44s
[2026-05-28 13:16:15] [Epoch 237/1000] | Train Loss: 0.8694  |   Time    : 0m 09s | ETA: 2h 09m 32s
[2026-05-28 13:16:24] [Epoch 238/1000] | Train Loss: 0.8985  |   Time    : 0m 09s | ETA: 2h 09m 19s
[2026-05-28 13:16:34] [Epoch 239/1000] | Train Loss: 0.9000  |   Time    : 0m 10s | ETA: 2h 09m 08s
[2026-05-28 13:16:47] ----------------------------------------------------------
[2026-05-28 13:16:47] [Epoch 240/1000] | Train Loss: 0.9013  |   Time    : 0m 12s | ETA: 2h 09m 07s
[2026-05-28 13:16:47]   Lr : 0.000300 |  Val Loss: 0.5538   | Val Dice  : 0.5784
[2026-05-28 13:16:47] ==========================================================
[2026-05-28 13:16:47] [WARN] No improvement. Patience: 3/50
[2026-05-28 13:16:47] 
[2026-05-28 13:16:47] ==========================================================
[2026-05-28 13:16:56] [Epoch 241/1000] | Train Loss: 0.8841  |   Time    : 0m 08s | ETA: 2h 08m 52s
[2026-05-28 13:17:06] [Epoch 242/1000] | Train Loss: 0.8699  |   Time    : 0m 10s | ETA: 2h 08m 42s
[2026-05-28 13:17:16] [Epoch 243/1000] | Train Loss: 0.8681  |   Time    : 0m 09s | ETA: 2h 08m 30s
[2026-05-28 13:17:26] [Epoch 244/1000] | Train Loss: 0.8962  |   Time    : 0m 09s | ETA: 2h 08m 19s
[2026-05-28 13:17:38] ----------------------------------------------------------
[2026-05-28 13:17:38] [Epoch 245/1000] | Train Loss: 0.8616  |   Time    : 0m 12s | ETA: 2h 08m 15s
[2026-05-28 13:17:38]   Lr : 0.000300 |  Val Loss: 0.5554   | Val Dice  : 0.5671
[2026-05-28 13:17:38] ==========================================================
[2026-05-28 13:17:38] [WARN] No improvement. Patience: 4/50
[2026-05-28 13:17:38] 
[2026-05-28 13:17:38] ==========================================================
[2026-05-28 13:17:47] [Epoch 246/1000] | Train Loss: 0.8860  |   Time    : 0m 08s | ETA: 2h 08m 00s
[2026-05-28 13:17:57] [Epoch 247/1000] | Train Loss: 0.8446  |   Time    : 0m 09s | ETA: 2h 07m 49s
[2026-05-28 13:18:06] [Epoch 248/1000] | Train Loss: 0.8913  |   Time    : 0m 09s | ETA: 2h 07m 36s
[2026-05-28 13:18:17] [Epoch 249/1000] | Train Loss: 0.8560  |   Time    : 0m 10s | ETA: 2h 07m 28s
[2026-05-28 13:18:30] ----------------------------------------------------------
[2026-05-28 13:18:30] [Epoch 250/1000] | Train Loss: 0.8698  |   Time    : 0m 12s | ETA: 2h 07m 24s
[2026-05-28 13:18:30]   Lr : 0.000300 |  Val Loss: 0.5356   | Val Dice  : 0.5709
[2026-05-28 13:18:30] ==========================================================
[2026-05-28 13:18:30] [WARN] No improvement. Patience: 5/50
[2026-05-28 13:18:30] 
[2026-05-28 13:18:30] ==========================================================
[2026-05-28 13:18:39] [Epoch 251/1000] | Train Loss: 0.8543  |   Time    : 0m 08s | ETA: 2h 07m 10s
[2026-05-28 13:18:49] [Epoch 252/1000] | Train Loss: 0.8679  |   Time    : 0m 09s | ETA: 2h 06m 59s
[2026-05-28 13:18:59] [Epoch 253/1000] | Train Loss: 0.8761  |   Time    : 0m 09s | ETA: 2h 06m 48s
[2026-05-28 13:19:08] [Epoch 254/1000] | Train Loss: 0.8835  |   Time    : 0m 09s | ETA: 2h 06m 35s
[2026-05-28 13:19:20] ----------------------------------------------------------
[2026-05-28 13:19:20] [Epoch 255/1000] | Train Loss: 0.8893  |   Time    : 0m 12s | ETA: 2h 06m 31s
[2026-05-28 13:19:20]   Lr : 0.000300 |  Val Loss: 0.5359   | Val Dice  : 0.5745
[2026-05-28 13:19:20] ==========================================================
[2026-05-28 13:19:20] [WARN] No improvement. Patience: 6/50
[2026-05-28 13:19:20] 
[2026-05-28 13:19:20] ==========================================================
[2026-05-28 13:19:30] [Epoch 256/1000] | Train Loss: 0.8816  |   Time    : 0m 09s | ETA: 2h 06m 19s
[2026-05-28 13:19:39] [Epoch 257/1000] | Train Loss: 0.8669  |   Time    : 0m 08s | ETA: 2h 06m 04s
[2026-05-28 13:19:48] [Epoch 258/1000] | Train Loss: 0.8611  |   Time    : 0m 09s | ETA: 2h 05m 51s
[2026-05-28 13:19:58] [Epoch 259/1000] | Train Loss: 0.8780  |   Time    : 0m 09s | ETA: 2h 05m 40s
[2026-05-28 13:20:11] ----------------------------------------------------------
[2026-05-28 13:20:11] [Epoch 260/1000] | Train Loss: 0.8841  |   Time    : 0m 13s | ETA: 2h 05m 38s
[2026-05-28 13:20:11]   Lr : 0.000300 |  Val Loss: 0.5255   | Val Dice  : 0.5853
[2026-05-28 13:20:11] ==========================================================
[2026-05-28 13:20:11] [WARN] No improvement. Patience: 7/50
[2026-05-28 13:20:11] 
[2026-05-28 13:20:11] ==========================================================
[2026-05-28 13:20:21] [Epoch 261/1000] | Train Loss: 0.8668  |   Time    : 0m 09s | ETA: 2h 05m 26s
[2026-05-28 13:20:31] [Epoch 262/1000] | Train Loss: 0.8761  |   Time    : 0m 10s | ETA: 2h 05m 16s
[2026-05-28 13:20:40] [Epoch 263/1000] | Train Loss: 0.8365  |   Time    : 0m 08s | ETA: 2h 05m 03s
[2026-05-28 13:20:49] [Epoch 264/1000] | Train Loss: 0.8599  |   Time    : 0m 08s | ETA: 2h 04m 49s
[2026-05-28 13:21:02] ----------------------------------------------------------
[2026-05-28 13:21:02] [Epoch 265/1000] | Train Loss: 0.8408  |   Time    : 0m 13s | ETA: 2h 04m 47s
[2026-05-28 13:21:02]   Lr : 0.000300 |  Val Loss: 0.5233   | Val Dice  : 0.5936
[2026-05-28 13:21:02] ==========================================================
[2026-05-28 13:21:02] [WARN] No improvement. Patience: 8/50
[2026-05-28 13:21:02] 
[2026-05-28 13:21:02] ==========================================================
[2026-05-28 13:21:12] [Epoch 266/1000] | Train Loss: 0.8522  |   Time    : 0m 10s | ETA: 2h 04m 36s
[2026-05-28 13:21:21] [Epoch 267/1000] | Train Loss: 0.8751  |   Time    : 0m 08s | ETA: 2h 04m 23s
[2026-05-28 13:21:31] [Epoch 268/1000] | Train Loss: 0.8674  |   Time    : 0m 09s | ETA: 2h 04m 12s
[2026-05-28 13:21:41] [Epoch 269/1000] | Train Loss: 0.8546  |   Time    : 0m 09s | ETA: 2h 04m 00s
[2026-05-28 13:21:54] ----------------------------------------------------------
[2026-05-28 13:21:54] [Epoch 270/1000] | Train Loss: 0.8985  |   Time    : 0m 12s | ETA: 2h 03m 57s
[2026-05-28 13:21:54]   Lr : 0.000300 |  Val Loss: 0.5177   | Val Dice  : 0.5966
[2026-05-28 13:21:54] ==========================================================
[2026-05-28 13:21:54] [WARN] No improvement. Patience: 9/50
[2026-05-28 13:21:54] 
[2026-05-28 13:21:54] ==========================================================
[2026-05-28 13:22:03] [Epoch 271/1000] | Train Loss: 0.8622  |   Time    : 0m 09s | ETA: 2h 03m 45s
[2026-05-28 13:22:13] [Epoch 272/1000] | Train Loss: 0.8515  |   Time    : 0m 09s | ETA: 2h 03m 34s
[2026-05-28 13:22:24] [Epoch 273/1000] | Train Loss: 0.8663  |   Time    : 0m 10s | ETA: 2h 03m 24s
[2026-05-28 13:22:35] [Epoch 274/1000] | Train Loss: 0.8534  |   Time    : 0m 11s | ETA: 2h 03m 17s
[2026-05-28 13:22:47] ----------------------------------------------------------
[2026-05-28 13:22:47] [Epoch 275/1000] | Train Loss: 0.8434  |   Time    : 0m 12s | ETA: 2h 03m 12s
[2026-05-28 13:22:47]   Lr : 0.000300 |  Val Loss: 0.5064   | Val Dice  : 0.6045
[2026-05-28 13:22:47] ==========================================================
[2026-05-28 13:22:47] [SAVE] New best record ： 60.45% ! Model saved!
[2026-05-28 13:22:47] 
[2026-05-28 13:22:47] ==========================================================
[2026-05-28 13:22:57] [Epoch 276/1000] | Train Loss: 0.8646  |   Time    : 0m 09s | ETA: 2h 03m 00s
[2026-05-28 13:23:07] [Epoch 277/1000] | Train Loss: 0.8707  |   Time    : 0m 10s | ETA: 2h 02m 50s
[2026-05-28 13:23:17] [Epoch 278/1000] | Train Loss: 0.8649  |   Time    : 0m 09s | ETA: 2h 02m 39s
[2026-05-28 13:23:26] [Epoch 279/1000] | Train Loss: 0.8596  |   Time    : 0m 08s | ETA: 2h 02m 25s
[2026-05-28 13:23:39] ----------------------------------------------------------
[2026-05-28 13:23:39] [Epoch 280/1000] | Train Loss: 0.8847  |   Time    : 0m 12s | ETA: 2h 02m 21s
[2026-05-28 13:23:39]   Lr : 0.000300 |  Val Loss: 0.5062   | Val Dice  : 0.6160
[2026-05-28 13:23:39] ==========================================================
[2026-05-28 13:23:39] [SAVE] New best record ： 61.60% ! Model saved!
[2026-05-28 13:23:39] 
[2026-05-28 13:23:39] ==========================================================
[2026-05-28 13:23:47] [Epoch 281/1000] | Train Loss: 0.8632  |   Time    : 0m 08s | ETA: 2h 02m 07s
[2026-05-28 13:23:57] [Epoch 282/1000] | Train Loss: 0.8209  |   Time    : 0m 09s | ETA: 2h 01m 56s
[2026-05-28 13:24:07] [Epoch 283/1000] | Train Loss: 0.8520  |   Time    : 0m 09s | ETA: 2h 01m 43s
[2026-05-28 13:24:17] [Epoch 284/1000] | Train Loss: 0.8763  |   Time    : 0m 10s | ETA: 2h 01m 33s
[2026-05-28 13:24:30] ----------------------------------------------------------
[2026-05-28 13:24:30] [Epoch 285/1000] | Train Loss: 0.8912  |   Time    : 0m 12s | ETA: 2h 01m 29s
[2026-05-28 13:24:30]   Lr : 0.000300 |  Val Loss: 0.5878   | Val Dice  : 0.5489
[2026-05-28 13:24:30] ==========================================================
[2026-05-28 13:24:30] [WARN] No improvement. Patience: 1/50
[2026-05-28 13:24:30] 
[2026-05-28 13:24:30] ==========================================================
[2026-05-28 13:24:38] [Epoch 286/1000] | Train Loss: 0.8884  |   Time    : 0m 08s | ETA: 2h 01m 15s
[2026-05-28 13:24:48] [Epoch 287/1000] | Train Loss: 0.8526  |   Time    : 0m 09s | ETA: 2h 01m 02s
[2026-05-28 13:24:58] [Epoch 288/1000] | Train Loss: 0.8609  |   Time    : 0m 10s | ETA: 2h 00m 53s
[2026-05-28 13:25:08] [Epoch 289/1000] | Train Loss: 0.8544  |   Time    : 0m 09s | ETA: 2h 00m 41s
[2026-05-28 13:25:20] ----------------------------------------------------------
[2026-05-28 13:25:20] [Epoch 290/1000] | Train Loss: 0.8372  |   Time    : 0m 12s | ETA: 2h 00m 36s
[2026-05-28 13:25:20]   Lr : 0.000300 |  Val Loss: 0.4948   | Val Dice  : 0.6230
[2026-05-28 13:25:20] ==========================================================
[2026-05-28 13:25:20] [SAVE] New best record ： 62.30% ! Model saved!
[2026-05-28 13:25:20] 
[2026-05-28 13:25:20] ==========================================================
[2026-05-28 13:25:29] [Epoch 291/1000] | Train Loss: 0.8130  |   Time    : 0m 08s | ETA: 2h 00m 22s
[2026-05-28 13:25:38] [Epoch 292/1000] | Train Loss: 0.8247  |   Time    : 0m 08s | ETA: 2h 00m 08s
[2026-05-28 13:25:48] [Epoch 293/1000] | Train Loss: 0.8700  |   Time    : 0m 10s | ETA: 1h 59m 58s
[2026-05-28 13:25:58] [Epoch 294/1000] | Train Loss: 0.8512  |   Time    : 0m 10s | ETA: 1h 59m 48s
[2026-05-28 13:26:10] ----------------------------------------------------------
[2026-05-28 13:26:10] [Epoch 295/1000] | Train Loss: 0.8255  |   Time    : 0m 11s | ETA: 1h 59m 42s
[2026-05-28 13:26:10]   Lr : 0.000300 |  Val Loss: 0.4678   | Val Dice  : 0.6504
[2026-05-28 13:26:10] ==========================================================
[2026-05-28 13:26:10] [SAVE] New best record ： 65.04% ! Model saved!
[2026-05-28 13:26:10] 
[2026-05-28 13:26:10] ==========================================================
[2026-05-28 13:26:20] [Epoch 296/1000] | Train Loss: 0.8262  |   Time    : 0m 10s | ETA: 1h 59m 31s
[2026-05-28 13:26:30] [Epoch 297/1000] | Train Loss: 0.8313  |   Time    : 0m 09s | ETA: 1h 59m 20s
[2026-05-28 13:26:39] [Epoch 298/1000] | Train Loss: 0.8362  |   Time    : 0m 09s | ETA: 1h 59m 07s
[2026-05-28 13:26:48] [Epoch 299/1000] | Train Loss: 0.8423  |   Time    : 0m 08s | ETA: 1h 58m 54s
[2026-05-28 13:27:01] ----------------------------------------------------------
[2026-05-28 13:27:01] [Epoch 300/1000] | Train Loss: 0.8410  |   Time    : 0m 12s | ETA: 1h 58m 49s
[2026-05-28 13:27:01]   Lr : 0.000300 |  Val Loss: 0.4696   | Val Dice  : 0.6793
[2026-05-28 13:27:01] ==========================================================
[2026-05-28 13:27:01] [SAVE] New best record ： 67.93% ! Model saved!
[2026-05-28 13:27:01] 
[2026-05-28 13:27:01] ==========================================================
[2026-05-28 13:27:11] [Epoch 301/1000] | Train Loss: 0.8367  |   Time    : 0m 09s | ETA: 1h 58m 38s
[2026-05-28 13:27:20] [Epoch 302/1000] | Train Loss: 0.8105  |   Time    : 0m 09s | ETA: 1h 58m 26s
[2026-05-28 13:27:30] [Epoch 303/1000] | Train Loss: 0.8129  |   Time    : 0m 10s | ETA: 1h 58m 16s
[2026-05-28 13:27:40] [Epoch 304/1000] | Train Loss: 0.8195  |   Time    : 0m 09s | ETA: 1h 58m 04s
[2026-05-28 13:27:53] ----------------------------------------------------------
[2026-05-28 13:27:53] [Epoch 305/1000] | Train Loss: 0.8388  |   Time    : 0m 12s | ETA: 1h 58m 00s
[2026-05-28 13:27:53]   Lr : 0.000300 |  Val Loss: 0.4539   | Val Dice  : 0.6743
[2026-05-28 13:27:53] ==========================================================
[2026-05-28 13:27:53] [WARN] No improvement. Patience: 1/50
[2026-05-28 13:27:53] 
[2026-05-28 13:27:53] ==========================================================
[2026-05-28 13:28:03] [Epoch 306/1000] | Train Loss: 0.8551  |   Time    : 0m 10s | ETA: 1h 57m 50s
[2026-05-28 13:28:13] [Epoch 307/1000] | Train Loss: 0.8308  |   Time    : 0m 09s | ETA: 1h 57m 39s
[2026-05-28 13:28:23] [Epoch 308/1000] | Train Loss: 0.8030  |   Time    : 0m 09s | ETA: 1h 57m 28s
[2026-05-28 13:28:33] [Epoch 309/1000] | Train Loss: 0.8179  |   Time    : 0m 09s | ETA: 1h 57m 17s
[2026-05-28 13:28:46] ----------------------------------------------------------
[2026-05-28 13:28:46] [Epoch 310/1000] | Train Loss: 0.8168  |   Time    : 0m 12s | ETA: 1h 57m 13s
[2026-05-28 13:28:46]   Lr : 0.000300 |  Val Loss: 0.4485   | Val Dice  : 0.6771
[2026-05-28 13:28:46] ==========================================================
[2026-05-28 13:28:46] [WARN] No improvement. Patience: 2/50
[2026-05-28 13:28:46] 
[2026-05-28 13:28:46] ==========================================================
[2026-05-28 13:28:55] [Epoch 311/1000] | Train Loss: 0.8181  |   Time    : 0m 09s | ETA: 1h 57m 00s
[2026-05-28 13:29:04] [Epoch 312/1000] | Train Loss: 0.8327  |   Time    : 0m 08s | ETA: 1h 56m 47s
[2026-05-28 13:29:14] [Epoch 313/1000] | Train Loss: 0.8498  |   Time    : 0m 10s | ETA: 1h 56m 37s
[2026-05-28 13:29:23] [Epoch 314/1000] | Train Loss: 0.8276  |   Time    : 0m 09s | ETA: 1h 56m 24s
[2026-05-28 13:29:36] ----------------------------------------------------------
[2026-05-28 13:29:36] [Epoch 315/1000] | Train Loss: 0.8436  |   Time    : 0m 12s | ETA: 1h 56m 19s
[2026-05-28 13:29:36]   Lr : 0.000300 |  Val Loss: 0.4604   | Val Dice  : 0.6734
[2026-05-28 13:29:36] ==========================================================
[2026-05-28 13:29:36] [WARN] No improvement. Patience: 3/50
[2026-05-28 13:29:36] 
[2026-05-28 13:29:36] ==========================================================
[2026-05-28 13:29:46] [Epoch 316/1000] | Train Loss: 0.8366  |   Time    : 0m 09s | ETA: 1h 56m 08s
[2026-05-28 13:29:56] [Epoch 317/1000] | Train Loss: 0.8248  |   Time    : 0m 09s | ETA: 1h 55m 57s
[2026-05-28 13:30:05] [Epoch 318/1000] | Train Loss: 0.8137  |   Time    : 0m 09s | ETA: 1h 55m 46s
[2026-05-28 13:30:16] [Epoch 319/1000] | Train Loss: 0.7951  |   Time    : 0m 10s | ETA: 1h 55m 36s
[2026-05-28 13:30:28] ----------------------------------------------------------
[2026-05-28 13:30:28] [Epoch 320/1000] | Train Loss: 0.8255  |   Time    : 0m 12s | ETA: 1h 55m 31s
[2026-05-28 13:30:28]   Lr : 0.000300 |  Val Loss: 0.4249   | Val Dice  : 0.6975
[2026-05-28 13:30:28] ==========================================================
[2026-05-28 13:30:28] [SAVE] New best record ： 69.75% ! Model saved!
[2026-05-28 13:30:28] 
[2026-05-28 13:30:28] ==========================================================
[2026-05-28 13:30:39] [Epoch 321/1000] | Train Loss: 0.8084  |   Time    : 0m 10s | ETA: 1h 55m 21s
[2026-05-28 13:30:48] [Epoch 322/1000] | Train Loss: 0.8269  |   Time    : 0m 09s | ETA: 1h 55m 09s
[2026-05-28 13:30:57] [Epoch 323/1000] | Train Loss: 0.8350  |   Time    : 0m 09s | ETA: 1h 54m 57s
[2026-05-28 13:31:07] [Epoch 324/1000] | Train Loss: 0.8133  |   Time    : 0m 09s | ETA: 1h 54m 45s
[2026-05-28 13:31:19] ----------------------------------------------------------
[2026-05-28 13:31:19] [Epoch 325/1000] | Train Loss: 0.8151  |   Time    : 0m 12s | ETA: 1h 54m 39s
[2026-05-28 13:31:19]   Lr : 0.000300 |  Val Loss: 0.4621   | Val Dice  : 0.6694
[2026-05-28 13:31:19] ==========================================================
[2026-05-28 13:31:19] [WARN] No improvement. Patience: 1/50
[2026-05-28 13:31:19] 
[2026-05-28 13:31:19] ==========================================================
[2026-05-28 13:31:30] [Epoch 326/1000] | Train Loss: 0.8292  |   Time    : 0m 10s | ETA: 1h 54m 30s
[2026-05-28 13:31:40] [Epoch 327/1000] | Train Loss: 0.8346  |   Time    : 0m 10s | ETA: 1h 54m 19s
[2026-05-28 13:31:50] [Epoch 328/1000] | Train Loss: 0.8143  |   Time    : 0m 09s | ETA: 1h 54m 08s
[2026-05-28 13:31:59] [Epoch 329/1000] | Train Loss: 0.8161  |   Time    : 0m 09s | ETA: 1h 53m 56s
[2026-05-28 13:32:11] ----------------------------------------------------------
[2026-05-28 13:32:11] [Epoch 330/1000] | Train Loss: 0.7967  |   Time    : 0m 11s | ETA: 1h 53m 49s
[2026-05-28 13:32:11]   Lr : 0.000300 |  Val Loss: 0.4175   | Val Dice  : 0.7020
[2026-05-28 13:32:11] ==========================================================
[2026-05-28 13:32:11] [SAVE] New best record ： 70.20% ! Model saved!
[2026-05-28 13:32:11] 
[2026-05-28 13:32:11] ==========================================================
[2026-05-28 13:32:20] [Epoch 331/1000] | Train Loss: 0.7828  |   Time    : 0m 08s | ETA: 1h 53m 36s
[2026-05-28 13:32:30] [Epoch 332/1000] | Train Loss: 0.8132  |   Time    : 0m 10s | ETA: 1h 53m 26s
[2026-05-28 13:32:40] [Epoch 333/1000] | Train Loss: 0.8005  |   Time    : 0m 09s | ETA: 1h 53m 15s
[2026-05-28 13:32:48] [Epoch 334/1000] | Train Loss: 0.8074  |   Time    : 0m 08s | ETA: 1h 53m 01s
[2026-05-28 13:33:01] ----------------------------------------------------------
[2026-05-28 13:33:01] [Epoch 335/1000] | Train Loss: 0.8166  |   Time    : 0m 12s | ETA: 1h 52m 55s
[2026-05-28 13:33:01]   Lr : 0.000300 |  Val Loss: 0.4207   | Val Dice  : 0.6955
[2026-05-28 13:33:01] ==========================================================
[2026-05-28 13:33:01] [WARN] No improvement. Patience: 1/50
[2026-05-28 13:33:01] 
[2026-05-28 13:33:01] ==========================================================
[2026-05-28 13:33:11] [Epoch 336/1000] | Train Loss: 0.8166  |   Time    : 0m 09s | ETA: 1h 52m 44s
[2026-05-28 13:33:21] [Epoch 337/1000] | Train Loss: 0.8043  |   Time    : 0m 09s | ETA: 1h 52m 33s
[2026-05-28 13:33:30] [Epoch 338/1000] | Train Loss: 0.8205  |   Time    : 0m 09s | ETA: 1h 52m 22s
[2026-05-28 13:33:39] [Epoch 339/1000] | Train Loss: 0.8479  |   Time    : 0m 08s | ETA: 1h 52m 09s
[2026-05-28 13:33:52] ----------------------------------------------------------
[2026-05-28 13:33:52] [Epoch 340/1000] | Train Loss: 0.7983  |   Time    : 0m 12s | ETA: 1h 52m 03s
[2026-05-28 13:33:52]   Lr : 0.000300 |  Val Loss: 0.4105   | Val Dice  : 0.7032
[2026-05-28 13:33:52] ==========================================================
[2026-05-28 13:33:52] [SAVE] New best record ： 70.32% ! Model saved!
[2026-05-28 13:33:52] 
[2026-05-28 13:33:52] ==========================================================
[2026-05-28 13:34:01] [Epoch 341/1000] | Train Loss: 0.8264  |   Time    : 0m 09s | ETA: 1h 51m 51s
[2026-05-28 13:34:10] [Epoch 342/1000] | Train Loss: 0.8297  |   Time    : 0m 08s | ETA: 1h 51m 38s
[2026-05-28 13:34:20] [Epoch 343/1000] | Train Loss: 0.7881  |   Time    : 0m 09s | ETA: 1h 51m 27s
[2026-05-28 13:34:30] [Epoch 344/1000] | Train Loss: 0.7822  |   Time    : 0m 10s | ETA: 1h 51m 18s
[2026-05-28 13:34:43] ----------------------------------------------------------
[2026-05-28 13:34:43] [Epoch 345/1000] | Train Loss: 0.8017  |   Time    : 0m 12s | ETA: 1h 51m 12s
[2026-05-28 13:34:43]   Lr : 0.000300 |  Val Loss: 0.4105   | Val Dice  : 0.6949
[2026-05-28 13:34:43] ==========================================================
[2026-05-28 13:34:43] [WARN] No improvement. Patience: 1/50
[2026-05-28 13:34:43] 
[2026-05-28 13:34:43] ==========================================================
[2026-05-28 13:34:52] [Epoch 346/1000] | Train Loss: 0.7948  |   Time    : 0m 09s | ETA: 1h 51m 00s
[2026-05-28 13:35:01] [Epoch 347/1000] | Train Loss: 0.8114  |   Time    : 0m 08s | ETA: 1h 50m 46s
[2026-05-28 13:35:10] [Epoch 348/1000] | Train Loss: 0.7852  |   Time    : 0m 09s | ETA: 1h 50m 35s
[2026-05-28 13:35:20] [Epoch 349/1000] | Train Loss: 0.7994  |   Time    : 0m 09s | ETA: 1h 50m 23s
[2026-05-28 13:35:33] ----------------------------------------------------------
[2026-05-28 13:35:33] [Epoch 350/1000] | Train Loss: 0.8226  |   Time    : 0m 12s | ETA: 1h 50m 18s
[2026-05-28 13:35:33]   Lr : 0.000300 |  Val Loss: 0.4198   | Val Dice  : 0.6952
[2026-05-28 13:35:33] ==========================================================
[2026-05-28 13:35:33] [WARN] No improvement. Patience: 2/50
[2026-05-28 13:35:33] 
[2026-05-28 13:35:33] ==========================================================
[2026-05-28 13:35:42] [Epoch 351/1000] | Train Loss: 0.7835  |   Time    : 0m 09s | ETA: 1h 50m 06s
[2026-05-28 13:35:52] [Epoch 352/1000] | Train Loss: 0.8186  |   Time    : 0m 10s | ETA: 1h 49m 56s
[2026-05-28 13:36:02] [Epoch 353/1000] | Train Loss: 0.8016  |   Time    : 0m 09s | ETA: 1h 49m 44s
[2026-05-28 13:36:12] [Epoch 354/1000] | Train Loss: 0.8145  |   Time    : 0m 10s | ETA: 1h 49m 35s
[2026-05-28 13:36:24] ----------------------------------------------------------
[2026-05-28 13:36:24] [Epoch 355/1000] | Train Loss: 0.7775  |   Time    : 0m 12s | ETA: 1h 49m 28s
[2026-05-28 13:36:24]   Lr : 0.000300 |  Val Loss: 0.3869   | Val Dice  : 0.7246
[2026-05-28 13:36:24] ==========================================================
[2026-05-28 13:36:24] [SAVE] New best record ： 72.46% ! Model saved!
[2026-05-28 13:36:24] 
[2026-05-28 13:36:24] ==========================================================
[2026-05-28 13:36:34] [Epoch 356/1000] | Train Loss: 0.8010  |   Time    : 0m 09s | ETA: 1h 49m 17s
[2026-05-28 13:36:43] [Epoch 357/1000] | Train Loss: 0.8101  |   Time    : 0m 08s | ETA: 1h 49m 04s
[2026-05-28 13:36:52] [Epoch 358/1000] | Train Loss: 0.7723  |   Time    : 0m 09s | ETA: 1h 48m 52s
[2026-05-28 13:37:02] [Epoch 359/1000] | Train Loss: 0.7677  |   Time    : 0m 09s | ETA: 1h 48m 41s
[2026-05-28 13:37:15] ----------------------------------------------------------
[2026-05-28 13:37:15] [Epoch 360/1000] | Train Loss: 0.7923  |   Time    : 0m 13s | ETA: 1h 48m 36s
[2026-05-28 13:37:15]   Lr : 0.000300 |  Val Loss: 0.4058   | Val Dice  : 0.7034
[2026-05-28 13:37:15] ==========================================================
[2026-05-28 13:37:15] [WARN] No improvement. Patience: 1/50
[2026-05-28 13:37:15] 
[2026-05-28 13:37:15] ==========================================================
[2026-05-28 13:37:24] [Epoch 361/1000] | Train Loss: 0.7968  |   Time    : 0m 09s | ETA: 1h 48m 24s
[2026-05-28 13:37:34] [Epoch 362/1000] | Train Loss: 0.8043  |   Time    : 0m 09s | ETA: 1h 48m 13s
[2026-05-28 13:37:43] [Epoch 363/1000] | Train Loss: 0.8002  |   Time    : 0m 08s | ETA: 1h 48m 00s
[2026-05-28 13:37:52] [Epoch 364/1000] | Train Loss: 0.7831  |   Time    : 0m 09s | ETA: 1h 47m 49s
[2026-05-28 13:38:04] ----------------------------------------------------------
[2026-05-28 13:38:04] [Epoch 365/1000] | Train Loss: 0.7825  |   Time    : 0m 11s | ETA: 1h 47m 42s
[2026-05-28 13:38:04]   Lr : 0.000300 |  Val Loss: 0.3994   | Val Dice  : 0.7061
[2026-05-28 13:38:04] ==========================================================
[2026-05-28 13:38:04] [WARN] No improvement. Patience: 2/50
[2026-05-28 13:38:04] 
[2026-05-28 13:38:04] ==========================================================
[2026-05-28 13:38:15] [Epoch 366/1000] | Train Loss: 0.8079  |   Time    : 0m 10s | ETA: 1h 47m 32s
[2026-05-28 13:38:24] [Epoch 367/1000] | Train Loss: 0.7758  |   Time    : 0m 09s | ETA: 1h 47m 21s
[2026-05-28 13:38:35] [Epoch 368/1000] | Train Loss: 0.8027  |   Time    : 0m 10s | ETA: 1h 47m 11s
[2026-05-28 13:38:45] [Epoch 369/1000] | Train Loss: 0.7931  |   Time    : 0m 10s | ETA: 1h 47m 00s
[2026-05-28 13:38:58] ----------------------------------------------------------
[2026-05-28 13:38:58] [Epoch 370/1000] | Train Loss: 0.8091  |   Time    : 0m 12s | ETA: 1h 46m 54s
[2026-05-28 13:38:58]   Lr : 0.000300 |  Val Loss: 0.3871   | Val Dice  : 0.7213
[2026-05-28 13:38:58] ==========================================================
[2026-05-28 13:38:58] [WARN] No improvement. Patience: 3/50
[2026-05-28 13:38:58] 
[2026-05-28 13:38:58] ==========================================================
[2026-05-28 13:39:07] [Epoch 371/1000] | Train Loss: 0.8109  |   Time    : 0m 09s | ETA: 1h 46m 43s
[2026-05-28 13:39:16] [Epoch 372/1000] | Train Loss: 0.8003  |   Time    : 0m 09s | ETA: 1h 46m 31s
[2026-05-28 13:39:26] [Epoch 373/1000] | Train Loss: 0.7955  |   Time    : 0m 09s | ETA: 1h 46m 20s
[2026-05-28 13:39:36] [Epoch 374/1000] | Train Loss: 0.7774  |   Time    : 0m 09s | ETA: 1h 46m 10s
[2026-05-28 13:39:48] ----------------------------------------------------------
[2026-05-28 13:39:48] [Epoch 375/1000] | Train Loss: 0.8037  |   Time    : 0m 11s | ETA: 1h 46m 02s
[2026-05-28 13:39:48]   Lr : 0.000300 |  Val Loss: 0.3750   | Val Dice  : 0.7309
[2026-05-28 13:39:48] ==========================================================
[2026-05-28 13:39:48] [SAVE] New best record ： 73.09% ! Model saved!
[2026-05-28 13:39:48] 
[2026-05-28 13:39:48] ==========================================================
[2026-05-28 13:39:57] [Epoch 376/1000] | Train Loss: 0.8029  |   Time    : 0m 09s | ETA: 1h 45m 50s
[2026-05-28 13:40:07] [Epoch 377/1000] | Train Loss: 0.7945  |   Time    : 0m 09s | ETA: 1h 45m 39s
[2026-05-28 13:40:17] [Epoch 378/1000] | Train Loss: 0.7881  |   Time    : 0m 10s | ETA: 1h 45m 29s
[2026-05-28 13:40:26] [Epoch 379/1000] | Train Loss: 0.8036  |   Time    : 0m 08s | ETA: 1h 45m 17s
[2026-05-28 13:40:39] ----------------------------------------------------------
[2026-05-28 13:40:39] [Epoch 380/1000] | Train Loss: 0.8024  |   Time    : 0m 12s | ETA: 1h 45m 10s
[2026-05-28 13:40:39]   Lr : 0.000300 |  Val Loss: 0.3784   | Val Dice  : 0.7278
[2026-05-28 13:40:39] ==========================================================
[2026-05-28 13:40:39] [WARN] No improvement. Patience: 1/50
[2026-05-28 13:40:39] 
[2026-05-28 13:40:39] ==========================================================
[2026-05-28 13:40:48] [Epoch 381/1000] | Train Loss: 0.7960  |   Time    : 0m 09s | ETA: 1h 44m 59s
[2026-05-28 13:40:58] [Epoch 382/1000] | Train Loss: 0.7865  |   Time    : 0m 09s | ETA: 1h 44m 47s
[2026-05-28 13:41:07] [Epoch 383/1000] | Train Loss: 0.7839  |   Time    : 0m 09s | ETA: 1h 44m 36s
[2026-05-28 13:41:17] [Epoch 384/1000] | Train Loss: 0.8120  |   Time    : 0m 09s | ETA: 1h 44m 25s
[2026-05-28 13:41:29] ----------------------------------------------------------
[2026-05-28 13:41:29] [Epoch 385/1000] | Train Loss: 0.7948  |   Time    : 0m 11s | ETA: 1h 44m 17s
[2026-05-28 13:41:29]   Lr : 0.000300 |  Val Loss: 0.3963   | Val Dice  : 0.7087
[2026-05-28 13:41:29] ==========================================================
[2026-05-28 13:41:29] [WARN] No improvement. Patience: 2/50
[2026-05-28 13:41:29] 
[2026-05-28 13:41:29] ==========================================================
[2026-05-28 13:41:38] [Epoch 386/1000] | Train Loss: 0.8104  |   Time    : 0m 08s | ETA: 1h 44m 05s
[2026-05-28 13:41:47] [Epoch 387/1000] | Train Loss: 0.8423  |   Time    : 0m 09s | ETA: 1h 43m 54s
[2026-05-28 13:41:56] [Epoch 388/1000] | Train Loss: 0.7963  |   Time    : 0m 09s | ETA: 1h 43m 42s
[2026-05-28 13:42:05] [Epoch 389/1000] | Train Loss: 0.8052  |   Time    : 0m 08s | ETA: 1h 43m 30s
[2026-05-28 13:42:18] ----------------------------------------------------------
[2026-05-28 13:42:18] [Epoch 390/1000] | Train Loss: 0.7598  |   Time    : 0m 12s | ETA: 1h 43m 23s
[2026-05-28 13:42:18]   Lr : 0.000300 |  Val Loss: 0.3824   | Val Dice  : 0.7185
[2026-05-28 13:42:18] ==========================================================
[2026-05-28 13:42:18] [WARN] No improvement. Patience: 3/50
[2026-05-28 13:42:18] 
[2026-05-28 13:42:18] ==========================================================
[2026-05-28 13:42:27] [Epoch 391/1000] | Train Loss: 0.8024  |   Time    : 0m 08s | ETA: 1h 43m 11s
[2026-05-28 13:42:37] [Epoch 392/1000] | Train Loss: 0.8037  |   Time    : 0m 10s | ETA: 1h 43m 00s
[2026-05-28 13:42:46] [Epoch 393/1000] | Train Loss: 0.7997  |   Time    : 0m 09s | ETA: 1h 42m 49s
[2026-05-28 13:42:55] [Epoch 394/1000] | Train Loss: 0.7759  |   Time    : 0m 09s | ETA: 1h 42m 37s
[2026-05-28 13:43:07] ----------------------------------------------------------
[2026-05-28 13:43:07] [Epoch 395/1000] | Train Loss: 0.7589  |   Time    : 0m 11s | ETA: 1h 42m 29s
[2026-05-28 13:43:07]   Lr : 0.000300 |  Val Loss: 0.3732   | Val Dice  : 0.7258
[2026-05-28 13:43:07] ==========================================================
[2026-05-28 13:43:07] [WARN] No improvement. Patience: 4/50
[2026-05-28 13:43:07] 
[2026-05-28 13:43:07] ==========================================================
[2026-05-28 13:43:18] [Epoch 396/1000] | Train Loss: 0.7750  |   Time    : 0m 10s | ETA: 1h 42m 19s
[2026-05-28 13:43:27] [Epoch 397/1000] | Train Loss: 0.7722  |   Time    : 0m 09s | ETA: 1h 42m 08s
[2026-05-28 13:43:36] [Epoch 398/1000] | Train Loss: 0.8096  |   Time    : 0m 09s | ETA: 1h 41m 56s
[2026-05-28 13:43:45] [Epoch 399/1000] | Train Loss: 0.7654  |   Time    : 0m 08s | ETA: 1h 41m 44s
[2026-05-28 13:43:58] ----------------------------------------------------------
[2026-05-28 13:43:58] [Epoch 400/1000] | Train Loss: 0.7993  |   Time    : 0m 13s | ETA: 1h 41m 38s
[2026-05-28 13:43:58]   Lr : 0.000300 |  Val Loss: 0.3939   | Val Dice  : 0.7120
[2026-05-28 13:43:58] ==========================================================
[2026-05-28 13:43:58] [WARN] No improvement. Patience: 5/50
[2026-05-28 13:43:58] 
[2026-05-28 13:43:58] ==========================================================
[2026-05-28 13:44:10] [Epoch 401/1000] | Train Loss: 0.7644  |   Time    : 0m 11s | ETA: 1h 41m 31s
