[2026-04-29 16:07:26] 
[2026-04-29 16:07:26] === Pre-flight Checklist ===✈
[2026-04-29 16:07:26] [INFO] Device set to: cuda
[2026-04-29 16:07:40] [INFO] Dataset loaded. Training samples: 58 | Validation samples: 8
[2026-04-29 16:07:40] [INFO] MONAI 3D UNet Initialized. Total params: 4,822,057
[2026-04-29 16:07:40] [INFO] Criterion: MONAI DiceCELoss(to_onehot_y=True, softmax=True, include_background=False)
[2026-04-29 16:07:40] [INFO] Optimizer configured: AdamW (lr=0.0003, weight_decay=1e-5)
[2026-04-29 16:07:40] [INFO] Scheduler: ReduceLROnPlateau (factor=0.8, patience=15)
[2026-04-29 16:07:40] [INFO] Early Stopping configured. Patience: 50 epochs, max_epochs: 500
[2026-04-29 16:07:40] ============================
[2026-04-29 16:07:40] 
[2026-04-29 16:07:40] 
===== Training Started ====✈

[2026-04-29 16:07:40] ==========================================================
[2026-04-29 16:08:07] [Epoch 001/500] | Train Loss: 3.0647  |   Time    : 0m 26s
[2026-04-29 16:08:32] [Epoch 002/500] | Train Loss: 1.7437  |   Time    : 0m 25s
[2026-04-29 16:08:59] [Epoch 003/500] | Train Loss: 1.2603  |   Time    : 0m 26s
[2026-04-29 16:09:23] [Epoch 004/500] | Train Loss: 1.1615  |   Time    : 0m 23s
[2026-04-29 16:09:49] ----------------------------------------------------------
[2026-04-29 16:09:49] [Epoch 005/500] | Train Loss: 1.1265  |   Time    : 0m 26s
[2026-04-29 16:09:49]   Lr : 0.000300 |  Val Loss: 1.1292   | Val Dice  : 0.0000
[2026-04-29 16:09:49] ==========================================================
[2026-04-29 16:09:49] [WARN] No improvement. Patience: 1/50
[2026-04-29 16:09:49] 
[2026-04-29 16:09:49] ==========================================================
[2026-04-29 16:10:14] [Epoch 006/500] | Train Loss: 1.1046  |   Time    : 0m 24s
[2026-04-29 16:10:38] [Epoch 007/500] | Train Loss: 1.0898  |   Time    : 0m 24s
[2026-04-29 16:11:05] [Epoch 008/500] | Train Loss: 1.0766  |   Time    : 0m 26s
[2026-04-29 16:11:32] [Epoch 009/500] | Train Loss: 1.0676  |   Time    : 0m 27s
[2026-04-29 16:11:59] ----------------------------------------------------------
[2026-04-29 16:11:59] [Epoch 010/500] | Train Loss: 1.0609  |   Time    : 0m 26s
[2026-04-29 16:11:59]   Lr : 0.000300 |  Val Loss: 1.0664   | Val Dice  : 0.2060
[2026-04-29 16:11:59] ==========================================================
[2026-04-29 16:11:59] [SAVE] New best record ： 20.60% ! Model saved!
[2026-04-29 16:11:59] 
[2026-04-29 16:11:59] ==========================================================
[2026-04-29 16:12:25] [Epoch 011/500] | Train Loss: 1.0529  |   Time    : 0m 25s
[2026-04-29 16:12:49] [Epoch 012/500] | Train Loss: 1.0480  |   Time    : 0m 24s
[2026-04-29 16:13:15] [Epoch 013/500] | Train Loss: 1.0417  |   Time    : 0m 25s
[2026-04-29 16:13:42] [Epoch 014/500] | Train Loss: 1.0401  |   Time    : 0m 26s
[2026-04-29 16:14:09] ----------------------------------------------------------
[2026-04-29 16:14:09] [Epoch 015/500] | Train Loss: 1.0387  |   Time    : 0m 26s
[2026-04-29 16:14:09]   Lr : 0.000300 |  Val Loss: 1.0422   | Val Dice  : 0.1884
[2026-04-29 16:14:09] ==========================================================
[2026-04-29 16:14:09] [WARN] No improvement. Patience: 1/50
[2026-04-29 16:14:09] 
[2026-04-29 16:14:09] ==========================================================
[2026-04-29 16:14:34] [Epoch 016/500] | Train Loss: 1.0298  |   Time    : 0m 24s
[2026-04-29 16:14:58] [Epoch 017/500] | Train Loss: 1.0325  |   Time    : 0m 24s
[2026-04-29 16:15:24] [Epoch 018/500] | Train Loss: 1.0281  |   Time    : 0m 25s
[2026-04-29 16:15:50] [Epoch 019/500] | Train Loss: 1.0208  |   Time    : 0m 26s
[2026-04-29 16:16:16] ----------------------------------------------------------
[2026-04-29 16:16:16] [Epoch 020/500] | Train Loss: 1.0193  |   Time    : 0m 25s
[2026-04-29 16:16:16]   Lr : 0.000300 |  Val Loss: 1.0062   | Val Dice  : 0.5067
[2026-04-29 16:16:16] ==========================================================
[2026-04-29 16:16:16] [SAVE] New best record ： 50.67% ! Model saved!
[2026-04-29 16:16:16] 
[2026-04-29 16:16:16] ==========================================================
[2026-04-29 16:16:41] [Epoch 021/500] | Train Loss: 1.0183  |   Time    : 0m 24s
[2026-04-29 16:17:07] [Epoch 022/500] | Train Loss: 1.0164  |   Time    : 0m 25s
[2026-04-29 16:17:32] [Epoch 023/500] | Train Loss: 1.0144  |   Time    : 0m 24s
[2026-04-29 16:17:57] [Epoch 024/500] | Train Loss: 1.0106  |   Time    : 0m 24s
[2026-04-29 16:18:23] ----------------------------------------------------------
[2026-04-29 16:18:23] [Epoch 025/500] | Train Loss: 1.0079  |   Time    : 0m 26s
[2026-04-29 16:18:23]   Lr : 0.000300 |  Val Loss: 1.0049   | Val Dice  : 0.4995
[2026-04-29 16:18:23] ==========================================================
[2026-04-29 16:18:23] [WARN] No improvement. Patience: 1/50
[2026-04-29 16:18:23] 
[2026-04-29 16:18:23] ==========================================================
[2026-04-29 16:18:49] [Epoch 026/500] | Train Loss: 1.0072  |   Time    : 0m 25s
[2026-04-29 16:19:14] [Epoch 027/500] | Train Loss: 1.0053  |   Time    : 0m 25s
[2026-04-29 16:19:39] [Epoch 028/500] | Train Loss: 1.0060  |   Time    : 0m 24s
[2026-04-29 16:20:04] [Epoch 029/500] | Train Loss: 1.0058  |   Time    : 0m 25s
[2026-04-29 16:20:31] ----------------------------------------------------------
[2026-04-29 16:20:31] [Epoch 030/500] | Train Loss: 1.0056  |   Time    : 0m 26s
[2026-04-29 16:20:31]   Lr : 0.000300 |  Val Loss: 0.9962   | Val Dice  : 0.5668
[2026-04-29 16:20:31] ==========================================================
[2026-04-29 16:20:31] [SAVE] New best record ： 56.68% ! Model saved!
[2026-04-29 16:20:31] 
[2026-04-29 16:20:31] ==========================================================
[2026-04-29 16:20:57] [Epoch 031/500] | Train Loss: 1.0049  |   Time    : 0m 26s
[2026-04-29 16:21:25] [Epoch 032/500] | Train Loss: 1.0023  |   Time    : 0m 27s
[2026-04-29 16:21:50] [Epoch 033/500] | Train Loss: 1.0026  |   Time    : 0m 25s
[2026-04-29 16:22:16] [Epoch 034/500] | Train Loss: 1.0003  |   Time    : 0m 26s
[2026-04-29 16:22:42] ----------------------------------------------------------
[2026-04-29 16:22:42] [Epoch 035/500] | Train Loss: 0.9966  |   Time    : 0m 25s
[2026-04-29 16:22:42]   Lr : 0.000300 |  Val Loss: 1.0012   | Val Dice  : 0.5996
[2026-04-29 16:22:42] ==========================================================
[2026-04-29 16:22:42] [SAVE] New best record ： 59.96% ! Model saved!
[2026-04-29 16:22:42] 
[2026-04-29 16:22:42] ==========================================================
[2026-04-29 16:23:07] [Epoch 036/500] | Train Loss: 1.0030  |   Time    : 0m 25s
[2026-04-29 16:23:33] [Epoch 037/500] | Train Loss: 0.9992  |   Time    : 0m 25s
[2026-04-29 16:23:58] [Epoch 038/500] | Train Loss: 0.9978  |   Time    : 0m 24s
[2026-04-29 16:24:23] [Epoch 039/500] | Train Loss: 0.9966  |   Time    : 0m 24s
[2026-04-29 16:24:48] ----------------------------------------------------------
[2026-04-29 16:24:48] [Epoch 040/500] | Train Loss: 0.9976  |   Time    : 0m 24s
[2026-04-29 16:24:48]   Lr : 0.000300 |  Val Loss: 0.9767   | Val Dice  : 0.6572
[2026-04-29 16:24:48] ==========================================================
[2026-04-29 16:24:48] [SAVE] New best record ： 65.72% ! Model saved!
[2026-04-29 16:24:48] 
[2026-04-29 16:24:48] ==========================================================
[2026-04-29 16:25:15] [Epoch 041/500] | Train Loss: 0.9970  |   Time    : 0m 26s
[2026-04-29 16:25:41] [Epoch 042/500] | Train Loss: 0.9950  |   Time    : 0m 26s
[2026-04-29 16:26:06] [Epoch 043/500] | Train Loss: 0.9983  |   Time    : 0m 24s
[2026-04-29 16:26:31] [Epoch 044/500] | Train Loss: 0.9965  |   Time    : 0m 24s
[2026-04-29 16:26:57] ----------------------------------------------------------
[2026-04-29 16:26:57] [Epoch 045/500] | Train Loss: 0.9922  |   Time    : 0m 26s
[2026-04-29 16:26:57]   Lr : 0.000300 |  Val Loss: 0.9720   | Val Dice  : 0.7195
[2026-04-29 16:26:57] ==========================================================
[2026-04-29 16:26:58] [SAVE] New best record ： 71.95% ! Model saved!
[2026-04-29 16:26:58] 
[2026-04-29 16:26:58] ==========================================================
[2026-04-29 16:27:23] [Epoch 046/500] | Train Loss: 0.9931  |   Time    : 0m 25s
[2026-04-29 16:27:48] [Epoch 047/500] | Train Loss: 0.9941  |   Time    : 0m 25s
[2026-04-29 16:28:14] [Epoch 048/500] | Train Loss: 0.9941  |   Time    : 0m 25s
[2026-04-29 16:28:40] [Epoch 049/500] | Train Loss: 0.9934  |   Time    : 0m 25s
[2026-04-29 16:29:06] ----------------------------------------------------------
[2026-04-29 16:29:06] [Epoch 050/500] | Train Loss: 0.9917  |   Time    : 0m 25s
[2026-04-29 16:29:06]   Lr : 0.000300 |  Val Loss: 0.9751   | Val Dice  : 0.6961
[2026-04-29 16:29:06] ==========================================================
[2026-04-29 16:29:06] [WARN] No improvement. Patience: 1/50
[2026-04-29 16:29:06] 
[2026-04-29 16:29:06] ==========================================================
[2026-04-29 16:29:31] [Epoch 051/500] | Train Loss: 0.9910  |   Time    : 0m 25s
[2026-04-29 16:29:54] [Epoch 052/500] | Train Loss: 0.9891  |   Time    : 0m 23s
[2026-04-29 16:30:21] [Epoch 053/500] | Train Loss: 0.9920  |   Time    : 0m 27s
[2026-04-29 16:30:44] [Epoch 054/500] | Train Loss: 0.9929  |   Time    : 0m 23s
[2026-04-29 16:31:11] ----------------------------------------------------------
[2026-04-29 16:31:11] [Epoch 055/500] | Train Loss: 0.9889  |   Time    : 0m 26s
[2026-04-29 16:31:11]   Lr : 0.000300 |  Val Loss: 0.9663   | Val Dice  : 0.7490
[2026-04-29 16:31:11] ==========================================================
[2026-04-29 16:31:11] [SAVE] New best record ： 74.90% ! Model saved!
[2026-04-29 16:31:11] 
[2026-04-29 16:31:11] ==========================================================
[2026-04-29 16:31:38] [Epoch 056/500] | Train Loss: 0.9875  |   Time    : 0m 26s
[2026-04-29 16:32:02] [Epoch 057/500] | Train Loss: 0.9888  |   Time    : 0m 24s
[2026-04-29 16:32:27] [Epoch 058/500] | Train Loss: 0.9885  |   Time    : 0m 25s
[2026-04-29 16:32:53] [Epoch 059/500] | Train Loss: 0.9890  |   Time    : 0m 25s
[2026-04-29 16:33:21] ----------------------------------------------------------
[2026-04-29 16:33:21] [Epoch 060/500] | Train Loss: 0.9885  |   Time    : 0m 27s
[2026-04-29 16:33:21]   Lr : 0.000300 |  Val Loss: 0.9639   | Val Dice  : 0.7551
[2026-04-29 16:33:21] ==========================================================
[2026-04-29 16:33:21] [SAVE] New best record ： 75.51% ! Model saved!
[2026-04-29 16:33:21] 
[2026-04-29 16:33:21] ==========================================================
[2026-04-29 16:33:46] [Epoch 061/500] | Train Loss: 0.9887  |   Time    : 0m 24s
[2026-04-29 16:34:10] [Epoch 062/500] | Train Loss: 0.9881  |   Time    : 0m 24s
[2026-04-29 16:34:36] [Epoch 063/500] | Train Loss: 0.9875  |   Time    : 0m 25s
[2026-04-29 16:35:01] [Epoch 064/500] | Train Loss: 0.9869  |   Time    : 0m 25s
[2026-04-29 16:35:27] ----------------------------------------------------------
[2026-04-29 16:35:27] [Epoch 065/500] | Train Loss: 0.9878  |   Time    : 0m 25s
[2026-04-29 16:35:27]   Lr : 0.000300 |  Val Loss: 0.9630   | Val Dice  : 0.7599
[2026-04-29 16:35:27] ==========================================================
[2026-04-29 16:35:27] [SAVE] New best record ： 75.99% ! Model saved!
[2026-04-29 16:35:27] 
[2026-04-29 16:35:27] ==========================================================
[2026-04-29 16:35:50] [Epoch 066/500] | Train Loss: 0.9872  |   Time    : 0m 23s
[2026-04-29 16:36:16] [Epoch 067/500] | Train Loss: 0.9860  |   Time    : 0m 25s
[2026-04-29 16:36:41] [Epoch 068/500] | Train Loss: 0.9836  |   Time    : 0m 25s
[2026-04-29 16:37:07] [Epoch 069/500] | Train Loss: 0.9848  |   Time    : 0m 25s
[2026-04-29 16:37:33] ----------------------------------------------------------
[2026-04-29 16:37:33] [Epoch 070/500] | Train Loss: 0.9852  |   Time    : 0m 25s
[2026-04-29 16:37:33]   Lr : 0.000300 |  Val Loss: 0.9619   | Val Dice  : 0.7658
[2026-04-29 16:37:33] ==========================================================
[2026-04-29 16:37:33] [SAVE] New best record ： 76.58% ! Model saved!
[2026-04-29 16:37:33] 
[2026-04-29 16:37:33] ==========================================================
[2026-04-29 16:38:01] [Epoch 071/500] | Train Loss: 0.9869  |   Time    : 0m 28s
[2026-04-29 16:38:26] [Epoch 072/500] | Train Loss: 0.9887  |   Time    : 0m 24s
[2026-04-29 16:38:51] [Epoch 073/500] | Train Loss: 0.9842  |   Time    : 0m 24s
[2026-04-29 16:39:18] [Epoch 074/500] | Train Loss: 0.9844  |   Time    : 0m 27s
[2026-04-29 16:39:44] ----------------------------------------------------------
[2026-04-29 16:39:44] [Epoch 075/500] | Train Loss: 0.9833  |   Time    : 0m 26s
[2026-04-29 16:39:44]   Lr : 0.000300 |  Val Loss: 0.9660   | Val Dice  : 0.7389
[2026-04-29 16:39:44] ==========================================================
[2026-04-29 16:39:44] [WARN] No improvement. Patience: 1/50
[2026-04-29 16:39:44] 
[2026-04-29 16:39:44] ==========================================================
[2026-04-29 16:40:10] [Epoch 076/500] | Train Loss: 0.9833  |   Time    : 0m 25s
[2026-04-29 16:40:37] [Epoch 077/500] | Train Loss: 0.9858  |   Time    : 0m 26s
[2026-04-29 16:41:03] [Epoch 078/500] | Train Loss: 0.9850  |   Time    : 0m 25s
[2026-04-29 16:41:30] [Epoch 079/500] | Train Loss: 0.9869  |   Time    : 0m 26s
[2026-04-29 16:41:57] ----------------------------------------------------------
[2026-04-29 16:41:57] [Epoch 080/500] | Train Loss: 0.9835  |   Time    : 0m 27s
[2026-04-29 16:41:57]   Lr : 0.000300 |  Val Loss: 0.9645   | Val Dice  : 0.7537
[2026-04-29 16:41:57] ==========================================================
[2026-04-29 16:41:57] [WARN] No improvement. Patience: 2/50
[2026-04-29 16:41:57] 
[2026-04-29 16:41:57] ==========================================================
[2026-04-29 16:42:22] [Epoch 081/500] | Train Loss: 0.9837  |   Time    : 0m 25s
[2026-04-29 16:42:48] [Epoch 082/500] | Train Loss: 0.9816  |   Time    : 0m 25s
[2026-04-29 16:43:12] [Epoch 083/500] | Train Loss: 0.9856  |   Time    : 0m 24s
[2026-04-29 16:43:38] [Epoch 084/500] | Train Loss: 0.9833  |   Time    : 0m 24s
[2026-04-29 16:44:04] ----------------------------------------------------------
[2026-04-29 16:44:04] [Epoch 085/500] | Train Loss: 0.9845  |   Time    : 0m 26s
[2026-04-29 16:44:04]   Lr : 0.000300 |  Val Loss: 0.9644   | Val Dice  : 0.7611
[2026-04-29 16:44:04] ==========================================================
[2026-04-29 16:44:04] [WARN] No improvement. Patience: 3/50
[2026-04-29 16:44:04] 
[2026-04-29 16:44:04] ==========================================================
[2026-04-29 16:44:30] [Epoch 086/500] | Train Loss: 0.9839  |   Time    : 0m 25s
[2026-04-29 16:44:54] [Epoch 087/500] | Train Loss: 0.9825  |   Time    : 0m 24s
[2026-04-29 16:45:17] [Epoch 088/500] | Train Loss: 0.9836  |   Time    : 0m 22s
[2026-04-29 16:45:43] [Epoch 089/500] | Train Loss: 0.9847  |   Time    : 0m 25s
[2026-04-29 16:46:09] ----------------------------------------------------------
[2026-04-29 16:46:09] [Epoch 090/500] | Train Loss: 0.9807  |   Time    : 0m 26s
[2026-04-29 16:46:09]   Lr : 0.000300 |  Val Loss: 0.9677   | Val Dice  : 0.7425
[2026-04-29 16:46:09] ==========================================================
[2026-04-29 16:46:09] [WARN] No improvement. Patience: 4/50
[2026-04-29 16:46:09] 
[2026-04-29 16:46:09] ==========================================================
[2026-04-29 16:46:35] [Epoch 091/500] | Train Loss: 0.9819  |   Time    : 0m 25s
[2026-04-29 16:46:59] [Epoch 092/500] | Train Loss: 0.9822  |   Time    : 0m 23s
[2026-04-29 16:47:26] [Epoch 093/500] | Train Loss: 0.9834  |   Time    : 0m 26s
[2026-04-29 16:47:50] [Epoch 094/500] | Train Loss: 0.9816  |   Time    : 0m 24s
[2026-04-29 16:48:15] ----------------------------------------------------------
[2026-04-29 16:48:15] [Epoch 095/500] | Train Loss: 0.9825  |   Time    : 0m 25s
[2026-04-29 16:48:15]   Lr : 0.000300 |  Val Loss: 0.9597   | Val Dice  : 0.7799
[2026-04-29 16:48:15] ==========================================================
[2026-04-29 16:48:16] [SAVE] New best record ： 77.99% ! Model saved!
[2026-04-29 16:48:16] 
[2026-04-29 16:48:16] ==========================================================
[2026-04-29 16:48:41] [Epoch 096/500] | Train Loss: 0.9829  |   Time    : 0m 25s
[2026-04-29 16:49:06] [Epoch 097/500] | Train Loss: 0.9818  |   Time    : 0m 25s
[2026-04-29 16:49:31] [Epoch 098/500] | Train Loss: 0.9800  |   Time    : 0m 24s
[2026-04-29 16:49:54] [Epoch 099/500] | Train Loss: 0.9826  |   Time    : 0m 22s
[2026-04-29 16:50:20] ----------------------------------------------------------
[2026-04-29 16:50:20] [Epoch 100/500] | Train Loss: 0.9806  |   Time    : 0m 26s
[2026-04-29 16:50:20]   Lr : 0.000300 |  Val Loss: 0.9590   | Val Dice  : 0.7657
[2026-04-29 16:50:20] ==========================================================
[2026-04-29 16:50:20] [WARN] No improvement. Patience: 1/50
[2026-04-29 16:50:20] 
[2026-04-29 16:50:20] ==========================================================
[2026-04-29 16:50:46] [Epoch 101/500] | Train Loss: 0.9796  |   Time    : 0m 26s
[2026-04-29 16:51:14] [Epoch 102/500] | Train Loss: 0.9832  |   Time    : 0m 27s
[2026-04-29 16:51:40] [Epoch 103/500] | Train Loss: 0.9830  |   Time    : 0m 25s
[2026-04-29 16:52:05] [Epoch 104/500] | Train Loss: 0.9812  |   Time    : 0m 25s
[2026-04-29 16:52:32] ----------------------------------------------------------
[2026-04-29 16:52:32] [Epoch 105/500] | Train Loss: 0.9807  |   Time    : 0m 26s
[2026-04-29 16:52:32]   Lr : 0.000300 |  Val Loss: 0.9592   | Val Dice  : 0.7741
[2026-04-29 16:52:32] ==========================================================
[2026-04-29 16:52:32] [WARN] No improvement. Patience: 2/50
[2026-04-29 16:52:32] 
[2026-04-29 16:52:32] ==========================================================
[2026-04-29 16:52:56] [Epoch 106/500] | Train Loss: 0.9801  |   Time    : 0m 24s
[2026-04-29 16:53:23] [Epoch 107/500] | Train Loss: 0.9797  |   Time    : 0m 26s
[2026-04-29 16:53:48] [Epoch 108/500] | Train Loss: 0.9802  |   Time    : 0m 25s
[2026-04-29 16:54:13] [Epoch 109/500] | Train Loss: 0.9807  |   Time    : 0m 24s
[2026-04-29 16:54:39] ----------------------------------------------------------
[2026-04-29 16:54:39] [Epoch 110/500] | Train Loss: 0.9812  |   Time    : 0m 25s
[2026-04-29 16:54:39]   Lr : 0.000300 |  Val Loss: 0.9581   | Val Dice  : 0.7719
[2026-04-29 16:54:39] ==========================================================
[2026-04-29 16:54:39] [WARN] No improvement. Patience: 3/50
[2026-04-29 16:54:39] 
[2026-04-29 16:54:39] ==========================================================
[2026-04-29 16:55:03] [Epoch 111/500] | Train Loss: 0.9834  |   Time    : 0m 24s
[2026-04-29 16:55:30] [Epoch 112/500] | Train Loss: 0.9807  |   Time    : 0m 26s
[2026-04-29 16:55:55] [Epoch 113/500] | Train Loss: 0.9829  |   Time    : 0m 25s
[2026-04-29 16:56:20] [Epoch 114/500] | Train Loss: 0.9796  |   Time    : 0m 24s
[2026-04-29 16:56:48] ----------------------------------------------------------
[2026-04-29 16:56:48] [Epoch 115/500] | Train Loss: 0.9815  |   Time    : 0m 27s
[2026-04-29 16:56:48]   Lr : 0.000300 |  Val Loss: 0.9600   | Val Dice  : 0.7827
[2026-04-29 16:56:48] ==========================================================
[2026-04-29 16:56:48] [SAVE] New best record ： 78.27% ! Model saved!
[2026-04-29 16:56:48] 
[2026-04-29 16:56:48] ==========================================================
[2026-04-29 16:57:12] [Epoch 116/500] | Train Loss: 0.9800  |   Time    : 0m 24s
[2026-04-29 16:57:37] [Epoch 117/500] | Train Loss: 0.9804  |   Time    : 0m 24s
[2026-04-29 16:58:03] [Epoch 118/500] | Train Loss: 0.9789  |   Time    : 0m 25s
[2026-04-29 16:58:27] [Epoch 119/500] | Train Loss: 0.9784  |   Time    : 0m 24s
[2026-04-29 16:58:53] ----------------------------------------------------------
[2026-04-29 16:58:53] [Epoch 120/500] | Train Loss: 0.9790  |   Time    : 0m 25s
[2026-04-29 16:58:53]   Lr : 0.000300 |  Val Loss: 0.9558   | Val Dice  : 0.7998
[2026-04-29 16:58:53] ==========================================================
[2026-04-29 16:58:53] [SAVE] New best record ： 79.98% ! Model saved!
[2026-04-29 16:58:53] 
[2026-04-29 16:58:53] ==========================================================
[2026-04-29 16:59:19] [Epoch 121/500] | Train Loss: 0.9768  |   Time    : 0m 26s
[2026-04-29 16:59:44] [Epoch 122/500] | Train Loss: 0.9786  |   Time    : 0m 24s
[2026-04-29 17:00:11] [Epoch 123/500] | Train Loss: 0.9782  |   Time    : 0m 27s
[2026-04-29 17:00:36] [Epoch 124/500] | Train Loss: 0.9798  |   Time    : 0m 24s
[2026-04-29 17:01:02] ----------------------------------------------------------
[2026-04-29 17:01:02] [Epoch 125/500] | Train Loss: 0.9791  |   Time    : 0m 26s
[2026-04-29 17:01:02]   Lr : 0.000300 |  Val Loss: 0.9613   | Val Dice  : 0.7781
[2026-04-29 17:01:02] ==========================================================
[2026-04-29 17:01:02] [WARN] No improvement. Patience: 1/50
[2026-04-29 17:01:02] 
[2026-04-29 17:01:02] ==========================================================
[2026-04-29 17:01:28] [Epoch 126/500] | Train Loss: 0.9783  |   Time    : 0m 26s
[2026-04-29 17:01:52] [Epoch 127/500] | Train Loss: 0.9776  |   Time    : 0m 23s
[2026-04-29 17:02:17] [Epoch 128/500] | Train Loss: 0.9798  |   Time    : 0m 24s
[2026-04-29 17:02:44] [Epoch 129/500] | Train Loss: 0.9773  |   Time    : 0m 26s
[2026-04-29 17:03:10] ----------------------------------------------------------
[2026-04-29 17:03:10] [Epoch 130/500] | Train Loss: 0.9756  |   Time    : 0m 25s
[2026-04-29 17:03:10]   Lr : 0.000300 |  Val Loss: 0.9570   | Val Dice  : 0.7840
[2026-04-29 17:03:10] ==========================================================
[2026-04-29 17:03:10] [WARN] No improvement. Patience: 2/50
[2026-04-29 17:03:10] 
[2026-04-29 17:03:10] ==========================================================
[2026-04-29 17:03:35] [Epoch 131/500] | Train Loss: 0.9780  |   Time    : 0m 25s
[2026-04-29 17:03:59] [Epoch 132/500] | Train Loss: 0.9788  |   Time    : 0m 23s
[2026-04-29 17:04:26] [Epoch 133/500] | Train Loss: 0.9803  |   Time    : 0m 26s
[2026-04-29 17:04:51] [Epoch 134/500] | Train Loss: 0.9773  |   Time    : 0m 25s
[2026-04-29 17:05:17] ----------------------------------------------------------
[2026-04-29 17:05:17] [Epoch 135/500] | Train Loss: 0.9753  |   Time    : 0m 26s
[2026-04-29 17:05:17]   Lr : 0.000300 |  Val Loss: 0.9550   | Val Dice  : 0.7993
[2026-04-29 17:05:17] ==========================================================
[2026-04-29 17:05:17] [WARN] No improvement. Patience: 3/50
[2026-04-29 17:05:17] 
[2026-04-29 17:05:17] ==========================================================
[2026-04-29 17:05:43] [Epoch 136/500] | Train Loss: 0.9779  |   Time    : 0m 25s
[2026-04-29 17:06:09] [Epoch 137/500] | Train Loss: 0.9772  |   Time    : 0m 26s
[2026-04-29 17:06:33] [Epoch 138/500] | Train Loss: 0.9776  |   Time    : 0m 23s
[2026-04-29 17:06:59] [Epoch 139/500] | Train Loss: 0.9760  |   Time    : 0m 25s
[2026-04-29 17:07:26] ----------------------------------------------------------
[2026-04-29 17:07:26] [Epoch 140/500] | Train Loss: 0.9769  |   Time    : 0m 26s
[2026-04-29 17:07:26]   Lr : 0.000300 |  Val Loss: 0.9550   | Val Dice  : 0.8016
[2026-04-29 17:07:26] ==========================================================
[2026-04-29 17:07:26] [SAVE] New best record ： 80.16% ! Model saved!
[2026-04-29 17:07:26] 
[2026-04-29 17:07:26] ==========================================================
[2026-04-29 17:07:50] [Epoch 141/500] | Train Loss: 0.9762  |   Time    : 0m 24s
[2026-04-29 17:08:17] [Epoch 142/500] | Train Loss: 0.9766  |   Time    : 0m 26s
[2026-04-29 17:08:42] [Epoch 143/500] | Train Loss: 0.9774  |   Time    : 0m 25s
[2026-04-29 17:09:09] [Epoch 144/500] | Train Loss: 0.9775  |   Time    : 0m 26s
[2026-04-29 17:09:35] ----------------------------------------------------------
[2026-04-29 17:09:35] [Epoch 145/500] | Train Loss: 0.9756  |   Time    : 0m 26s
[2026-04-29 17:09:35]   Lr : 0.000300 |  Val Loss: 0.9574   | Val Dice  : 0.7953
[2026-04-29 17:09:35] ==========================================================
[2026-04-29 17:09:35] [WARN] No improvement. Patience: 1/50
[2026-04-29 17:09:35] 
[2026-04-29 17:09:35] ==========================================================
[2026-04-29 17:10:02] [Epoch 146/500] | Train Loss: 0.9756  |   Time    : 0m 26s
[2026-04-29 17:10:28] [Epoch 147/500] | Train Loss: 0.9767  |   Time    : 0m 25s
[2026-04-29 17:10:53] [Epoch 148/500] | Train Loss: 0.9762  |   Time    : 0m 25s
[2026-04-29 17:11:18] [Epoch 149/500] | Train Loss: 0.9742  |   Time    : 0m 25s
[2026-04-29 17:11:44] ----------------------------------------------------------
[2026-04-29 17:11:44] [Epoch 150/500] | Train Loss: 0.9761  |   Time    : 0m 25s
[2026-04-29 17:11:44]   Lr : 0.000300 |  Val Loss: 0.9554   | Val Dice  : 0.7990
[2026-04-29 17:11:44] ==========================================================
[2026-04-29 17:11:44] [WARN] No improvement. Patience: 2/50
[2026-04-29 17:11:44] 
[2026-04-29 17:11:44] ==========================================================
[2026-04-29 17:12:09] [Epoch 151/500] | Train Loss: 0.9755  |   Time    : 0m 25s
[2026-04-29 17:12:36] [Epoch 152/500] | Train Loss: 0.9766  |   Time    : 0m 26s
[2026-04-29 17:13:02] [Epoch 153/500] | Train Loss: 0.9741  |   Time    : 0m 25s
[2026-04-29 17:13:26] [Epoch 154/500] | Train Loss: 0.9738  |   Time    : 0m 24s
[2026-04-29 17:13:51] ----------------------------------------------------------
[2026-04-29 17:13:51] [Epoch 155/500] | Train Loss: 0.9744  |   Time    : 0m 25s
[2026-04-29 17:13:51]   Lr : 0.000300 |  Val Loss: 0.9552   | Val Dice  : 0.8018
[2026-04-29 17:13:51] ==========================================================
[2026-04-29 17:13:51] [SAVE] New best record ： 80.18% ! Model saved!
[2026-04-29 17:13:51] 
[2026-04-29 17:13:51] ==========================================================
[2026-04-29 17:14:16] [Epoch 156/500] | Train Loss: 0.9758  |   Time    : 0m 24s
[2026-04-29 17:14:39] [Epoch 157/500] | Train Loss: 0.9749  |   Time    : 0m 23s
[2026-04-29 17:15:05] [Epoch 158/500] | Train Loss: 0.9768  |   Time    : 0m 25s
[2026-04-29 17:15:29] [Epoch 159/500] | Train Loss: 0.9744  |   Time    : 0m 23s
[2026-04-29 17:15:56] ----------------------------------------------------------
[2026-04-29 17:15:56] [Epoch 160/500] | Train Loss: 0.9750  |   Time    : 0m 27s
[2026-04-29 17:15:56]   Lr : 0.000300 |  Val Loss: 0.9542   | Val Dice  : 0.8031
[2026-04-29 17:15:56] ==========================================================
[2026-04-29 17:15:56] [SAVE] New best record ： 80.31% ! Model saved!
[2026-04-29 17:15:56] 
[2026-04-29 17:15:56] ==========================================================
[2026-04-29 17:16:22] [Epoch 161/500] | Train Loss: 0.9740  |   Time    : 0m 25s
[2026-04-29 17:16:47] [Epoch 162/500] | Train Loss: 0.9747  |   Time    : 0m 25s
[2026-04-29 17:17:12] [Epoch 163/500] | Train Loss: 0.9751  |   Time    : 0m 25s
[2026-04-29 17:17:38] [Epoch 164/500] | Train Loss: 0.9752  |   Time    : 0m 25s
[2026-04-29 17:18:04] ----------------------------------------------------------
[2026-04-29 17:18:04] [Epoch 165/500] | Train Loss: 0.9773  |   Time    : 0m 26s
[2026-04-29 17:18:04]   Lr : 0.000300 |  Val Loss: 0.9527   | Val Dice  : 0.8156
[2026-04-29 17:18:04] ==========================================================
[2026-04-29 17:18:04] [SAVE] New best record ： 81.56% ! Model saved!
[2026-04-29 17:18:04] 
[2026-04-29 17:18:04] ==========================================================
[2026-04-29 17:18:30] [Epoch 166/500] | Train Loss: 0.9736  |   Time    : 0m 26s
[2026-04-29 17:18:55] [Epoch 167/500] | Train Loss: 0.9753  |   Time    : 0m 24s
[2026-04-29 17:19:21] [Epoch 168/500] | Train Loss: 0.9760  |   Time    : 0m 25s
[2026-04-29 17:19:44] [Epoch 169/500] | Train Loss: 0.9733  |   Time    : 0m 23s
[2026-04-29 17:20:10] ----------------------------------------------------------
[2026-04-29 17:20:10] [Epoch 170/500] | Train Loss: 0.9745  |   Time    : 0m 25s
[2026-04-29 17:20:10]   Lr : 0.000300 |  Val Loss: 0.9534   | Val Dice  : 0.8142
[2026-04-29 17:20:10] ==========================================================
[2026-04-29 17:20:10] [WARN] No improvement. Patience: 1/50
[2026-04-29 17:20:10] 
[2026-04-29 17:20:10] ==========================================================
[2026-04-29 17:20:35] [Epoch 171/500] | Train Loss: 0.9736  |   Time    : 0m 25s
[2026-04-29 17:21:02] [Epoch 172/500] | Train Loss: 0.9745  |   Time    : 0m 26s
[2026-04-29 17:21:26] [Epoch 173/500] | Train Loss: 0.9751  |   Time    : 0m 23s
[2026-04-29 17:21:50] [Epoch 174/500] | Train Loss: 0.9748  |   Time    : 0m 23s
[2026-04-29 17:22:17] ----------------------------------------------------------
[2026-04-29 17:22:17] [Epoch 175/500] | Train Loss: 0.9718  |   Time    : 0m 27s
[2026-04-29 17:22:17]   Lr : 0.000300 |  Val Loss: 0.9532   | Val Dice  : 0.8162
[2026-04-29 17:22:17] ==========================================================
[2026-04-29 17:22:17] [SAVE] New best record ： 81.62% ! Model saved!
[2026-04-29 17:22:17] 
[2026-04-29 17:22:17] ==========================================================
[2026-04-29 17:22:43] [Epoch 176/500] | Train Loss: 0.9753  |   Time    : 0m 25s
[2026-04-29 17:23:09] [Epoch 177/500] | Train Loss: 0.9727  |   Time    : 0m 26s
[2026-04-29 17:23:37] [Epoch 178/500] | Train Loss: 0.9769  |   Time    : 0m 27s
[2026-04-29 17:24:02] [Epoch 179/500] | Train Loss: 0.9746  |   Time    : 0m 25s
[2026-04-29 17:24:29] ----------------------------------------------------------
[2026-04-29 17:24:29] [Epoch 180/500] | Train Loss: 0.9749  |   Time    : 0m 27s
[2026-04-29 17:24:29]   Lr : 0.000300 |  Val Loss: 0.9538   | Val Dice  : 0.8057
[2026-04-29 17:24:29] ==========================================================
[2026-04-29 17:24:29] [WARN] No improvement. Patience: 1/50
[2026-04-29 17:24:29] 
[2026-04-29 17:24:29] ==========================================================
[2026-04-29 17:24:55] [Epoch 181/500] | Train Loss: 0.9744  |   Time    : 0m 26s
[2026-04-29 17:25:21] [Epoch 182/500] | Train Loss: 0.9764  |   Time    : 0m 25s
[2026-04-29 17:25:48] [Epoch 183/500] | Train Loss: 0.9773  |   Time    : 0m 27s
[2026-04-29 17:26:14] [Epoch 184/500] | Train Loss: 0.9770  |   Time    : 0m 25s
[2026-04-29 17:26:40] ----------------------------------------------------------
[2026-04-29 17:26:40] [Epoch 185/500] | Train Loss: 0.9757  |   Time    : 0m 25s
[2026-04-29 17:26:40]   Lr : 0.000300 |  Val Loss: 0.9553   | Val Dice  : 0.7933
[2026-04-29 17:26:40] ==========================================================
[2026-04-29 17:26:40] [WARN] No improvement. Patience: 2/50
[2026-04-29 17:26:40] 
[2026-04-29 17:26:40] ==========================================================
[2026-04-29 17:27:04] [Epoch 186/500] | Train Loss: 0.9729  |   Time    : 0m 24s
[2026-04-29 17:27:28] [Epoch 187/500] | Train Loss: 0.9725  |   Time    : 0m 24s
[2026-04-29 17:27:53] [Epoch 188/500] | Train Loss: 0.9733  |   Time    : 0m 25s
[2026-04-29 17:28:19] [Epoch 189/500] | Train Loss: 0.9750  |   Time    : 0m 25s
[2026-04-29 17:28:44] ----------------------------------------------------------
[2026-04-29 17:28:44] [Epoch 190/500] | Train Loss: 0.9724  |   Time    : 0m 25s
[2026-04-29 17:28:44]   Lr : 0.000300 |  Val Loss: 0.9534   | Val Dice  : 0.8062
[2026-04-29 17:28:44] ==========================================================
[2026-04-29 17:28:44] [WARN] No improvement. Patience: 3/50
[2026-04-29 17:28:44] 
[2026-04-29 17:28:44] ==========================================================
[2026-04-29 17:29:11] [Epoch 191/500] | Train Loss: 0.9749  |   Time    : 0m 26s
[2026-04-29 17:29:38] [Epoch 192/500] | Train Loss: 0.9734  |   Time    : 0m 26s
[2026-04-29 17:30:02] [Epoch 193/500] | Train Loss: 0.9727  |   Time    : 0m 24s
[2026-04-29 17:30:27] [Epoch 194/500] | Train Loss: 0.9729  |   Time    : 0m 24s
[2026-04-29 17:30:52] ----------------------------------------------------------
[2026-04-29 17:30:52] [Epoch 195/500] | Train Loss: 0.9730  |   Time    : 0m 24s
[2026-04-29 17:30:52]   Lr : 0.000300 |  Val Loss: 0.9585   | Val Dice  : 0.7860
[2026-04-29 17:30:52] ==========================================================
[2026-04-29 17:30:52] [WARN] No improvement. Patience: 4/50
[2026-04-29 17:30:52] 
[2026-04-29 17:30:52] ==========================================================
[2026-04-29 17:31:16] [Epoch 196/500] | Train Loss: 0.9740  |   Time    : 0m 24s
[2026-04-29 17:31:41] [Epoch 197/500] | Train Loss: 0.9734  |   Time    : 0m 25s
[2026-04-29 17:32:08] [Epoch 198/500] | Train Loss: 0.9729  |   Time    : 0m 26s
[2026-04-29 17:32:33] [Epoch 199/500] | Train Loss: 0.9730  |   Time    : 0m 24s
[2026-04-29 17:32:59] ----------------------------------------------------------
[2026-04-29 17:32:59] [Epoch 200/500] | Train Loss: 0.9733  |   Time    : 0m 25s
[2026-04-29 17:32:59]   Lr : 0.000300 |  Val Loss: 0.9520   | Val Dice  : 0.8159
[2026-04-29 17:32:59] ==========================================================
[2026-04-29 17:32:59] [WARN] No improvement. Patience: 5/50
[2026-04-29 17:32:59] 
[2026-04-29 17:32:59] ==========================================================
[2026-04-29 17:33:23] [Epoch 201/500] | Train Loss: 0.9747  |   Time    : 0m 24s
[2026-04-29 17:33:48] [Epoch 202/500] | Train Loss: 0.9755  |   Time    : 0m 24s
[2026-04-29 17:34:14] [Epoch 203/500] | Train Loss: 0.9752  |   Time    : 0m 25s
[2026-04-29 17:34:40] [Epoch 204/500] | Train Loss: 0.9756  |   Time    : 0m 26s
[2026-04-29 17:35:05] ----------------------------------------------------------
[2026-04-29 17:35:05] [Epoch 205/500] | Train Loss: 0.9716  |   Time    : 0m 24s
[2026-04-29 17:35:05]   Lr : 0.000300 |  Val Loss: 0.9519   | Val Dice  : 0.8198
[2026-04-29 17:35:05] ==========================================================
[2026-04-29 17:35:05] [SAVE] New best record ： 81.98% ! Model saved!
[2026-04-29 17:35:05] 
[2026-04-29 17:35:05] ==========================================================
[2026-04-29 17:35:30] [Epoch 206/500] | Train Loss: 0.9719  |   Time    : 0m 25s
[2026-04-29 17:35:56] [Epoch 207/500] | Train Loss: 0.9726  |   Time    : 0m 25s
[2026-04-29 17:36:23] [Epoch 208/500] | Train Loss: 0.9748  |   Time    : 0m 26s
[2026-04-29 17:36:48] [Epoch 209/500] | Train Loss: 0.9741  |   Time    : 0m 24s
[2026-04-29 17:37:13] ----------------------------------------------------------
[2026-04-29 17:37:13] [Epoch 210/500] | Train Loss: 0.9724  |   Time    : 0m 25s
[2026-04-29 17:37:13]   Lr : 0.000300 |  Val Loss: 0.9519   | Val Dice  : 0.8186
[2026-04-29 17:37:13] ==========================================================
[2026-04-29 17:37:13] [WARN] No improvement. Patience: 1/50
[2026-04-29 17:37:13] 
[2026-04-29 17:37:13] ==========================================================
[2026-04-29 17:37:38] [Epoch 211/500] | Train Loss: 0.9697  |   Time    : 0m 24s
[2026-04-29 17:38:04] [Epoch 212/500] | Train Loss: 0.9724  |   Time    : 0m 25s
[2026-04-29 17:38:28] [Epoch 213/500] | Train Loss: 0.9725  |   Time    : 0m 24s
[2026-04-29 17:38:54] [Epoch 214/500] | Train Loss: 0.9745  |   Time    : 0m 26s
[2026-04-29 17:39:20] ----------------------------------------------------------
[2026-04-29 17:39:20] [Epoch 215/500] | Train Loss: 0.9719  |   Time    : 0m 25s
[2026-04-29 17:39:20]   Lr : 0.000300 |  Val Loss: 0.9525   | Val Dice  : 0.8170
[2026-04-29 17:39:20] ==========================================================
[2026-04-29 17:39:20] [WARN] No improvement. Patience: 2/50
[2026-04-29 17:39:20] 
[2026-04-29 17:39:20] ==========================================================
[2026-04-29 17:39:45] [Epoch 216/500] | Train Loss: 0.9712  |   Time    : 0m 24s
[2026-04-29 17:40:10] [Epoch 217/500] | Train Loss: 0.9726  |   Time    : 0m 24s
[2026-04-29 17:40:35] [Epoch 218/500] | Train Loss: 0.9728  |   Time    : 0m 25s
[2026-04-29 17:41:01] [Epoch 219/500] | Train Loss: 0.9709  |   Time    : 0m 25s
[2026-04-29 17:41:27] ----------------------------------------------------------
[2026-04-29 17:41:27] [Epoch 220/500] | Train Loss: 0.9734  |   Time    : 0m 26s
[2026-04-29 17:41:27]   Lr : 0.000300 |  Val Loss: 0.9525   | Val Dice  : 0.8146
[2026-04-29 17:41:27] ==========================================================
[2026-04-29 17:41:27] [WARN] No improvement. Patience: 3/50
[2026-04-29 17:41:27] 
[2026-04-29 17:41:27] ==========================================================
[2026-04-29 17:41:53] [Epoch 221/500] | Train Loss: 0.9746  |   Time    : 0m 25s
[2026-04-29 17:42:18] [Epoch 222/500] | Train Loss: 0.9729  |   Time    : 0m 25s
[2026-04-29 17:42:43] [Epoch 223/500] | Train Loss: 0.9740  |   Time    : 0m 24s
[2026-04-29 17:43:09] [Epoch 224/500] | Train Loss: 0.9710  |   Time    : 0m 26s
[2026-04-29 17:43:35] ----------------------------------------------------------
[2026-04-29 17:43:35] [Epoch 225/500] | Train Loss: 0.9735  |   Time    : 0m 25s
[2026-04-29 17:43:35]   Lr : 0.000300 |  Val Loss: 0.9523   | Val Dice  : 0.8172
[2026-04-29 17:43:35] ==========================================================
[2026-04-29 17:43:35] [WARN] No improvement. Patience: 4/50
[2026-04-29 17:43:35] 
[2026-04-29 17:43:35] ==========================================================
[2026-04-29 17:44:01] [Epoch 226/500] | Train Loss: 0.9722  |   Time    : 0m 26s
[2026-04-29 17:44:27] [Epoch 227/500] | Train Loss: 0.9718  |   Time    : 0m 25s
[2026-04-29 17:44:50] [Epoch 228/500] | Train Loss: 0.9715  |   Time    : 0m 22s
[2026-04-29 17:45:15] [Epoch 229/500] | Train Loss: 0.9710  |   Time    : 0m 24s
[2026-04-29 17:45:40] ----------------------------------------------------------
[2026-04-29 17:45:40] [Epoch 230/500] | Train Loss: 0.9717  |   Time    : 0m 25s
[2026-04-29 17:45:40]   Lr : 0.000300 |  Val Loss: 0.9527   | Val Dice  : 0.8083
[2026-04-29 17:45:40] ==========================================================
[2026-04-29 17:45:40] [WARN] No improvement. Patience: 5/50
[2026-04-29 17:45:40] 
[2026-04-29 17:45:40] ==========================================================
[2026-04-29 17:46:06] [Epoch 231/500] | Train Loss: 0.9724  |   Time    : 0m 25s
[2026-04-29 17:46:32] [Epoch 232/500] | Train Loss: 0.9718  |   Time    : 0m 25s
[2026-04-29 17:46:58] [Epoch 233/500] | Train Loss: 0.9711  |   Time    : 0m 26s
[2026-04-29 17:47:21] [Epoch 234/500] | Train Loss: 0.9701  |   Time    : 0m 23s
[2026-04-29 17:47:48] ----------------------------------------------------------
[2026-04-29 17:47:48] [Epoch 235/500] | Train Loss: 0.9707  |   Time    : 0m 26s
[2026-04-29 17:47:48]   Lr : 0.000300 |  Val Loss: 0.9513   | Val Dice  : 0.8250
[2026-04-29 17:47:48] ==========================================================
[2026-04-29 17:47:48] [SAVE] New best record ： 82.50% ! Model saved!
[2026-04-29 17:47:48] 
[2026-04-29 17:47:48] ==========================================================
[2026-04-29 17:48:13] [Epoch 236/500] | Train Loss: 0.9734  |   Time    : 0m 24s
[2026-04-29 17:48:38] [Epoch 237/500] | Train Loss: 0.9724  |   Time    : 0m 24s
[2026-04-29 17:49:03] [Epoch 238/500] | Train Loss: 0.9693  |   Time    : 0m 25s
[2026-04-29 17:49:28] [Epoch 239/500] | Train Loss: 0.9716  |   Time    : 0m 25s
[2026-04-29 17:49:54] ----------------------------------------------------------
[2026-04-29 17:49:54] [Epoch 240/500] | Train Loss: 0.9727  |   Time    : 0m 25s
[2026-04-29 17:49:54]   Lr : 0.000300 |  Val Loss: 0.9542   | Val Dice  : 0.8061
[2026-04-29 17:49:54] ==========================================================
[2026-04-29 17:49:54] [WARN] No improvement. Patience: 1/50
[2026-04-29 17:49:54] 
[2026-04-29 17:49:54] ==========================================================
[2026-04-29 17:50:19] [Epoch 241/500] | Train Loss: 0.9727  |   Time    : 0m 24s
[2026-04-29 17:50:43] [Epoch 242/500] | Train Loss: 0.9712  |   Time    : 0m 23s
[2026-04-29 17:51:08] [Epoch 243/500] | Train Loss: 0.9716  |   Time    : 0m 25s
[2026-04-29 17:51:32] [Epoch 244/500] | Train Loss: 0.9716  |   Time    : 0m 23s
[2026-04-29 17:51:58] ----------------------------------------------------------
[2026-04-29 17:51:58] [Epoch 245/500] | Train Loss: 0.9737  |   Time    : 0m 26s
[2026-04-29 17:51:58]   Lr : 0.000300 |  Val Loss: 0.9508   | Val Dice  : 0.8246
[2026-04-29 17:51:58] ==========================================================
[2026-04-29 17:51:58] [WARN] No improvement. Patience: 2/50
[2026-04-29 17:51:58] 
[2026-04-29 17:51:58] ==========================================================
[2026-04-29 17:52:22] [Epoch 246/500] | Train Loss: 0.9724  |   Time    : 0m 23s
[2026-04-29 17:52:47] [Epoch 247/500] | Train Loss: 0.9696  |   Time    : 0m 25s
[2026-04-29 17:53:11] [Epoch 248/500] | Train Loss: 0.9724  |   Time    : 0m 23s
[2026-04-29 17:53:36] [Epoch 249/500] | Train Loss: 0.9713  |   Time    : 0m 25s
[2026-04-29 17:54:02] ----------------------------------------------------------
[2026-04-29 17:54:02] [Epoch 250/500] | Train Loss: 0.9700  |   Time    : 0m 25s
[2026-04-29 17:54:02]   Lr : 0.000300 |  Val Loss: 0.9542   | Val Dice  : 0.8065
[2026-04-29 17:54:02] ==========================================================
[2026-04-29 17:54:02] [WARN] No improvement. Patience: 3/50
[2026-04-29 17:54:02] 
[2026-04-29 17:54:02] ==========================================================
[2026-04-29 17:54:27] [Epoch 251/500] | Train Loss: 0.9697  |   Time    : 0m 25s
[2026-04-29 17:54:49] [Epoch 252/500] | Train Loss: 0.9707  |   Time    : 0m 22s
[2026-04-29 17:55:12] [Epoch 253/500] | Train Loss: 0.9695  |   Time    : 0m 22s
[2026-04-29 17:55:39] [Epoch 254/500] | Train Loss: 0.9726  |   Time    : 0m 26s
[2026-04-29 17:56:05] ----------------------------------------------------------
[2026-04-29 17:56:05] [Epoch 255/500] | Train Loss: 0.9709  |   Time    : 0m 25s
[2026-04-29 17:56:05]   Lr : 0.000300 |  Val Loss: 0.9519   | Val Dice  : 0.8184
[2026-04-29 17:56:05] ==========================================================
[2026-04-29 17:56:05] [WARN] No improvement. Patience: 4/50
[2026-04-29 17:56:05] 
[2026-04-29 17:56:05] ==========================================================
[2026-04-29 17:56:30] [Epoch 256/500] | Train Loss: 0.9705  |   Time    : 0m 25s
[2026-04-29 17:56:54] [Epoch 257/500] | Train Loss: 0.9724  |   Time    : 0m 24s
[2026-04-29 17:57:19] [Epoch 258/500] | Train Loss: 0.9704  |   Time    : 0m 24s
[2026-04-29 17:57:45] [Epoch 259/500] | Train Loss: 0.9735  |   Time    : 0m 25s
[2026-04-29 17:58:10] ----------------------------------------------------------
[2026-04-29 17:58:10] [Epoch 260/500] | Train Loss: 0.9735  |   Time    : 0m 24s
[2026-04-29 17:58:10]   Lr : 0.000300 |  Val Loss: 0.9548   | Val Dice  : 0.7936
[2026-04-29 17:58:10] ==========================================================
[2026-04-29 17:58:10] [WARN] No improvement. Patience: 5/50
[2026-04-29 17:58:10] 
[2026-04-29 17:58:10] ==========================================================
[2026-04-29 17:58:35] [Epoch 261/500] | Train Loss: 0.9710  |   Time    : 0m 24s
[2026-04-29 17:59:00] [Epoch 262/500] | Train Loss: 0.9695  |   Time    : 0m 25s
[2026-04-29 17:59:26] [Epoch 263/500] | Train Loss: 0.9718  |   Time    : 0m 25s
[2026-04-29 17:59:51] [Epoch 264/500] | Train Loss: 0.9714  |   Time    : 0m 25s
[2026-04-29 18:00:17] ----------------------------------------------------------
[2026-04-29 18:00:17] [Epoch 265/500] | Train Loss: 0.9709  |   Time    : 0m 25s
[2026-04-29 18:00:17]   Lr : 0.000300 |  Val Loss: 0.9524   | Val Dice  : 0.8137
[2026-04-29 18:00:17] ==========================================================
[2026-04-29 18:00:17] [WARN] No improvement. Patience: 6/50
[2026-04-29 18:00:17] 
[2026-04-29 18:00:17] ==========================================================
[2026-04-29 18:00:42] [Epoch 266/500] | Train Loss: 0.9698  |   Time    : 0m 24s
[2026-04-29 18:01:06] [Epoch 267/500] | Train Loss: 0.9702  |   Time    : 0m 23s
[2026-04-29 18:01:31] [Epoch 268/500] | Train Loss: 0.9704  |   Time    : 0m 24s
[2026-04-29 18:01:57] [Epoch 269/500] | Train Loss: 0.9706  |   Time    : 0m 26s
[2026-04-29 18:02:24] ----------------------------------------------------------
[2026-04-29 18:02:24] [Epoch 270/500] | Train Loss: 0.9713  |   Time    : 0m 27s
[2026-04-29 18:02:24]   Lr : 0.000300 |  Val Loss: 0.9514   | Val Dice  : 0.8210
[2026-04-29 18:02:24] ==========================================================
[2026-04-29 18:02:24] [WARN] No improvement. Patience: 7/50
[2026-04-29 18:02:24] 
[2026-04-29 18:02:24] ==========================================================
[2026-04-29 18:02:48] [Epoch 271/500] | Train Loss: 0.9715  |   Time    : 0m 24s
[2026-04-29 18:03:13] [Epoch 272/500] | Train Loss: 0.9708  |   Time    : 0m 24s
[2026-04-29 18:03:38] [Epoch 273/500] | Train Loss: 0.9712  |   Time    : 0m 24s
[2026-04-29 18:04:05] [Epoch 274/500] | Train Loss: 0.9710  |   Time    : 0m 26s
[2026-04-29 18:04:30] ----------------------------------------------------------
[2026-04-29 18:04:30] [Epoch 275/500] | Train Loss: 0.9720  |   Time    : 0m 25s
[2026-04-29 18:04:30]   Lr : 0.000300 |  Val Loss: 0.9535   | Val Dice  : 0.8094
[2026-04-29 18:04:30] ==========================================================
[2026-04-29 18:04:30] [WARN] No improvement. Patience: 8/50
[2026-04-29 18:04:30] 
[2026-04-29 18:04:30] ==========================================================
[2026-04-29 18:04:53] [Epoch 276/500] | Train Loss: 0.9693  |   Time    : 0m 22s
[2026-04-29 18:05:18] [Epoch 277/500] | Train Loss: 0.9701  |   Time    : 0m 25s
[2026-04-29 18:05:44] [Epoch 278/500] | Train Loss: 0.9691  |   Time    : 0m 25s
[2026-04-29 18:06:10] [Epoch 279/500] | Train Loss: 0.9695  |   Time    : 0m 25s
[2026-04-29 18:06:34] ----------------------------------------------------------
[2026-04-29 18:06:34] [Epoch 280/500] | Train Loss: 0.9685  |   Time    : 0m 24s
[2026-04-29 18:06:34]   Lr : 0.000300 |  Val Loss: 0.9508   | Val Dice  : 0.8277
[2026-04-29 18:06:34] ==========================================================
[2026-04-29 18:06:34] [SAVE] New best record ： 82.77% ! Model saved!
[2026-04-29 18:06:34] 
[2026-04-29 18:06:34] ==========================================================
[2026-04-29 18:07:00] [Epoch 281/500] | Train Loss: 0.9700  |   Time    : 0m 25s
[2026-04-29 18:07:25] [Epoch 282/500] | Train Loss: 0.9704  |   Time    : 0m 25s
[2026-04-29 18:07:52] [Epoch 283/500] | Train Loss: 0.9715  |   Time    : 0m 27s
[2026-04-29 18:08:18] [Epoch 284/500] | Train Loss: 0.9696  |   Time    : 0m 25s
[2026-04-29 18:08:44] ----------------------------------------------------------
[2026-04-29 18:08:44] [Epoch 285/500] | Train Loss: 0.9693  |   Time    : 0m 26s
[2026-04-29 18:08:44]   Lr : 0.000300 |  Val Loss: 0.9502   | Val Dice  : 0.8308
[2026-04-29 18:08:44] ==========================================================
[2026-04-29 18:08:44] [SAVE] New best record ： 83.08% ! Model saved!
[2026-04-29 18:08:44] 
[2026-04-29 18:08:44] ==========================================================
[2026-04-29 18:09:08] [Epoch 286/500] | Train Loss: 0.9699  |   Time    : 0m 23s
[2026-04-29 18:09:33] [Epoch 287/500] | Train Loss: 0.9689  |   Time    : 0m 25s
[2026-04-29 18:09:58] [Epoch 288/500] | Train Loss: 0.9706  |   Time    : 0m 24s
[2026-04-29 18:10:23] [Epoch 289/500] | Train Loss: 0.9690  |   Time    : 0m 24s
[2026-04-29 18:10:47] ----------------------------------------------------------
[2026-04-29 18:10:47] [Epoch 290/500] | Train Loss: 0.9692  |   Time    : 0m 24s
[2026-04-29 18:10:47]   Lr : 0.000300 |  Val Loss: 0.9498   | Val Dice  : 0.8305
[2026-04-29 18:10:47] ==========================================================
[2026-04-29 18:10:47] [WARN] No improvement. Patience: 1/50
[2026-04-29 18:10:47] 
[2026-04-29 18:10:47] ==========================================================
[2026-04-29 18:11:13] [Epoch 291/500] | Train Loss: 0.9693  |   Time    : 0m 25s
[2026-04-29 18:11:38] [Epoch 292/500] | Train Loss: 0.9699  |   Time    : 0m 25s
[2026-04-29 18:12:03] [Epoch 293/500] | Train Loss: 0.9687  |   Time    : 0m 25s
[2026-04-29 18:12:27] [Epoch 294/500] | Train Loss: 0.9699  |   Time    : 0m 23s
[2026-04-29 18:12:53] ----------------------------------------------------------
[2026-04-29 18:12:53] [Epoch 295/500] | Train Loss: 0.9698  |   Time    : 0m 25s
[2026-04-29 18:12:53]   Lr : 0.000300 |  Val Loss: 0.9505   | Val Dice  : 0.8284
[2026-04-29 18:12:53] ==========================================================
[2026-04-29 18:12:53] [WARN] No improvement. Patience: 2/50
[2026-04-29 18:12:53] 
[2026-04-29 18:12:53] ==========================================================
[2026-04-29 18:13:17] [Epoch 296/500] | Train Loss: 0.9701  |   Time    : 0m 24s
[2026-04-29 18:13:42] [Epoch 297/500] | Train Loss: 0.9693  |   Time    : 0m 24s
[2026-04-29 18:14:05] [Epoch 298/500] | Train Loss: 0.9717  |   Time    : 0m 23s
[2026-04-29 18:14:32] [Epoch 299/500] | Train Loss: 0.9684  |   Time    : 0m 26s
[2026-04-29 18:15:00] ----------------------------------------------------------
[2026-04-29 18:15:00] [Epoch 300/500] | Train Loss: 0.9685  |   Time    : 0m 27s
[2026-04-29 18:15:00]   Lr : 0.000300 |  Val Loss: 0.9507   | Val Dice  : 0.8269
[2026-04-29 18:15:00] ==========================================================
[2026-04-29 18:15:00] [WARN] No improvement. Patience: 3/50
[2026-04-29 18:15:00] 
[2026-04-29 18:15:00] ==========================================================
[2026-04-29 18:15:25] [Epoch 301/500] | Train Loss: 0.9702  |   Time    : 0m 24s
[2026-04-29 18:15:49] [Epoch 302/500] | Train Loss: 0.9684  |   Time    : 0m 24s
[2026-04-29 18:16:14] [Epoch 303/500] | Train Loss: 0.9706  |   Time    : 0m 24s
[2026-04-29 18:16:40] [Epoch 304/500] | Train Loss: 0.9695  |   Time    : 0m 26s
[2026-04-29 18:17:06] ----------------------------------------------------------
[2026-04-29 18:17:06] [Epoch 305/500] | Train Loss: 0.9679  |   Time    : 0m 25s
[2026-04-29 18:17:06]   Lr : 0.000300 |  Val Loss: 0.9517   | Val Dice  : 0.8179
[2026-04-29 18:17:06] ==========================================================
[2026-04-29 18:17:06] [WARN] No improvement. Patience: 4/50
[2026-04-29 18:17:06] 
[2026-04-29 18:17:06] ==========================================================
[2026-04-29 18:17:29] [Epoch 306/500] | Train Loss: 0.9675  |   Time    : 0m 23s
[2026-04-29 18:17:55] [Epoch 307/500] | Train Loss: 0.9689  |   Time    : 0m 25s
[2026-04-29 18:18:20] [Epoch 308/500] | Train Loss: 0.9670  |   Time    : 0m 25s
[2026-04-29 18:18:45] [Epoch 309/500] | Train Loss: 0.9682  |   Time    : 0m 24s
[2026-04-29 18:19:10] ----------------------------------------------------------
[2026-04-29 18:19:10] [Epoch 310/500] | Train Loss: 0.9712  |   Time    : 0m 25s
[2026-04-29 18:19:10]   Lr : 0.000300 |  Val Loss: 0.9511   | Val Dice  : 0.8283
[2026-04-29 18:19:10] ==========================================================
[2026-04-29 18:19:10] [WARN] No improvement. Patience: 5/50
[2026-04-29 18:19:10] 
[2026-04-29 18:19:10] ==========================================================
[2026-04-29 18:19:35] [Epoch 311/500] | Train Loss: 0.9715  |   Time    : 0m 25s
[2026-04-29 18:20:01] [Epoch 312/500] | Train Loss: 0.9696  |   Time    : 0m 25s
[2026-04-29 18:20:26] [Epoch 313/500] | Train Loss: 0.9682  |   Time    : 0m 24s
[2026-04-29 18:20:50] [Epoch 314/500] | Train Loss: 0.9683  |   Time    : 0m 24s
[2026-04-29 18:21:17] ----------------------------------------------------------
[2026-04-29 18:21:17] [Epoch 315/500] | Train Loss: 0.9687  |   Time    : 0m 26s
[2026-04-29 18:21:17]   Lr : 0.000300 |  Val Loss: 0.9509   | Val Dice  : 0.8285
[2026-04-29 18:21:17] ==========================================================
[2026-04-29 18:21:17] [WARN] No improvement. Patience: 6/50
[2026-04-29 18:21:17] 
[2026-04-29 18:21:17] ==========================================================
[2026-04-29 18:21:44] [Epoch 316/500] | Train Loss: 0.9689  |   Time    : 0m 26s
[2026-04-29 18:22:09] [Epoch 317/500] | Train Loss: 0.9679  |   Time    : 0m 25s
[2026-04-29 18:22:34] [Epoch 318/500] | Train Loss: 0.9678  |   Time    : 0m 24s
[2026-04-29 18:22:58] [Epoch 319/500] | Train Loss: 0.9699  |   Time    : 0m 24s
[2026-04-29 18:23:26] ----------------------------------------------------------
[2026-04-29 18:23:26] [Epoch 320/500] | Train Loss: 0.9672  |   Time    : 0m 27s
[2026-04-29 18:23:26]   Lr : 0.000300 |  Val Loss: 0.9496   | Val Dice  : 0.8325
[2026-04-29 18:23:26] ==========================================================
[2026-04-29 18:23:26] [SAVE] New best record ： 83.25% ! Model saved!
[2026-04-29 18:23:26] 
[2026-04-29 18:23:26] ==========================================================
[2026-04-29 18:23:51] [Epoch 321/500] | Train Loss: 0.9688  |   Time    : 0m 25s
[2026-04-29 18:24:15] [Epoch 322/500] | Train Loss: 0.9682  |   Time    : 0m 24s
[2026-04-29 18:24:40] [Epoch 323/500] | Train Loss: 0.9676  |   Time    : 0m 24s
[2026-04-29 18:25:07] [Epoch 324/500] | Train Loss: 0.9699  |   Time    : 0m 26s
[2026-04-29 18:25:30] ----------------------------------------------------------
[2026-04-29 18:25:30] [Epoch 325/500] | Train Loss: 0.9685  |   Time    : 0m 23s
[2026-04-29 18:25:30]   Lr : 0.000300 |  Val Loss: 0.9496   | Val Dice  : 0.8307
[2026-04-29 18:25:30] ==========================================================
[2026-04-29 18:25:30] [WARN] No improvement. Patience: 1/50
[2026-04-29 18:25:30] 
[2026-04-29 18:25:30] ==========================================================
[2026-04-29 18:25:55] [Epoch 326/500] | Train Loss: 0.9690  |   Time    : 0m 25s
[2026-04-29 18:26:20] [Epoch 327/500] | Train Loss: 0.9683  |   Time    : 0m 24s
[2026-04-29 18:26:46] [Epoch 328/500] | Train Loss: 0.9668  |   Time    : 0m 26s
[2026-04-29 18:27:12] [Epoch 329/500] | Train Loss: 0.9667  |   Time    : 0m 25s
[2026-04-29 18:27:39] ----------------------------------------------------------
[2026-04-29 18:27:39] [Epoch 330/500] | Train Loss: 0.9692  |   Time    : 0m 26s
[2026-04-29 18:27:39]   Lr : 0.000300 |  Val Loss: 0.9504   | Val Dice  : 0.8270
[2026-04-29 18:27:39] ==========================================================
[2026-04-29 18:27:39] [WARN] No improvement. Patience: 2/50
[2026-04-29 18:27:39] 
[2026-04-29 18:27:39] ==========================================================
[2026-04-29 18:28:03] [Epoch 331/500] | Train Loss: 0.9682  |   Time    : 0m 24s
[2026-04-29 18:28:27] [Epoch 332/500] | Train Loss: 0.9692  |   Time    : 0m 24s
[2026-04-29 18:28:53] [Epoch 333/500] | Train Loss: 0.9686  |   Time    : 0m 25s
[2026-04-29 18:29:19] [Epoch 334/500] | Train Loss: 0.9683  |   Time    : 0m 25s
[2026-04-29 18:29:45] ----------------------------------------------------------
[2026-04-29 18:29:45] [Epoch 335/500] | Train Loss: 0.9681  |   Time    : 0m 26s
[2026-04-29 18:29:45]   Lr : 0.000300 |  Val Loss: 0.9502   | Val Dice  : 0.8267
[2026-04-29 18:29:45] ==========================================================
[2026-04-29 18:29:45] [WARN] No improvement. Patience: 3/50
[2026-04-29 18:29:45] 
[2026-04-29 18:29:45] ==========================================================
[2026-04-29 18:30:11] [Epoch 336/500] | Train Loss: 0.9676  |   Time    : 0m 25s
[2026-04-29 18:30:35] [Epoch 337/500] | Train Loss: 0.9674  |   Time    : 0m 24s
[2026-04-29 18:31:01] [Epoch 338/500] | Train Loss: 0.9679  |   Time    : 0m 25s
[2026-04-29 18:31:25] [Epoch 339/500] | Train Loss: 0.9701  |   Time    : 0m 24s
[2026-04-29 18:31:52] ----------------------------------------------------------
[2026-04-29 18:31:52] [Epoch 340/500] | Train Loss: 0.9237  |   Time    : 0m 26s
[2026-04-29 18:31:52]   Lr : 0.000300 |  Val Loss: 0.7156   | Val Dice  : 0.8133
[2026-04-29 18:31:52] ==========================================================
[2026-04-29 18:31:52] [WARN] No improvement. Patience: 4/50
[2026-04-29 18:31:52] 
[2026-04-29 18:31:52] ==========================================================
[2026-04-29 18:32:18] [Epoch 341/500] | Train Loss: 0.2717  |   Time    : 0m 25s
[2026-04-29 18:32:43] [Epoch 342/500] | Train Loss: 0.0540  |   Time    : 0m 25s
[2026-04-29 18:33:10] [Epoch 343/500] | Train Loss: 0.0490  |   Time    : 0m 27s
[2026-04-29 18:33:37] [Epoch 344/500] | Train Loss: 0.0465  |   Time    : 0m 26s
[2026-04-29 18:34:03] ----------------------------------------------------------
[2026-04-29 18:34:03] [Epoch 345/500] | Train Loss: 0.0475  |   Time    : 0m 25s
[2026-04-29 18:34:03]   Lr : 0.000300 |  Val Loss: 0.0294   | Val Dice  : 0.8186
[2026-04-29 18:34:03] ==========================================================
[2026-04-29 18:34:03] [WARN] No improvement. Patience: 5/50
[2026-04-29 18:34:03] 
[2026-04-29 18:34:03] ==========================================================
[2026-04-29 18:34:28] [Epoch 346/500] | Train Loss: 0.0466  |   Time    : 0m 24s
[2026-04-29 18:34:53] [Epoch 347/500] | Train Loss: 0.0483  |   Time    : 0m 25s
[2026-04-29 18:35:18] [Epoch 348/500] | Train Loss: 0.0479  |   Time    : 0m 24s
[2026-04-29 18:35:44] [Epoch 349/500] | Train Loss: 0.0458  |   Time    : 0m 26s
[2026-04-29 18:36:10] ----------------------------------------------------------
[2026-04-29 18:36:10] [Epoch 350/500] | Train Loss: 0.0462  |   Time    : 0m 26s
[2026-04-29 18:36:10]   Lr : 0.000300 |  Val Loss: 0.0265   | Val Dice  : 0.8337
[2026-04-29 18:36:10] ==========================================================
[2026-04-29 18:36:10] [SAVE] New best record ： 83.37% ! Model saved!
[2026-04-29 18:36:10] 
[2026-04-29 18:36:10] ==========================================================
[2026-04-29 18:36:36] [Epoch 351/500] | Train Loss: 0.0448  |   Time    : 0m 25s
[2026-04-29 18:37:01] [Epoch 352/500] | Train Loss: 0.0456  |   Time    : 0m 25s
[2026-04-29 18:37:25] [Epoch 353/500] | Train Loss: 0.0457  |   Time    : 0m 23s
[2026-04-29 18:37:48] [Epoch 354/500] | Train Loss: 0.0469  |   Time    : 0m 23s
[2026-04-29 18:38:16] ----------------------------------------------------------
[2026-04-29 18:38:16] [Epoch 355/500] | Train Loss: 0.0468  |   Time    : 0m 27s
[2026-04-29 18:38:16]   Lr : 0.000300 |  Val Loss: 0.0270   | Val Dice  : 0.8317
[2026-04-29 18:38:16] ==========================================================
[2026-04-29 18:38:16] [WARN] No improvement. Patience: 1/50
[2026-04-29 18:38:16] 
[2026-04-29 18:38:16] ==========================================================
[2026-04-29 18:38:41] [Epoch 356/500] | Train Loss: 0.0469  |   Time    : 0m 25s
[2026-04-29 18:39:06] [Epoch 357/500] | Train Loss: 0.0472  |   Time    : 0m 25s
[2026-04-29 18:39:30] [Epoch 358/500] | Train Loss: 0.0459  |   Time    : 0m 24s
[2026-04-29 18:39:54] [Epoch 359/500] | Train Loss: 0.0451  |   Time    : 0m 23s
[2026-04-29 18:40:18] ----------------------------------------------------------
[2026-04-29 18:40:18] [Epoch 360/500] | Train Loss: 0.0442  |   Time    : 0m 24s
[2026-04-29 18:40:18]   Lr : 0.000300 |  Val Loss: 0.0266   | Val Dice  : 0.8340
[2026-04-29 18:40:18] ==========================================================
[2026-04-29 18:40:18] [SAVE] New best record ： 83.40% ! Model saved!
[2026-04-29 18:40:18] 
[2026-04-29 18:40:18] ==========================================================
[2026-04-29 18:40:44] [Epoch 361/500] | Train Loss: 0.0460  |   Time    : 0m 25s
[2026-04-29 18:41:08] [Epoch 362/500] | Train Loss: 0.0436  |   Time    : 0m 24s
[2026-04-29 18:41:33] [Epoch 363/500] | Train Loss: 0.0456  |   Time    : 0m 24s
[2026-04-29 18:41:57] [Epoch 364/500] | Train Loss: 0.0453  |   Time    : 0m 24s
[2026-04-29 18:42:24] ----------------------------------------------------------
[2026-04-29 18:42:24] [Epoch 365/500] | Train Loss: 0.0472  |   Time    : 0m 26s
[2026-04-29 18:42:24]   Lr : 0.000300 |  Val Loss: 0.0275   | Val Dice  : 0.8280
[2026-04-29 18:42:24] ==========================================================
[2026-04-29 18:42:24] [WARN] No improvement. Patience: 1/50
[2026-04-29 18:42:24] 
[2026-04-29 18:42:24] ==========================================================
[2026-04-29 18:42:48] [Epoch 366/500] | Train Loss: 0.0437  |   Time    : 0m 23s
[2026-04-29 18:43:13] [Epoch 367/500] | Train Loss: 0.0453  |   Time    : 0m 24s
[2026-04-29 18:43:39] [Epoch 368/500] | Train Loss: 0.0451  |   Time    : 0m 26s
[2026-04-29 18:44:04] [Epoch 369/500] | Train Loss: 0.0468  |   Time    : 0m 24s
[2026-04-29 18:44:30] ----------------------------------------------------------
[2026-04-29 18:44:30] [Epoch 370/500] | Train Loss: 0.0459  |   Time    : 0m 26s
[2026-04-29 18:44:30]   Lr : 0.000300 |  Val Loss: 0.0272   | Val Dice  : 0.8273
[2026-04-29 18:44:30] ==========================================================
[2026-04-29 18:44:30] [WARN] No improvement. Patience: 2/50
[2026-04-29 18:44:30] 
[2026-04-29 18:44:30] ==========================================================
[2026-04-29 18:44:56] [Epoch 371/500] | Train Loss: 0.0445  |   Time    : 0m 25s
[2026-04-29 18:45:21] [Epoch 372/500] | Train Loss: 0.0461  |   Time    : 0m 25s
[2026-04-29 18:45:46] [Epoch 373/500] | Train Loss: 0.0441  |   Time    : 0m 24s
[2026-04-29 18:46:10] [Epoch 374/500] | Train Loss: 0.0461  |   Time    : 0m 24s
[2026-04-29 18:46:35] ----------------------------------------------------------
[2026-04-29 18:46:35] [Epoch 375/500] | Train Loss: 0.0468  |   Time    : 0m 25s
[2026-04-29 18:46:35]   Lr : 0.000300 |  Val Loss: 0.0271   | Val Dice  : 0.8260
[2026-04-29 18:46:35] ==========================================================
[2026-04-29 18:46:35] [WARN] No improvement. Patience: 3/50
[2026-04-29 18:46:35] 
[2026-04-29 18:46:35] ==========================================================
[2026-04-29 18:47:00] [Epoch 376/500] | Train Loss: 0.0472  |   Time    : 0m 24s
[2026-04-29 18:47:25] [Epoch 377/500] | Train Loss: 0.0451  |   Time    : 0m 25s
[2026-04-29 18:47:51] [Epoch 378/500] | Train Loss: 0.0449  |   Time    : 0m 25s
[2026-04-29 18:48:17] [Epoch 379/500] | Train Loss: 0.0455  |   Time    : 0m 26s
[2026-04-29 18:48:43] ----------------------------------------------------------
[2026-04-29 18:48:43] [Epoch 380/500] | Train Loss: 0.0441  |   Time    : 0m 25s
[2026-04-29 18:48:43]   Lr : 0.000300 |  Val Loss: 0.0274   | Val Dice  : 0.8315
[2026-04-29 18:48:43] ==========================================================
[2026-04-29 18:48:43] [WARN] No improvement. Patience: 4/50
[2026-04-29 18:48:43] 
[2026-04-29 18:48:43] ==========================================================
[2026-04-29 18:49:08] [Epoch 381/500] | Train Loss: 0.0472  |   Time    : 0m 25s
[2026-04-29 18:49:34] [Epoch 382/500] | Train Loss: 0.0442  |   Time    : 0m 25s
[2026-04-29 18:50:00] [Epoch 383/500] | Train Loss: 0.0452  |   Time    : 0m 25s
[2026-04-29 18:50:25] [Epoch 384/500] | Train Loss: 0.0449  |   Time    : 0m 25s
[2026-04-29 18:50:51] ----------------------------------------------------------
[2026-04-29 18:50:51] [Epoch 385/500] | Train Loss: 0.0438  |   Time    : 0m 25s
[2026-04-29 18:50:51]   Lr : 0.000300 |  Val Loss: 0.0262   | Val Dice  : 0.8361
[2026-04-29 18:50:51] ==========================================================
[2026-04-29 18:50:51] [SAVE] New best record ： 83.61% ! Model saved!
[2026-04-29 18:50:51] 
[2026-04-29 18:50:51] ==========================================================
[2026-04-29 18:51:17] [Epoch 386/500] | Train Loss: 0.0444  |   Time    : 0m 26s
[2026-04-29 18:51:45] [Epoch 387/500] | Train Loss: 0.0452  |   Time    : 0m 27s
[2026-04-29 18:52:09] [Epoch 388/500] | Train Loss: 0.0454  |   Time    : 0m 23s
[2026-04-29 18:52:33] [Epoch 389/500] | Train Loss: 0.0433  |   Time    : 0m 24s
[2026-04-29 18:52:59] ----------------------------------------------------------
[2026-04-29 18:52:59] [Epoch 390/500] | Train Loss: 0.0437  |   Time    : 0m 25s
[2026-04-29 18:52:59]   Lr : 0.000300 |  Val Loss: 0.0265   | Val Dice  : 0.8322
[2026-04-29 18:52:59] ==========================================================
[2026-04-29 18:52:59] [WARN] No improvement. Patience: 1/50
[2026-04-29 18:52:59] 
[2026-04-29 18:52:59] ==========================================================
[2026-04-29 18:53:23] [Epoch 391/500] | Train Loss: 0.0446  |   Time    : 0m 24s
[2026-04-29 18:53:49] [Epoch 392/500] | Train Loss: 0.0424  |   Time    : 0m 25s
[2026-04-29 18:54:13] [Epoch 393/500] | Train Loss: 0.0438  |   Time    : 0m 24s
[2026-04-29 18:54:39] [Epoch 394/500] | Train Loss: 0.0449  |   Time    : 0m 25s
[2026-04-29 18:55:04] ----------------------------------------------------------
[2026-04-29 18:55:04] [Epoch 395/500] | Train Loss: 0.0449  |   Time    : 0m 24s
[2026-04-29 18:55:04]   Lr : 0.000300 |  Val Loss: 0.0267   | Val Dice  : 0.8318
[2026-04-29 18:55:04] ==========================================================
[2026-04-29 18:55:04] [WARN] No improvement. Patience: 2/50
[2026-04-29 18:55:04] 
[2026-04-29 18:55:04] ==========================================================
[2026-04-29 18:55:29] [Epoch 396/500] | Train Loss: 0.0438  |   Time    : 0m 24s
[2026-04-29 18:55:53] [Epoch 397/500] | Train Loss: 0.0439  |   Time    : 0m 23s
[2026-04-29 18:56:18] [Epoch 398/500] | Train Loss: 0.0439  |   Time    : 0m 25s
[2026-04-29 18:56:45] [Epoch 399/500] | Train Loss: 0.0446  |   Time    : 0m 27s
[2026-04-29 18:57:11] ----------------------------------------------------------
[2026-04-29 18:57:11] [Epoch 400/500] | Train Loss: 0.0425  |   Time    : 0m 26s
[2026-04-29 18:57:11]   Lr : 0.000300 |  Val Loss: 0.0259   | Val Dice  : 0.8387
[2026-04-29 18:57:11] ==========================================================
[2026-04-29 18:57:11] [SAVE] New best record ： 83.87% ! Model saved!
[2026-04-29 18:57:11] 
[2026-04-29 18:57:11] ==========================================================
[2026-04-29 18:57:38] [Epoch 401/500] | Train Loss: 0.0445  |   Time    : 0m 26s
[2026-04-29 18:58:03] [Epoch 402/500] | Train Loss: 0.0449  |   Time    : 0m 25s
[2026-04-29 18:58:28] [Epoch 403/500] | Train Loss: 0.0421  |   Time    : 0m 25s
[2026-04-29 18:58:53] [Epoch 404/500] | Train Loss: 0.0479  |   Time    : 0m 25s
[2026-04-29 18:59:21] ----------------------------------------------------------
[2026-04-29 18:59:21] [Epoch 405/500] | Train Loss: 0.0451  |   Time    : 0m 27s
[2026-04-29 18:59:21]   Lr : 0.000300 |  Val Loss: 0.0269   | Val Dice  : 0.8327
[2026-04-29 18:59:21] ==========================================================
[2026-04-29 18:59:21] [WARN] No improvement. Patience: 1/50
[2026-04-29 18:59:21] 
[2026-04-29 18:59:21] ==========================================================
[2026-04-29 18:59:45] [Epoch 406/500] | Train Loss: 0.0456  |   Time    : 0m 24s
[2026-04-29 19:00:08] [Epoch 407/500] | Train Loss: 0.0453  |   Time    : 0m 22s
[2026-04-29 19:00:33] [Epoch 408/500] | Train Loss: 0.0443  |   Time    : 0m 25s
[2026-04-29 19:00:58] [Epoch 409/500] | Train Loss: 0.0438  |   Time    : 0m 24s
[2026-04-29 19:01:25] ----------------------------------------------------------
[2026-04-29 19:01:25] [Epoch 410/500] | Train Loss: 0.0449  |   Time    : 0m 26s
[2026-04-29 19:01:25]   Lr : 0.000300 |  Val Loss: 0.0263   | Val Dice  : 0.8339
[2026-04-29 19:01:25] ==========================================================
[2026-04-29 19:01:25] [WARN] No improvement. Patience: 2/50
[2026-04-29 19:01:25] 
[2026-04-29 19:01:25] ==========================================================
[2026-04-29 19:01:50] [Epoch 411/500] | Train Loss: 0.0435  |   Time    : 0m 24s
[2026-04-29 19:02:14] [Epoch 412/500] | Train Loss: 0.0451  |   Time    : 0m 24s
[2026-04-29 19:02:41] [Epoch 413/500] | Train Loss: 0.0439  |   Time    : 0m 26s
[2026-04-29 19:03:05] [Epoch 414/500] | Train Loss: 0.0433  |   Time    : 0m 24s
[2026-04-29 19:03:30] ----------------------------------------------------------
[2026-04-29 19:03:30] [Epoch 415/500] | Train Loss: 0.0456  |   Time    : 0m 24s
[2026-04-29 19:03:30]   Lr : 0.000300 |  Val Loss: 0.0266   | Val Dice  : 0.8312
[2026-04-29 19:03:30] ==========================================================
[2026-04-29 19:03:30] [WARN] No improvement. Patience: 3/50
[2026-04-29 19:03:30] 
[2026-04-29 19:03:30] ==========================================================
[2026-04-29 19:03:55] [Epoch 416/500] | Train Loss: 0.0431  |   Time    : 0m 24s
[2026-04-29 19:04:20] [Epoch 417/500] | Train Loss: 0.0447  |   Time    : 0m 25s
[2026-04-29 19:04:46] [Epoch 418/500] | Train Loss: 0.0445  |   Time    : 0m 25s
[2026-04-29 19:05:11] [Epoch 419/500] | Train Loss: 0.0418  |   Time    : 0m 24s
[2026-04-29 19:05:36] ----------------------------------------------------------
[2026-04-29 19:05:36] [Epoch 420/500] | Train Loss: 0.0430  |   Time    : 0m 25s
[2026-04-29 19:05:36]   Lr : 0.000300 |  Val Loss: 0.0264   | Val Dice  : 0.8329
[2026-04-29 19:05:36] ==========================================================
[2026-04-29 19:05:37] [WARN] No improvement. Patience: 4/50
[2026-04-29 19:05:37] 
[2026-04-29 19:05:37] ==========================================================
[2026-04-29 19:06:01] [Epoch 421/500] | Train Loss: 0.0429  |   Time    : 0m 24s
[2026-04-29 19:06:28] [Epoch 422/500] | Train Loss: 0.0435  |   Time    : 0m 26s
[2026-04-29 19:06:53] [Epoch 423/500] | Train Loss: 0.0465  |   Time    : 0m 25s
[2026-04-29 19:07:19] [Epoch 424/500] | Train Loss: 0.0445  |   Time    : 0m 25s
[2026-04-29 19:07:45] ----------------------------------------------------------
[2026-04-29 19:07:45] [Epoch 425/500] | Train Loss: 0.0444  |   Time    : 0m 25s
[2026-04-29 19:07:45]   Lr : 0.000300 |  Val Loss: 0.0280   | Val Dice  : 0.8246
[2026-04-29 19:07:45] ==========================================================
[2026-04-29 19:07:45] [WARN] No improvement. Patience: 5/50
[2026-04-29 19:07:45] 
[2026-04-29 19:07:45] ==========================================================
[2026-04-29 19:08:10] [Epoch 426/500] | Train Loss: 0.0443  |   Time    : 0m 24s
[2026-04-29 19:08:36] [Epoch 427/500] | Train Loss: 0.0429  |   Time    : 0m 26s
[2026-04-29 19:09:01] [Epoch 428/500] | Train Loss: 0.0425  |   Time    : 0m 25s
[2026-04-29 19:09:27] [Epoch 429/500] | Train Loss: 0.0438  |   Time    : 0m 25s
[2026-04-29 19:09:53] ----------------------------------------------------------
[2026-04-29 19:09:53] [Epoch 430/500] | Train Loss: 0.0437  |   Time    : 0m 25s
[2026-04-29 19:09:53]   Lr : 0.000300 |  Val Loss: 0.0262   | Val Dice  : 0.8358
[2026-04-29 19:09:53] ==========================================================
[2026-04-29 19:09:53] [WARN] No improvement. Patience: 6/50
[2026-04-29 19:09:53] 
[2026-04-29 19:09:53] ==========================================================
[2026-04-29 19:10:18] [Epoch 431/500] | Train Loss: 0.0445  |   Time    : 0m 25s
[2026-04-29 19:10:43] [Epoch 432/500] | Train Loss: 0.0432  |   Time    : 0m 24s
[2026-04-29 19:11:09] [Epoch 433/500] | Train Loss: 0.0444  |   Time    : 0m 26s
[2026-04-29 19:11:36] [Epoch 434/500] | Train Loss: 0.0448  |   Time    : 0m 26s
[2026-04-29 19:12:02] ----------------------------------------------------------
[2026-04-29 19:12:02] [Epoch 435/500] | Train Loss: 0.0451  |   Time    : 0m 26s
[2026-04-29 19:12:02]   Lr : 0.000300 |  Val Loss: 0.0262   | Val Dice  : 0.8351
[2026-04-29 19:12:02] ==========================================================
[2026-04-29 19:12:02] [WARN] No improvement. Patience: 7/50
[2026-04-29 19:12:02] 
[2026-04-29 19:12:02] ==========================================================
[2026-04-29 19:12:26] [Epoch 436/500] | Train Loss: 0.0435  |   Time    : 0m 24s
[2026-04-29 19:12:51] [Epoch 437/500] | Train Loss: 0.0433  |   Time    : 0m 24s
[2026-04-29 19:13:16] [Epoch 438/500] | Train Loss: 0.0428  |   Time    : 0m 24s
[2026-04-29 19:13:41] [Epoch 439/500] | Train Loss: 0.0449  |   Time    : 0m 24s
[2026-04-29 19:14:09] ----------------------------------------------------------
[2026-04-29 19:14:09] [Epoch 440/500] | Train Loss: 0.0449  |   Time    : 0m 27s
[2026-04-29 19:14:09]   Lr : 0.000300 |  Val Loss: 0.0267   | Val Dice  : 0.8290
[2026-04-29 19:14:09] ==========================================================
[2026-04-29 19:14:09] [WARN] No improvement. Patience: 8/50
[2026-04-29 19:14:09] 
[2026-04-29 19:14:09] ==========================================================
[2026-04-29 19:14:35] [Epoch 441/500] | Train Loss: 0.0442  |   Time    : 0m 26s
[2026-04-29 19:15:00] [Epoch 442/500] | Train Loss: 0.0437  |   Time    : 0m 24s
[2026-04-29 19:15:25] [Epoch 443/500] | Train Loss: 0.0429  |   Time    : 0m 25s
[2026-04-29 19:15:52] [Epoch 444/500] | Train Loss: 0.0459  |   Time    : 0m 27s
[2026-04-29 19:16:18] ----------------------------------------------------------
[2026-04-29 19:16:18] [Epoch 445/500] | Train Loss: 0.0424  |   Time    : 0m 26s
[2026-04-29 19:16:18]   Lr : 0.000300 |  Val Loss: 0.0260   | Val Dice  : 0.8359
[2026-04-29 19:16:18] ==========================================================
[2026-04-29 19:16:18] [WARN] No improvement. Patience: 9/50
[2026-04-29 19:16:18] 
[2026-04-29 19:16:18] ==========================================================
[2026-04-29 19:16:42] [Epoch 446/500] | Train Loss: 0.0435  |   Time    : 0m 24s
[2026-04-29 19:17:07] [Epoch 447/500] | Train Loss: 0.0448  |   Time    : 0m 24s
[2026-04-29 19:17:32] [Epoch 448/500] | Train Loss: 0.0433  |   Time    : 0m 25s
[2026-04-29 19:17:57] [Epoch 449/500] | Train Loss: 0.0417  |   Time    : 0m 24s
[2026-04-29 19:18:23] ----------------------------------------------------------
[2026-04-29 19:18:23] [Epoch 450/500] | Train Loss: 0.0428  |   Time    : 0m 25s
[2026-04-29 19:18:23]   Lr : 0.000300 |  Val Loss: 0.0258   | Val Dice  : 0.8381
[2026-04-29 19:18:23] ==========================================================
[2026-04-29 19:18:23] [WARN] No improvement. Patience: 10/50
[2026-04-29 19:18:23] 
[2026-04-29 19:18:23] ==========================================================
[2026-04-29 19:18:47] [Epoch 451/500] | Train Loss: 0.0448  |   Time    : 0m 24s
[2026-04-29 19:19:13] [Epoch 452/500] | Train Loss: 0.0423  |   Time    : 0m 25s
[2026-04-29 19:19:37] [Epoch 453/500] | Train Loss: 0.0428  |   Time    : 0m 24s
[2026-04-29 19:20:03] [Epoch 454/500] | Train Loss: 0.0440  |   Time    : 0m 26s
[2026-04-29 19:20:30] ----------------------------------------------------------
[2026-04-29 19:20:30] [Epoch 455/500] | Train Loss: 0.0435  |   Time    : 0m 27s
[2026-04-29 19:20:30]   Lr : 0.000300 |  Val Loss: 0.0262   | Val Dice  : 0.8343
[2026-04-29 19:20:30] ==========================================================
[2026-04-29 19:20:30] [WARN] No improvement. Patience: 11/50
[2026-04-29 19:20:30] 
[2026-04-29 19:20:30] ==========================================================
[2026-04-29 19:20:55] [Epoch 456/500] | Train Loss: 0.0446  |   Time    : 0m 24s
[2026-04-29 19:21:22] [Epoch 457/500] | Train Loss: 0.0446  |   Time    : 0m 26s
[2026-04-29 19:21:46] [Epoch 458/500] | Train Loss: 0.0436  |   Time    : 0m 24s
[2026-04-29 19:22:12] [Epoch 459/500] | Train Loss: 0.0444  |   Time    : 0m 25s
[2026-04-29 19:22:38] ----------------------------------------------------------
[2026-04-29 19:22:38] [Epoch 460/500] | Train Loss: 0.0423  |   Time    : 0m 25s
[2026-04-29 19:22:38]   Lr : 0.000300 |  Val Loss: 0.0274   | Val Dice  : 0.8260
[2026-04-29 19:22:38] ==========================================================
[2026-04-29 19:22:38] [WARN] No improvement. Patience: 12/50
[2026-04-29 19:22:38] 
[2026-04-29 19:22:38] ==========================================================
[2026-04-29 19:23:03] [Epoch 461/500] | Train Loss: 0.0448  |   Time    : 0m 25s
[2026-04-29 19:23:30] [Epoch 462/500] | Train Loss: 0.0434  |   Time    : 0m 26s
[2026-04-29 19:23:55] [Epoch 463/500] | Train Loss: 0.0432  |   Time    : 0m 25s
[2026-04-29 19:24:22] [Epoch 464/500] | Train Loss: 0.0427  |   Time    : 0m 26s
[2026-04-29 19:24:47] ----------------------------------------------------------
[2026-04-29 19:24:47] [Epoch 465/500] | Train Loss: 0.0433  |   Time    : 0m 25s
[2026-04-29 19:24:47]   Lr : 0.000300 |  Val Loss: 0.0264   | Val Dice  : 0.8337
[2026-04-29 19:24:47] ==========================================================
[2026-04-29 19:24:47] [WARN] No improvement. Patience: 13/50
[2026-04-29 19:24:47] 
[2026-04-29 19:24:47] ==========================================================
[2026-04-29 19:25:12] [Epoch 466/500] | Train Loss: 0.0439  |   Time    : 0m 24s
[2026-04-29 19:25:38] [Epoch 467/500] | Train Loss: 0.0438  |   Time    : 0m 26s
[2026-04-29 19:26:03] [Epoch 468/500] | Train Loss: 0.0427  |   Time    : 0m 25s
[2026-04-29 19:26:29] [Epoch 469/500] | Train Loss: 0.0451  |   Time    : 0m 25s
[2026-04-29 19:26:55] ----------------------------------------------------------
[2026-04-29 19:26:55] [Epoch 470/500] | Train Loss: 0.0426  |   Time    : 0m 25s
[2026-04-29 19:26:55]   Lr : 0.000300 |  Val Loss: 0.0256   | Val Dice  : 0.8386
[2026-04-29 19:26:55] ==========================================================
[2026-04-29 19:26:55] [WARN] No improvement. Patience: 14/50
[2026-04-29 19:26:55] 
[2026-04-29 19:26:55] ==========================================================
[2026-04-29 19:27:21] [Epoch 471/500] | Train Loss: 0.0415  |   Time    : 0m 25s
[2026-04-29 19:27:47] [Epoch 472/500] | Train Loss: 0.0470  |   Time    : 0m 26s
[2026-04-29 19:28:13] [Epoch 473/500] | Train Loss: 0.0431  |   Time    : 0m 26s
[2026-04-29 19:28:39] [Epoch 474/500] | Train Loss: 0.0435  |   Time    : 0m 25s
[2026-04-29 19:29:04] ----------------------------------------------------------
[2026-04-29 19:29:04] [Epoch 475/500] | Train Loss: 0.0423  |   Time    : 0m 24s
[2026-04-29 19:29:04]   Lr : 0.000300 |  Val Loss: 0.0255   | Val Dice  : 0.8384
[2026-04-29 19:29:04] ==========================================================
[2026-04-29 19:29:04] [WARN] No improvement. Patience: 15/50
[2026-04-29 19:29:04] 
[2026-04-29 19:29:04] ==========================================================
[2026-04-29 19:29:27] [Epoch 476/500] | Train Loss: 0.0438  |   Time    : 0m 23s
[2026-04-29 19:29:53] [Epoch 477/500] | Train Loss: 0.0438  |   Time    : 0m 25s
[2026-04-29 19:30:18] [Epoch 478/500] | Train Loss: 0.0421  |   Time    : 0m 25s
[2026-04-29 19:30:43] [Epoch 479/500] | Train Loss: 0.0439  |   Time    : 0m 24s
[2026-04-29 19:31:08] ----------------------------------------------------------
[2026-04-29 19:31:08] [Epoch 480/500] | Train Loss: 0.0439  |   Time    : 0m 25s
[2026-04-29 19:31:08]   Lr : 0.000240 |  Val Loss: 0.0271   | Val Dice  : 0.8286
[2026-04-29 19:31:08] ==========================================================
[2026-04-29 19:31:08] [WARN] No improvement. Patience: 16/50
[2026-04-29 19:31:08] 
[2026-04-29 19:31:08] ==========================================================
[2026-04-29 19:31:34] [Epoch 481/500] | Train Loss: 0.0432  |   Time    : 0m 25s
[2026-04-29 19:31:59] [Epoch 482/500] | Train Loss: 0.0432  |   Time    : 0m 25s
[2026-04-29 19:32:23] [Epoch 483/500] | Train Loss: 0.0423  |   Time    : 0m 23s
[2026-04-29 19:32:48] [Epoch 484/500] | Train Loss: 0.0418  |   Time    : 0m 25s
[2026-04-29 19:33:16] ----------------------------------------------------------
[2026-04-29 19:33:16] [Epoch 485/500] | Train Loss: 0.0407  |   Time    : 0m 27s
[2026-04-29 19:33:16]   Lr : 0.000240 |  Val Loss: 0.0257   | Val Dice  : 0.8395
[2026-04-29 19:33:16] ==========================================================
[2026-04-29 19:33:16] [SAVE] New best record ： 83.95% ! Model saved!
[2026-04-29 19:33:16] 
[2026-04-29 19:33:16] ==========================================================
[2026-04-29 19:33:42] [Epoch 486/500] | Train Loss: 0.0430  |   Time    : 0m 25s
[2026-04-29 19:34:06] [Epoch 487/500] | Train Loss: 0.0432  |   Time    : 0m 24s
[2026-04-29 19:34:29] [Epoch 488/500] | Train Loss: 0.0424  |   Time    : 0m 23s
[2026-04-29 19:34:54] [Epoch 489/500] | Train Loss: 0.0420  |   Time    : 0m 24s
[2026-04-29 19:35:20] ----------------------------------------------------------
[2026-04-29 19:35:20] [Epoch 490/500] | Train Loss: 0.0432  |   Time    : 0m 26s
[2026-04-29 19:35:20]   Lr : 0.000240 |  Val Loss: 0.0265   | Val Dice  : 0.8322
[2026-04-29 19:35:20] ==========================================================
[2026-04-29 19:35:20] [WARN] No improvement. Patience: 1/50
[2026-04-29 19:35:20] 
[2026-04-29 19:35:20] ==========================================================
[2026-04-29 19:35:47] [Epoch 491/500] | Train Loss: 0.0419  |   Time    : 0m 26s
[2026-04-29 19:36:11] [Epoch 492/500] | Train Loss: 0.0407  |   Time    : 0m 24s
[2026-04-29 19:36:36] [Epoch 493/500] | Train Loss: 0.0417  |   Time    : 0m 24s
[2026-04-29 19:37:00] [Epoch 494/500] | Train Loss: 0.0426  |   Time    : 0m 24s
[2026-04-29 19:37:27] ----------------------------------------------------------
[2026-04-29 19:37:27] [Epoch 495/500] | Train Loss: 0.0434  |   Time    : 0m 26s
[2026-04-29 19:37:27]   Lr : 0.000240 |  Val Loss: 0.0255   | Val Dice  : 0.8395
[2026-04-29 19:37:27] ==========================================================
[2026-04-29 19:37:27] [WARN] No improvement. Patience: 2/50
[2026-04-29 19:37:27] 
[2026-04-29 19:37:27] ==========================================================
[2026-04-29 19:37:53] [Epoch 496/500] | Train Loss: 0.0438  |   Time    : 0m 25s
[2026-04-29 19:38:20] [Epoch 497/500] | Train Loss: 0.0431  |   Time    : 0m 27s
[2026-04-29 19:38:45] [Epoch 498/500] | Train Loss: 0.0421  |   Time    : 0m 25s
[2026-04-29 19:39:09] [Epoch 499/500] | Train Loss: 0.0438  |   Time    : 0m 23s
[2026-04-29 19:39:36] ----------------------------------------------------------
[2026-04-29 19:39:36] [Epoch 500/500] | Train Loss: 0.0435  |   Time    : 0m 26s
[2026-04-29 19:39:36]   Lr : 0.000240 |  Val Loss: 0.0256   | Val Dice  : 0.8371
[2026-04-29 19:39:36] ==========================================================
[2026-04-29 19:39:36] [WARN] No improvement. Patience: 3/50
[2026-04-29 19:39:36] 
[2026-04-29 19:39:36] ==========================================================
